[17:52:27] Using the in-memory credential store as the operating system's credential store could not be accessed. Please see https://aka.ms/vscode-server-keyring on how to set this up. Details: Cannot find module '../build/Release/keytar.node'
Require stack:
- /cvmart-ide/vscode/vscode/lib/vscode/node_modules/keytar/lib/keytar.js
- /cvmart-ide/vscode/vscode/lib/vscode/out/bootstrap-amd.js
- /cvmart-ide/vscode/vscode/out/node/util.js
- /cvmart-ide/vscode/vscode/out/node/cli.js
- /cvmart-ide/vscode/vscode/out/node/entry.js
[2023-03-15T09:54:30.120Z] error Failed to get latest version [38;2;140;140;140m{"error":"connect ETIMEDOUT 20.205.243.168:443"}[0m
[23:13:38] [127.0.0.1][765990b7][ExtensionHostConnection] Unknown reconnection token (never seen).
[23:15:16] [127.0.0.1][6a153fca][ManagementConnection] Unknown reconnection token (never seen).
[23:16:21] Using the in-memory credential store as the operating system's credential store could not be accessed. Please see https://aka.ms/vscode-server-keyring on how to set this up. Details: Cannot find module '../build/Release/keytar.node'
Require stack:
- /cvmart-ide/vscode/vscode/lib/vscode/node_modules/keytar/lib/keytar.js
- /cvmart-ide/vscode/vscode/lib/vscode/out/bootstrap-amd.js
- /cvmart-ide/vscode/vscode/out/node/util.js
- /cvmart-ide/vscode/vscode/out/node/cli.js
- /cvmart-ide/vscode/vscode/out/node/entry.js
[2023-03-15T15:17:15.529Z] error Failed to get latest version [38;2;140;140;140m{"error":"connect ETIMEDOUT 20.205.243.168:443"}[0m
[23:35:47] RequestStore#acceptReply was called without receiving a matching request 18
[23:35:47] RequestStore#acceptReply was called without receiving a matching request 19
[23:35:47] RequestStore#acceptReply was called without receiving a matching request 20
[23:35:48] RequestStore#acceptReply was called without receiving a matching request 21
[23:35:48] RequestStore#acceptReply was called without receiving a matching request 22
[23:35:48] RequestStore#acceptReply was called without receiving a matching request 23
[23:35:53] RequestStore#acceptReply was called without receiving a matching request 24
[23:35:53] RequestStore#acceptReply was called without receiving a matching request 25
[23:35:53] RequestStore#acceptReply was called without receiving a matching request 26
[23:35:53] RequestStore#acceptReply was called without receiving a matching request 27
[23:35:53] RequestStore#acceptReply was called without receiving a matching request 28
[23:35:53] RequestStore#acceptReply was called without receiving a matching request 29
[23:35:53] RequestStore#acceptReply was called without receiving a matching request 30
[23:35:53] RequestStore#acceptReply was called without receiving a matching request 31
[23:35:53] RequestStore#acceptReply was called without receiving a matching request 32
[23:35:53] RequestStore#acceptReply was called without receiving a matching request 33
[23:35:53] RequestStore#acceptReply was called without receiving a matching request 34
[23:35:53] RequestStore#acceptReply was called without receiving a matching request 35
[23:35:53] RequestStore#acceptReply was called without receiving a matching request 36
[23:35:53] RequestStore#acceptReply was called without receiving a matching request 37
[23:35:53] RequestStore#acceptReply was called without receiving a matching request 38
[23:35:58] RequestStore#acceptReply was called without receiving a matching request 39
[23:35:58] RequestStore#acceptReply was called without receiving a matching request 40
[23:35:58] RequestStore#acceptReply was called without receiving a matching request 41
[23:36:27] RequestStore#acceptReply was called without receiving a matching request 42
[23:36:27] RequestStore#acceptReply was called without receiving a matching request 43
[23:36:27] RequestStore#acceptReply was called without receiving a matching request 44
[23:36:27] RequestStore#acceptReply was called without receiving a matching request 45
[23:36:27] RequestStore#acceptReply was called without receiving a matching request 46
[23:36:27] RequestStore#acceptReply was called without receiving a matching request 47
[23:36:27] RequestStore#acceptReply was called without receiving a matching request 48
[23:36:27] RequestStore#acceptReply was called without receiving a matching request 49
[2023-03-15T15:37:48.901Z] error Failed to get latest version [38;2;140;140;140m{"error":"connect ETIMEDOUT 20.205.243.168:443"}[0m
[23:54:44] RequestStore#acceptReply was called without receiving a matching request 50
[23:54:44] RequestStore#acceptReply was called without receiving a matching request 51
[23:54:44] RequestStore#acceptReply was called without receiving a matching request 50
[23:54:44] RequestStore#acceptReply was called without receiving a matching request 51
[23:54:44] RequestStore#acceptReply was called without receiving a matching request 52
[23:54:44] RequestStore#acceptReply was called without receiving a matching request 53
[23:54:45] RequestStore#acceptReply was called without receiving a matching request 52
[23:54:45] RequestStore#acceptReply was called without receiving a matching request 53
[23:54:45] RequestStore#acceptReply was called without receiving a matching request 54
[23:54:45] RequestStore#acceptReply was called without receiving a matching request 55
[23:54:45] RequestStore#acceptReply was called without receiving a matching request 56
[23:54:45] RequestStore#acceptReply was called without receiving a matching request 54
[23:54:45] RequestStore#acceptReply was called without receiving a matching request 55
[23:54:45] RequestStore#acceptReply was called without receiving a matching request 56
[23:54:45] RequestStore#acceptReply was called without receiving a matching request 57
[23:54:46] RequestStore#acceptReply was called without receiving a matching request 58
[23:54:46] RequestStore#acceptReply was called without receiving a matching request 59
[23:54:46] RequestStore#acceptReply was called without receiving a matching request 57
[23:54:46] RequestStore#acceptReply was called without receiving a matching request 58
[23:54:46] RequestStore#acceptReply was called without receiving a matching request 59
[23:54:46] RequestStore#acceptReply was called without receiving a matching request 60
[23:54:46] RequestStore#acceptReply was called without receiving a matching request 61
[23:54:46] RequestStore#acceptReply was called without receiving a matching request 62
[23:54:46] RequestStore#acceptReply was called without receiving a matching request 60
[23:54:46] RequestStore#acceptReply was called without receiving a matching request 61
[23:54:46] RequestStore#acceptReply was called without receiving a matching request 62
[23:54:46] RequestStore#acceptReply was called without receiving a matching request 63
[23:54:47] RequestStore#acceptReply was called without receiving a matching request 64
[23:54:47] RequestStore#acceptReply was called without receiving a matching request 65
[23:54:47] RequestStore#acceptReply was called without receiving a matching request 66
[23:54:47] RequestStore#acceptReply was called without receiving a matching request 63
[23:54:47] RequestStore#acceptReply was called without receiving a matching request 64
[23:54:47] RequestStore#acceptReply was called without receiving a matching request 65
[23:54:47] RequestStore#acceptReply was called without receiving a matching request 66
[23:54:47] RequestStore#acceptReply was called without receiving a matching request 67
[23:54:47] RequestStore#acceptReply was called without receiving a matching request 68
[23:54:47] RequestStore#acceptReply was called without receiving a matching request 69
[23:54:47] RequestStore#acceptReply was called without receiving a matching request 70
[23:54:47] RequestStore#acceptReply was called without receiving a matching request 71
[23:54:47] RequestStore#acceptReply was called without receiving a matching request 72
[23:54:47] RequestStore#acceptReply was called without receiving a matching request 73
[23:54:47] RequestStore#acceptReply was called without receiving a matching request 74
[23:54:47] RequestStore#acceptReply was called without receiving a matching request 75
[23:54:47] RequestStore#acceptReply was called without receiving a matching request 76
[23:54:48] RequestStore#acceptReply was called without receiving a matching request 67
[23:54:48] RequestStore#acceptReply was called without receiving a matching request 68
[23:54:48] RequestStore#acceptReply was called without receiving a matching request 69
[23:54:48] RequestStore#acceptReply was called without receiving a matching request 70
[23:54:48] RequestStore#acceptReply was called without receiving a matching request 71
[23:54:48] RequestStore#acceptReply was called without receiving a matching request 72
[23:54:48] RequestStore#acceptReply was called without receiving a matching request 73
[23:54:48] RequestStore#acceptReply was called without receiving a matching request 74
[23:54:48] RequestStore#acceptReply was called without receiving a matching request 75
[23:54:48] RequestStore#acceptReply was called without receiving a matching request 76
[23:54:48] RequestStore#acceptReply was called without receiving a matching request 77
[23:54:48] RequestStore#acceptReply was called without receiving a matching request 78
[23:54:49] RequestStore#acceptReply was called without receiving a matching request 77
[23:54:49] RequestStore#acceptReply was called without receiving a matching request 78
[23:54:49] RequestStore#acceptReply was called without receiving a matching request 79
[23:54:49] RequestStore#acceptReply was called without receiving a matching request 79
[23:54:51] RequestStore#acceptReply was called without receiving a matching request 80
[23:54:51] RequestStore#acceptReply was called without receiving a matching request 81
[23:54:51] RequestStore#acceptReply was called without receiving a matching request 80
[23:54:51] RequestStore#acceptReply was called without receiving a matching request 81
[23:54:51] RequestStore#acceptReply was called without receiving a matching request 82
[23:54:52] RequestStore#acceptReply was called without receiving a matching request 82
[23:54:52] RequestStore#acceptReply was called without receiving a matching request 83
[23:54:52] RequestStore#acceptReply was called without receiving a matching request 84
[23:54:52] RequestStore#acceptReply was called without receiving a matching request 83
[23:54:52] RequestStore#acceptReply was called without receiving a matching request 84
[23:54:53] RequestStore#acceptReply was called without receiving a matching request 85
[23:54:53] RequestStore#acceptReply was called without receiving a matching request 86
[23:54:53] RequestStore#acceptReply was called without receiving a matching request 87
[23:54:53] RequestStore#acceptReply was called without receiving a matching request 88
[23:54:53] RequestStore#acceptReply was called without receiving a matching request 85
[23:54:53] RequestStore#acceptReply was called without receiving a matching request 86
[23:54:53] RequestStore#acceptReply was called without receiving a matching request 87
[23:54:53] RequestStore#acceptReply was called without receiving a matching request 88
[23:54:53] RequestStore#acceptReply was called without receiving a matching request 89
[23:54:53] RequestStore#acceptReply was called without receiving a matching request 89
[2023-03-15T15:56:46.565Z] error Failed to get latest version [38;2;140;140;140m{"error":"connect ETIMEDOUT 20.205.243.168:443"}[0m
[07:14:30] [127.0.0.1][7c4233cb][ExtensionHostConnection] Unknown reconnection token (never seen).
[07:14:31] [127.0.0.1][a881e169][ManagementConnection] Unknown reconnection token (never seen).
[07:17:14] [127.0.0.1][41e05874][ManagementConnection] Unknown reconnection token (never seen).
[07:21:26] Using the in-memory credential store as the operating system's credential store could not be accessed. Please see https://aka.ms/vscode-server-keyring on how to set this up. Details: Cannot find module '../build/Release/keytar.node'
Require stack:
- /cvmart-ide/vscode/vscode/lib/vscode/node_modules/keytar/lib/keytar.js
- /cvmart-ide/vscode/vscode/lib/vscode/out/bootstrap-amd.js
- /cvmart-ide/vscode/vscode/out/node/util.js
- /cvmart-ide/vscode/vscode/out/node/cli.js
- /cvmart-ide/vscode/vscode/out/node/entry.js
[2023-03-15T23:23:21.313Z] error Failed to get latest version [38;2;140;140;140m{"error":"connect ETIMEDOUT 20.205.243.168:443"}[0m
[2023-03-15T23:55:41.147Z] error Failed to get latest version [38;2;140;140;140m{"error":"connect ETIMEDOUT 20.205.243.168:443"}[0m
[08:44:42] RequestStore#acceptReply was called without receiving a matching request 69
[08:44:42] RequestStore#acceptReply was called without receiving a matching request 70
[08:44:42] RequestStore#acceptReply was called without receiving a matching request 71
[08:44:42] RequestStore#acceptReply was called without receiving a matching request 72
[08:44:42] RequestStore#acceptReply was called without receiving a matching request 73
[08:44:42] RequestStore#acceptReply was called without receiving a matching request 74
[08:44:42] RequestStore#acceptReply was called without receiving a matching request 75
[08:44:42] RequestStore#acceptReply was called without receiving a matching request 76
[08:44:42] RequestStore#acceptReply was called without receiving a matching request 77
[08:44:42] RequestStore#acceptReply was called without receiving a matching request 78
[08:44:42] RequestStore#acceptReply was called without receiving a matching request 79
[08:44:43] RequestStore#acceptReply was called without receiving a matching request 80
[08:44:43] RequestStore#acceptReply was called without receiving a matching request 81
[08:44:43] RequestStore#acceptReply was called without receiving a matching request 82
[08:44:43] RequestStore#acceptReply was called without receiving a matching request 83
[08:44:43] RequestStore#acceptReply was called without receiving a matching request 84
[08:44:43] RequestStore#acceptReply was called without receiving a matching request 85
[08:45:02] RequestStore#acceptReply was called without receiving a matching request 86
[08:45:02] RequestStore#acceptReply was called without receiving a matching request 87
[08:45:03] RequestStore#acceptReply was called without receiving a matching request 88
[08:45:03] RequestStore#acceptReply was called without receiving a matching request 89
[08:45:03] RequestStore#acceptReply was called without receiving a matching request 90
[08:45:03] RequestStore#acceptReply was called without receiving a matching request 91
[08:45:03] RequestStore#acceptReply was called without receiving a matching request 92
[2023-03-16T00:46:45.606Z] error Failed to get latest version [38;2;140;140;140m{"error":"connect ETIMEDOUT 20.205.243.168:443"}[0m
[12:27:44] Using the in-memory credential store as the operating system's credential store could not be accessed. Please see https://aka.ms/vscode-server-keyring on how to set this up. Details: Cannot find module '../build/Release/keytar.node'
Require stack:
- /cvmart-ide/vscode/vscode/lib/vscode/node_modules/keytar/lib/keytar.js
- /cvmart-ide/vscode/vscode/lib/vscode/out/bootstrap-amd.js
- /cvmart-ide/vscode/vscode/out/node/util.js
- /cvmart-ide/vscode/vscode/out/node/cli.js
- /cvmart-ide/vscode/vscode/out/node/entry.js
[2023-03-16T04:29:46.713Z] error Failed to get latest version [38;2;140;140;140m{"error":"connect ETIMEDOUT 20.205.243.168:443"}[0m
[22:45:39] Using the in-memory credential store as the operating system's credential store could not be accessed. Please see https://aka.ms/vscode-server-keyring on how to set this up. Details: Cannot find module '../build/Release/keytar.node'
Require stack:
- /cvmart-ide/vscode/vscode/lib/vscode/node_modules/keytar/lib/keytar.js
- /cvmart-ide/vscode/vscode/lib/vscode/out/bootstrap-amd.js
- /cvmart-ide/vscode/vscode/out/node/util.js
- /cvmart-ide/vscode/vscode/out/node/cli.js
- /cvmart-ide/vscode/vscode/out/node/entry.js
[2023-03-16T14:47:29.958Z] error Failed to get latest version [38;2;140;140;140m{"error":"connect ETIMEDOUT 20.205.243.168:443"}[0m
[20:23:47] Using the in-memory credential store as the operating system's credential store could not be accessed. Please see https://aka.ms/vscode-server-keyring on how to set this up. Details: Cannot find module '../build/Release/keytar.node'
Require stack:
- /cvmart-ide/vscode/vscode/lib/vscode/node_modules/keytar/lib/keytar.js
- /cvmart-ide/vscode/vscode/lib/vscode/out/bootstrap-amd.js
- /cvmart-ide/vscode/vscode/out/node/util.js
- /cvmart-ide/vscode/vscode/out/node/cli.js
- /cvmart-ide/vscode/vscode/out/node/entry.js
File not found: /cvmart-ide/vscode/vscode/lib/vscode/node_modules/vscode-regexp-languagedetection/dist/index.js
[2023-03-17T12:25:48.392Z] error Failed to get latest version [38;2;140;140;140m{"error":"connect ETIMEDOUT 20.205.243.168:443"}[0m
[2023-03-17T12:28:27.110Z] error Failed to get latest version [38;2;140;140;140m{"error":"connect ETIMEDOUT 20.205.243.168:443"}[0m
[20:29:09] RequestStore#acceptReply was called without receiving a matching request 9
[20:29:09] RequestStore#acceptReply was called without receiving a matching request 10
[20:29:09] RequestStore#acceptReply was called without receiving a matching request 11
[20:29:09] RequestStore#acceptReply was called without receiving a matching request 12
[20:29:09] RequestStore#acceptReply was called without receiving a matching request 13
[20:29:09] RequestStore#acceptReply was called without receiving a matching request 14
[20:29:09] RequestStore#acceptReply was called without receiving a matching request 15
[20:29:09] RequestStore#acceptReply was called without receiving a matching request 16
[20:29:09] RequestStore#acceptReply was called without receiving a matching request 17
[20:29:09] RequestStore#acceptReply was called without receiving a matching request 18
[20:29:09] RequestStore#acceptReply was called without receiving a matching request 19
[20:29:09] RequestStore#acceptReply was called without receiving a matching request 20
[20:29:09] RequestStore#acceptReply was called without receiving a matching request 21
[20:29:09] RequestStore#acceptReply was called without receiving a matching request 22
[20:29:09] RequestStore#acceptReply was called without receiving a matching request 23
[20:29:09] RequestStore#acceptReply was called without receiving a matching request 24
[2023-03-17T12:30:50.598Z] error Failed to get latest version [38;2;140;140;140m{"error":"connect ETIMEDOUT 20.205.243.168:443"}[0m
[2023-03-17T13:01:23.500Z] error Failed to get latest version [38;2;140;140;140m{"error":"connect ETIMEDOUT 20.205.243.168:443"}[0m
[22:48:58] No ptyHost heartbeat after 6 seconds
[23:32:05] No ptyHost heartbeat after 6 seconds
[23:32:43] No ptyHost heartbeat after 6 seconds
[08:26:25] Using the in-memory credential store as the operating system's credential store could not be accessed. Please see https://aka.ms/vscode-server-keyring on how to set this up. Details: Cannot find module '../build/Release/keytar.node'
Require stack:
- /cvmart-ide/vscode/vscode/lib/vscode/node_modules/keytar/lib/keytar.js
- /cvmart-ide/vscode/vscode/lib/vscode/out/bootstrap-amd.js
- /cvmart-ide/vscode/vscode/out/node/util.js
- /cvmart-ide/vscode/vscode/out/node/cli.js
- /cvmart-ide/vscode/vscode/out/node/entry.js
[2023-03-18T00:28:01.524Z] error Failed to get latest version [38;2;140;140;140m{"error":"connect ETIMEDOUT 20.205.243.168:443"}[0m
[09:08:20] [127.0.0.1][1e2bc6e5][ManagementConnection] Unknown reconnection token (never seen).
[09:08:20] [127.0.0.1][d47e813a][ExtensionHostConnection] Unknown reconnection token (never seen).
[2023-03-18T01:57:30.318Z] error Failed to get latest version [38;2;140;140;140m{"error":"connect ETIMEDOUT 20.205.243.168:443"}[0m
[09:57:48] RequestStore#acceptReply was called without receiving a matching request 67
[09:57:49] RequestStore#acceptReply was called without receiving a matching request 68
[09:57:49] RequestStore#acceptReply was called without receiving a matching request 69
[09:57:49] RequestStore#acceptReply was called without receiving a matching request 70
[09:57:49] RequestStore#acceptReply was called without receiving a matching request 71
[09:57:49] RequestStore#acceptReply was called without receiving a matching request 72
[09:57:49] RequestStore#acceptReply was called without receiving a matching request 73
[09:57:49] RequestStore#acceptReply was called without receiving a matching request 74
[09:57:49] RequestStore#acceptReply was called without receiving a matching request 75
[09:57:49] RequestStore#acceptReply was called without receiving a matching request 76
[09:57:51] RequestStore#acceptReply was called without receiving a matching request 77
[09:57:51] RequestStore#acceptReply was called without receiving a matching request 78
[09:57:51] RequestStore#acceptReply was called without receiving a matching request 79
[09:57:51] RequestStore#acceptReply was called without receiving a matching request 80
[09:57:51] RequestStore#acceptReply was called without receiving a matching request 81
[09:57:51] RequestStore#acceptReply was called without receiving a matching request 82
[09:57:51] RequestStore#acceptReply was called without receiving a matching request 83
[09:57:51] RequestStore#acceptReply was called without receiving a matching request 84
[09:57:52] RequestStore#acceptReply was called without receiving a matching request 85
[09:57:52] RequestStore#acceptReply was called without receiving a matching request 86
[09:57:52] RequestStore#acceptReply was called without receiving a matching request 87
[09:57:52] RequestStore#acceptReply was called without receiving a matching request 88
[09:57:53] RequestStore#acceptReply was called without receiving a matching request 89
[09:57:53] RequestStore#acceptReply was called without receiving a matching request 90
[2023-03-18T01:59:53.677Z] error Failed to get latest version [38;2;140;140;140m{"error":"connect ETIMEDOUT 20.205.243.168:443"}[0m
[10:24:26] RequestStore#acceptReply was called without receiving a matching request 91
[10:24:26] RequestStore#acceptReply was called without receiving a matching request 92
[10:24:26] RequestStore#acceptReply was called without receiving a matching request 93
[10:24:27] RequestStore#acceptReply was called without receiving a matching request 94
[10:24:27] RequestStore#acceptReply was called without receiving a matching request 95
[10:24:28] RequestStore#acceptReply was called without receiving a matching request 96
[10:24:28] RequestStore#acceptReply was called without receiving a matching request 97
[10:24:28] RequestStore#acceptReply was called without receiving a matching request 98
[2023-03-18T02:28:21.657Z] error Failed to get latest version [38;2;140;140;140m{"error":"connect ETIMEDOUT 20.205.243.168:443"}[0m
[13:10:44] [File Watcher (parcel)] Inotify limit reached (ENOSPC) (path: /project)
[13:11:02] RequestStore#acceptReply was called without receiving a matching request 155
[13:11:02] RequestStore#acceptReply was called without receiving a matching request 156
[13:11:02] RequestStore#acceptReply was called without receiving a matching request 157
[13:11:02] RequestStore#acceptReply was called without receiving a matching request 158
[13:11:02] RequestStore#acceptReply was called without receiving a matching request 159
[13:11:02] RequestStore#acceptReply was called without receiving a matching request 160
[13:11:02] RequestStore#acceptReply was called without receiving a matching request 161
[13:11:02] RequestStore#acceptReply was called without receiving a matching request 162
[13:11:02] RequestStore#acceptReply was called without receiving a matching request 163
[13:11:02] RequestStore#acceptReply was called without receiving a matching request 164
[13:11:02] RequestStore#acceptReply was called without receiving a matching request 165
[13:11:02] RequestStore#acceptReply was called without receiving a matching request 166
[13:11:02] RequestStore#acceptReply was called without receiving a matching request 167
[13:11:02] RequestStore#acceptReply was called without receiving a matching request 168
[13:11:02] RequestStore#acceptReply was called without receiving a matching request 169
[13:11:02] RequestStore#acceptReply was called without receiving a matching request 170
[13:11:02] RequestStore#acceptReply was called without receiving a matching request 171
[13:11:02] RequestStore#acceptReply was called without receiving a matching request 172
[13:11:02] RequestStore#acceptReply was called without receiving a matching request 173
[13:11:02] RequestStore#acceptReply was called without receiving a matching request 174
[13:11:02] RequestStore#acceptReply was called without receiving a matching request 175
[13:11:02] RequestStore#acceptReply was called without receiving a matching request 176
[13:11:02] RequestStore#acceptReply was called without receiving a matching request 177
[13:11:02] RequestStore#acceptReply was called without receiving a matching request 178
[13:11:02] RequestStore#acceptReply was called without receiving a matching request 179
[13:11:02] RequestStore#acceptReply was called without receiving a matching request 180
[13:11:02] RequestStore#acceptReply was called without receiving a matching request 181
[13:11:02] RequestStore#acceptReply was called without receiving a matching request 182
[13:11:02] RequestStore#acceptReply was called without receiving a matching request 183
[13:11:02] RequestStore#acceptReply was called without receiving a matching request 184
[13:11:02] RequestStore#acceptReply was called without receiving a matching request 185
[13:11:02] RequestStore#acceptReply was called without receiving a matching request 186
[2023-03-18T05:11:48.583Z] error Failed to get latest version [38;2;140;140;140m{"error":"connect ETIMEDOUT 20.205.243.168:443"}[0m
[13:12:42] [File Watcher (parcel)] Inotify limit reached (ENOSPC) (path: /project)
[2023-03-18T05:14:15.271Z] error Failed to get latest version [38;2;140;140;140m{"error":"connect ETIMEDOUT 20.205.243.168:443"}[0m
[15:47:00] RequestStore#acceptReply was called without receiving a matching request 187
[15:47:00] RequestStore#acceptReply was called without receiving a matching request 188
[15:47:00] RequestStore#acceptReply was called without receiving a matching request 189
[15:47:00] RequestStore#acceptReply was called without receiving a matching request 190
[15:47:00] RequestStore#acceptReply was called without receiving a matching request 191
[15:47:00] RequestStore#acceptReply was called without receiving a matching request 192
[15:47:00] RequestStore#acceptReply was called without receiving a matching request 193
[15:47:00] RequestStore#acceptReply was called without receiving a matching request 194
[15:47:08] RequestStore#acceptReply was called without receiving a matching request 195
[15:47:08] RequestStore#acceptReply was called without receiving a matching request 196
[15:47:08] RequestStore#acceptReply was called without receiving a matching request 197
[15:47:08] RequestStore#acceptReply was called without receiving a matching request 198
[15:47:08] RequestStore#acceptReply was called without receiving a matching request 199
[15:47:09] RequestStore#acceptReply was called without receiving a matching request 200
[15:47:09] RequestStore#acceptReply was called without receiving a matching request 201
[15:47:09] RequestStore#acceptReply was called without receiving a matching request 202
[15:47:09] RequestStore#acceptReply was called without receiving a matching request 203
[15:47:09] RequestStore#acceptReply was called without receiving a matching request 204
[15:47:09] RequestStore#acceptReply was called without receiving a matching request 205
[15:47:09] RequestStore#acceptReply was called without receiving a matching request 206
[15:47:09] RequestStore#acceptReply was called without receiving a matching request 207
[15:47:12] RequestStore#acceptReply was called without receiving a matching request 208
[15:47:13] RequestStore#acceptReply was called without receiving a matching request 209
[15:47:13] RequestStore#acceptReply was called without receiving a matching request 210
[16:14:03] RequestStore#acceptReply was called without receiving a matching request 211
[16:14:03] RequestStore#acceptReply was called without receiving a matching request 212
[16:14:03] [File Watcher (parcel)] Inotify limit reached (ENOSPC) (path: /project)
[16:14:03] RequestStore#acceptReply was called without receiving a matching request 213
[16:14:04] RequestStore#acceptReply was called without receiving a matching request 214
[16:14:04] RequestStore#acceptReply was called without receiving a matching request 215
[16:14:06] RequestStore#acceptReply was called without receiving a matching request 216
[16:14:06] RequestStore#acceptReply was called without receiving a matching request 217
[16:14:06] RequestStore#acceptReply was called without receiving a matching request 218
[16:14:06] RequestStore#acceptReply was called without receiving a matching request 219
[16:14:06] RequestStore#acceptReply was called without receiving a matching request 220
[16:14:06] RequestStore#acceptReply was called without receiving a matching request 221
[16:14:06] RequestStore#acceptReply was called without receiving a matching request 222
[16:14:06] RequestStore#acceptReply was called without receiving a matching request 223
[16:14:06] RequestStore#acceptReply was called without receiving a matching request 224
[16:14:06] RequestStore#acceptReply was called without receiving a matching request 225
[16:14:06] RequestStore#acceptReply was called without receiving a matching request 226
[17:02:51] Using the in-memory credential store as the operating system's credential store could not be accessed. Please see https://aka.ms/vscode-server-keyring on how to set this up. Details: Cannot find module '../build/Release/keytar.node'
Require stack:
- /cvmart-ide/vscode/vscode/lib/vscode/node_modules/keytar/lib/keytar.js
- /cvmart-ide/vscode/vscode/lib/vscode/out/bootstrap-amd.js
- /cvmart-ide/vscode/vscode/out/node/util.js
- /cvmart-ide/vscode/vscode/out/node/cli.js
- /cvmart-ide/vscode/vscode/out/node/entry.js
[2023-03-18T09:03:41.829Z] error Failed to get latest version [38;2;140;140;140m{"error":"connect ETIMEDOUT 20.205.243.168:443"}[0m
[22:11:34] Using the in-memory credential store as the operating system's credential store could not be accessed. Please see https://aka.ms/vscode-server-keyring on how to set this up. Details: Cannot find module '../build/Release/keytar.node'
Require stack:
- /cvmart-ide/vscode/vscode/lib/vscode/node_modules/keytar/lib/keytar.js
- /cvmart-ide/vscode/vscode/lib/vscode/out/bootstrap-amd.js
- /cvmart-ide/vscode/vscode/out/node/util.js
- /cvmart-ide/vscode/vscode/out/node/cli.js
- /cvmart-ide/vscode/vscode/out/node/entry.js
[2023-03-18T14:13:22.637Z] error Failed to get latest version [38;2;140;140;140m{"error":"connect ETIMEDOUT 20.205.243.168:443"}[0m
[23:34:58] No ptyHost heartbeat after 6 seconds
[22:53:58] Using the in-memory credential store as the operating system's credential store could not be accessed. Please see https://aka.ms/vscode-server-keyring on how to set this up. Details: Cannot find module '../build/Release/keytar.node'
Require stack:
- /cvmart-ide/vscode/vscode/lib/vscode/node_modules/keytar/lib/keytar.js
- /cvmart-ide/vscode/vscode/lib/vscode/out/bootstrap-amd.js
- /cvmart-ide/vscode/vscode/out/node/util.js
- /cvmart-ide/vscode/vscode/out/node/cli.js
- /cvmart-ide/vscode/vscode/out/node/entry.js
[2023-04-18T14:55:25.009Z] error Failed to get latest version [38;2;140;140;140m{"error":"connect ETIMEDOUT 20.205.243.168:443"}[0m
[2023-04-18T14:58:39.953Z] error Failed to get latest version [38;2;140;140;140m{"error":"connect ETIMEDOUT 20.205.243.168:443"}[0m
[09:14:38] Using the in-memory credential store as the operating system's credential store could not be accessed. Please see https://aka.ms/vscode-server-keyring on how to set this up. Details: Cannot find module '../build/Release/keytar.node'
Require stack:
- /cvmart-ide/vscode/vscode/lib/vscode/node_modules/keytar/lib/keytar.js
- /cvmart-ide/vscode/vscode/lib/vscode/out/bootstrap-amd.js
- /cvmart-ide/vscode/vscode/out/node/util.js
- /cvmart-ide/vscode/vscode/out/node/cli.js
- /cvmart-ide/vscode/vscode/out/node/entry.js
[2023-04-19T01:16:01.861Z] error Failed to get latest version [38;2;140;140;140m{"error":"connect ETIMEDOUT 20.205.243.168:443"}[0m
