[2023-03-16T14:45:36.490Z] Log level: Info
[2023-03-16T14:45:36.496Z] [info] Validating found git in: git
[2023-03-16T14:45:36.634Z] [info] Using git 2.17.1 from git
[2023-03-16T14:45:37.060Z] > git rev-parse --show-toplevel [314ms]
[2023-03-16T14:45:37.060Z] fatal: not a git repository (or any of the parent directories): .git
[2023-03-16T14:45:37.146Z] > git rev-parse --show-toplevel [2ms]
[2023-03-16T14:45:37.232Z] > git rev-parse --git-dir --git-common-dir [4ms]
[2023-03-16T14:45:37.243Z] [info] Open repository: /usr/local/ev_sdk
[2023-03-16T14:45:37.413Z] > git status -z -uall [101ms]
[2023-03-16T14:45:37.473Z] > git rev-parse --show-toplevel [79ms]
[2023-03-16T14:45:37.473Z] fatal: not a git repository (or any of the parent directories): .git
[2023-03-16T14:45:37.583Z] > git symbolic-ref --short HEAD [111ms]
[2023-03-16T14:45:37.651Z] > git rev-parse --show-toplevel [77ms]
[2023-03-16T14:45:37.651Z] fatal: not a git repository (or any of the parent directories): .git
[2023-03-16T14:45:37.768Z] > git rev-parse --show-toplevel [2ms]
[2023-03-16T14:45:37.768Z] fatal: not a git repository (or any of the parent directories): .git
[2023-03-16T14:45:37.879Z] > git for-each-ref --format=%(refname)%00%(upstream:short)%00%(objectname)%00%(upstream:track)%00%(upstream:remotename)%00%(upstream:remoteref) refs/heads/master refs/remotes/master [229ms]
[2023-03-16T14:45:38.003Z] > git remote --verbose [4ms]
[2023-03-16T14:45:38.004Z] > git for-each-ref --sort -committerdate --format %(refname) %(objectname) %(*objectname) [68ms]
[2023-03-16T14:45:38.011Z] > git rev-parse --show-toplevel [133ms]
[2023-03-16T14:45:38.011Z] fatal: not a git repository (or any of the parent directories): .git
[2023-03-16T14:45:38.184Z] > git rev-parse --show-toplevel [66ms]
[2023-03-16T14:45:38.184Z] fatal: not a git repository (or any of the parent directories): .git
[2023-03-16T14:45:38.292Z] > git config --get commit.template [109ms]
[2023-03-16T14:45:38.357Z] > git rev-parse --show-toplevel [67ms]
[2023-03-16T14:45:38.357Z] fatal: not a git repository (or any of the parent directories): .git
[2023-03-16T14:45:38.468Z] > git status -z -uall [112ms]
[2023-03-16T14:45:38.541Z] > git rev-parse --show-toplevel [77ms]
[2023-03-16T14:45:38.541Z] fatal: not a git repository (or any of the parent directories): .git
[2023-03-16T14:45:38.654Z] > git symbolic-ref --short HEAD [114ms]
[2023-03-16T14:45:38.715Z] > git rev-parse --show-toplevel [62ms]
[2023-03-16T14:45:38.715Z] fatal: not a git repository (or any of the parent directories): .git
[2023-03-16T14:45:38.822Z] > git for-each-ref --format=%(refname)%00%(upstream:short)%00%(objectname)%00%(upstream:track)%00%(upstream:remotename)%00%(upstream:remoteref) refs/heads/master refs/remotes/master [108ms]
[2023-03-16T14:45:38.942Z] > git for-each-ref --sort -committerdate --format %(refname) %(objectname) %(*objectname) [60ms]
[2023-03-16T14:45:38.943Z] > git rev-parse --show-toplevel [123ms]
[2023-03-16T14:45:38.943Z] fatal: not a git repository (or any of the parent directories): .git
[2023-03-16T14:45:39.044Z] > git remote --verbose [103ms]
[2023-03-16T14:45:39.115Z] > git rev-parse --show-toplevel [71ms]
[2023-03-16T14:45:39.115Z] fatal: not a git repository (or any of the parent directories): .git
[2023-03-16T14:45:39.122Z] > git config --get commit.template [7ms]
[2023-03-16T14:45:46.873Z] > git rev-parse --show-toplevel [2ms]
[2023-03-16T14:45:46.955Z] > git rev-parse --git-dir --git-common-dir [8ms]
[2023-03-16T14:45:46.958Z] [info] Open repository: /project/train/src_repo
[2023-03-16T14:45:47.023Z] > git status -z -uall [8ms]
[2023-03-16T14:45:47.079Z] > git symbolic-ref --short HEAD [1ms]
[2023-03-16T14:45:47.263Z] > git for-each-ref --format=%(refname)%00%(upstream:short)%00%(objectname)%00%(upstream:track)%00%(upstream:remotename)%00%(upstream:remoteref) refs/heads/master refs/remotes/master [111ms]
[2023-03-16T14:45:47.378Z] > git remote --verbose [1ms]
[2023-03-16T14:45:47.379Z] > git for-each-ref --sort -committerdate --format %(refname) %(objectname) %(*objectname) [60ms]
[2023-03-16T14:45:47.444Z] > git config --get commit.template [3ms]
[2023-03-16T14:45:47.831Z] > git status -z -uall [330ms]
[2023-03-16T14:45:47.892Z] > git symbolic-ref --short HEAD [5ms]
[2023-03-16T14:45:48.057Z] > git for-each-ref --format=%(refname)%00%(upstream:short)%00%(objectname)%00%(upstream:track)%00%(upstream:remotename)%00%(upstream:remoteref) refs/heads/master refs/remotes/master [107ms]
[2023-03-16T14:45:48.164Z] > git for-each-ref --sort -committerdate --format %(refname) %(objectname) %(*objectname) [53ms]
[2023-03-16T14:45:48.242Z] > git remote --verbose [79ms]
[2023-03-16T14:45:48.411Z] > git config --get commit.template [2ms]
[2023-03-16T14:45:48.544Z] > git show --textconv :yolov5/train.py [58ms]
[2023-03-16T14:45:48.545Z] > git ls-files --stage -- /project/train/src_repo/yolov5/train.py [3ms]
[2023-03-16T14:45:48.650Z] > git cat-file -s b21b15fbc085577c4706453dbe36402efab651a4 [5ms]
[2023-03-16T14:45:49.279Z] > git check-ignore -v -z --stdin [306ms]
[2023-03-16T14:45:49.364Z] > git log --format=%H%n%aN%n%aE%n%at%n%ct%n%P%n%D%n%B -z -n21 -- /project/train/src_repo/yolov5/train.py [2ms]
[2023-03-16T14:47:11.927Z] > git status -z -uall [6ms]
[2023-03-16T14:47:11.990Z] > git symbolic-ref --short HEAD [1ms]
[2023-03-16T14:47:12.073Z] > git for-each-ref --format=%(refname)%00%(upstream:short)%00%(objectname)%00%(upstream:track)%00%(upstream:remotename)%00%(upstream:remoteref) refs/heads/master refs/remotes/master [2ms]
[2023-03-16T14:47:12.279Z] > git remote --verbose [91ms]
[2023-03-16T14:47:12.279Z] > git for-each-ref --sort -committerdate --format %(refname) %(objectname) %(*objectname) [149ms]
[2023-03-16T14:47:12.353Z] > git config --get commit.template [3ms]
[2023-03-16T14:47:12.950Z] > git rev-list --count 0ac49616aa708f70424005517835cb204e444633.. -- /project/train/src_repo/yolov5/train.py [2ms]
[2023-03-16T14:47:13.070Z] > git log --format=%H%n%aN%n%aE%n%at%n%ct%n%P%n%D%n%B -z -n5 -- /project/train/src_repo/yolov5/train.py [4ms]
[2023-03-16T14:47:39.612Z] > git status -z -uall [7ms]
[2023-03-16T14:47:39.682Z] > git symbolic-ref --short HEAD [2ms]
[2023-03-16T14:47:39.900Z] > git for-each-ref --format=%(refname)%00%(upstream:short)%00%(objectname)%00%(upstream:track)%00%(upstream:remotename)%00%(upstream:remoteref) refs/heads/master refs/remotes/master [132ms]
[2023-03-16T14:47:40.044Z] > git for-each-ref --sort -committerdate --format %(refname) %(objectname) %(*objectname) [84ms]
[2023-03-16T14:47:40.172Z] > git remote --verbose [132ms]
[2023-03-16T14:47:40.249Z] > git config --get commit.template [4ms]
[2023-03-16T14:47:40.841Z] > git rev-list --count 0ac49616aa708f70424005517835cb204e444633.. -- /project/train/src_repo/yolov5/train.py [2ms]
[2023-03-16T14:47:40.954Z] > git log --format=%H%n%aN%n%aE%n%at%n%ct%n%P%n%D%n%B -z -n5 -- /project/train/src_repo/yolov5/train.py [2ms]
[2023-03-16T14:47:45.751Z] > git status -z -uall [17ms]
[2023-03-16T14:47:45.817Z] > git symbolic-ref --short HEAD [1ms]
[2023-03-16T14:47:45.942Z] > git for-each-ref --format=%(refname)%00%(upstream:short)%00%(objectname)%00%(upstream:track)%00%(upstream:remotename)%00%(upstream:remoteref) refs/heads/master refs/remotes/master [31ms]
[2023-03-16T14:47:46.107Z] > git for-each-ref --sort -committerdate --format %(refname) %(objectname) %(*objectname) [99ms]
[2023-03-16T14:47:46.108Z] > git remote --verbose [4ms]
[2023-03-16T14:47:46.190Z] > git config --get commit.template [5ms]
[2023-03-16T14:47:46.973Z] > git rev-list --count 0ac49616aa708f70424005517835cb204e444633.. -- /project/train/src_repo/yolov5/train.py [3ms]
[2023-03-16T14:47:47.089Z] > git log --format=%H%n%aN%n%aE%n%at%n%ct%n%P%n%D%n%B -z -n5 -- /project/train/src_repo/yolov5/train.py [9ms]
[2023-03-16T14:50:33.318Z] > git rev-list --count 0ac49616aa708f70424005517835cb204e444633.. -- /project/train/src_repo/yolov5/train.py [2ms]
[2023-03-16T14:50:33.385Z] > git log --format=%H%n%aN%n%aE%n%at%n%ct%n%P%n%D%n%B -z -n6 -- /project/train/src_repo/yolov5/train.py [2ms]
[2023-03-16T15:01:23.540Z] > git rev-list --count 0ac49616aa708f70424005517835cb204e444633.. -- /project/train/src_repo/yolov5/train.py [2ms]
[2023-03-16T15:01:23.611Z] > git log --format=%H%n%aN%n%aE%n%at%n%ct%n%P%n%D%n%B -z -n6 -- /project/train/src_repo/yolov5/train.py [2ms]
[2023-03-16T15:06:51.769Z] > git rev-list --count 0ac49616aa708f70424005517835cb204e444633.. -- /project/train/src_repo/yolov5/train.py [2ms]
[2023-03-16T15:06:51.899Z] > git log --format=%H%n%aN%n%aE%n%at%n%ct%n%P%n%D%n%B -z -n6 -- /project/train/src_repo/yolov5/train.py [3ms]
