[2023-03-16 12:27:41.561] [exthost] [info] Extension host with pid 283 started
[2023-03-16 12:27:41.567] [exthost] [error] Error: EEXIST: file already exists, open '/project/.config/Code/User/workspaceStorage/-65d9b66d/vscode.lock'
[2023-03-16 12:27:41.580] [exthost] [info] Lock '/project/.config/Code/User/workspaceStorage/-65d9b66d/vscode.lock': Could not acquire lock, checking if the file is stale.
[2023-03-16 12:27:41.582] [exthost] [info] Lock '/project/.config/Code/User/workspaceStorage/-65d9b66d/vscode.lock': The pid 4760 appears to be gone.
[2023-03-16 12:27:41.582] [exthost] [info] Lock '/project/.config/Code/User/workspaceStorage/-65d9b66d/vscode.lock': Deleting a stale lock.
[2023-03-16 12:27:41.602] [exthost] [info] Lock '/project/.config/Code/User/workspaceStorage/-65d9b66d/vscode.lock': Lock acquired.
[2023-03-16 12:27:41.706] [exthost] [info] ExtensionService#_doActivateExtension vscode.debug-auto-launch, startup: true, activationEvent: '*'
[2023-03-16 12:27:41.708] [exthost] [info] ExtensionService#_doActivateExtension vscode.git-base, startup: true, activationEvent: '*', root cause: vscode.git
[2023-03-16 12:27:41.709] [exthost] [info] ExtensionService#_doActivateExtension vscode.ipynb, startup: true, activationEvent: '*'
[2023-03-16 12:27:41.940] [exthost] [info] ExtensionService#_doActivateExtension vscode.git, startup: true, activationEvent: '*'
[2023-03-16 12:27:41.940] [exthost] [info] ExtensionService#_doActivateExtension vscode.github, startup: true, activationEvent: '*'
[2023-03-16 12:27:42.502] [exthost] [info] ExtensionService#_doActivateExtension vscode.emmet, startup: false, activationEvent: 'onStartupFinished'
[2023-03-16 12:27:42.503] [exthost] [info] ExtensionService#_doActivateExtension vscode.merge-conflict, startup: false, activationEvent: 'onStartupFinished'
[2023-03-16 12:27:42.504] [exthost] [info] ExtensionService#_doActivateExtension CoenraadS.bracket-pair-colorizer-2, startup: false, activationEvent: 'onStartupFinished'
[2023-03-16 12:27:42.504] [exthost] [info] ExtensionService#_doActivateExtension eamodio.gitlens, startup: false, activationEvent: 'onStartupFinished'
[2023-03-16 12:27:42.505] [exthost] [info] ExtensionService#_doActivateExtension vscode-icons-team.vscode-icons, startup: false, activationEvent: 'onStartupFinished'
[2023-03-16 12:27:42.505] [exthost] [info] Eager extensions activated
[2023-03-16 12:28:00.544] [exthost] [info] ExtensionService#_doActivateExtension ms-python.python, startup: false, activationEvent: 'onLanguage:python'
[2023-03-16 12:28:00.544] [exthost] [info] ExtensionService#_doActivateExtension ms-toolsai.jupyter, startup: false, activationEvent: 'onLanguage:python'
[2023-03-16 12:28:00.545] [exthost] [info] ExtensionService#_doActivateExtension tht13.python, startup: false, activationEvent: 'onLanguage:python'
[2023-03-16 12:28:02.598] [exthost] [info] ExtensionService#_doActivateExtension ms-toolsai.jupyter-renderers, startup: false, activationEvent: 'api', root cause: ms-toolsai.jupyter
