[2023-03-17 20:25:02.029] [exthost] [info] Extension host with pid 1056 started
[2023-03-17 20:25:02.035] [exthost] [error] Error: EEXIST: file already exists, open '/project/.config/Code/User/workspaceStorage/-65d9b66d/vscode.lock'
[2023-03-17 20:25:02.043] [exthost] [info] Lock '/project/.config/Code/User/workspaceStorage/-65d9b66d/vscode.lock': Could not acquire lock, checking if the file is stale.
[2023-03-17 20:25:02.048] [exthost] [info] Lock '/project/.config/Code/User/workspaceStorage/-65d9b66d/vscode.lock': The lock does not look stale, elapsed: 651 ms, giving up.
[2023-03-17 20:25:02.049] [exthost] [error] Error: EEXIST: file already exists, open '/project/.config/Code/User/workspaceStorage/-65d9b66d-1/vscode.lock'
[2023-03-17 20:25:02.049] [exthost] [info] Lock '/project/.config/Code/User/workspaceStorage/-65d9b66d-1/vscode.lock': Could not acquire lock, checking if the file is stale.
[2023-03-17 20:25:02.050] [exthost] [info] Lock '/project/.config/Code/User/workspaceStorage/-65d9b66d-1/vscode.lock': The pid 7711 appears to be gone.
[2023-03-17 20:25:02.050] [exthost] [info] Lock '/project/.config/Code/User/workspaceStorage/-65d9b66d-1/vscode.lock': Deleting a stale lock.
[2023-03-17 20:25:02.056] [exthost] [info] Lock '/project/.config/Code/User/workspaceStorage/-65d9b66d-1/vscode.lock': Lock acquired.
[2023-03-17 20:25:02.192] [exthost] [info] ExtensionService#_doActivateExtension vscode.debug-auto-launch, startup: true, activationEvent: '*'
[2023-03-17 20:25:02.194] [exthost] [info] ExtensionService#_doActivateExtension vscode.git-base, startup: true, activationEvent: '*'
[2023-03-17 20:25:02.195] [exthost] [info] ExtensionService#_doActivateExtension vscode.ipynb, startup: true, activationEvent: '*'
[2023-03-17 20:25:02.448] [exthost] [info] ExtensionService#_doActivateExtension vscode.github, startup: true, activationEvent: '*'
[2023-03-17 20:25:02.693] [exthost] [info] ExtensionService#_doActivateExtension vscode.emmet, startup: false, activationEvent: 'onStartupFinished'
[2023-03-17 20:25:02.694] [exthost] [info] ExtensionService#_doActivateExtension vscode.merge-conflict, startup: false, activationEvent: 'onStartupFinished'
[2023-03-17 20:25:02.695] [exthost] [info] ExtensionService#_doActivateExtension eamodio.gitlens, startup: false, activationEvent: 'onStartupFinished'
[2023-03-17 20:25:02.695] [exthost] [info] ExtensionService#_doActivateExtension vscode-icons-team.vscode-icons, startup: false, activationEvent: 'onStartupFinished'
[2023-03-17 20:25:02.696] [exthost] [info] Eager extensions activated
[2023-03-17 20:25:24.439] [exthost] [info] ExtensionService#_doActivateExtension vscode.git, startup: false, activationEvent: 'api', root cause: vscode.github
[2023-03-17 20:25:24.705] [exthost] [info] ExtensionService#_doActivateExtension CoenraadS.bracket-pair-colorizer-2, startup: false, activationEvent: 'onStartupFinished'
[2023-03-17 20:25:32.273] [exthost] [info] ExtensionService#_doActivateExtension ms-python.python, startup: false, activationEvent: 'onLanguage:python'
[2023-03-17 20:25:32.274] [exthost] [info] ExtensionService#_doActivateExtension ms-toolsai.jupyter, startup: false, activationEvent: 'onLanguage:python'
[2023-03-17 20:25:32.274] [exthost] [info] ExtensionService#_doActivateExtension tht13.python, startup: false, activationEvent: 'onLanguage:python'
[2023-03-17 20:25:35.081] [exthost] [info] ExtensionService#_doActivateExtension ms-toolsai.jupyter-renderers, startup: false, activationEvent: 'api', root cause: ms-toolsai.jupyter
[2023-03-17 21:04:16.563] [exthost] [info] Extension host terminating: renderer disconnected for too long (2)
[2023-03-17 21:04:16.565] [exthost] [info] Lock '/project/.config/Code/User/workspaceStorage/-65d9b66d-1/vscode.lock': Marking the lockfile as scheduled to be released in 6000 ms.
[2023-03-17 21:04:16.618] [exthost] [warning] {"name":"Canceled"}
[2023-03-17 21:04:16.646] [exthost] [info] Extension host with pid 1056 exiting with code 0
