[2023-03-16 22:45:30.031] [exthost] [info] Extension host with pid 234 started
[2023-03-16 22:45:30.036] [exthost] [error] Error: EEXIST: file already exists, open '/project/.config/Code/User/workspaceStorage/-65d9b66d/vscode.lock'
[2023-03-16 22:45:30.044] [exthost] [info] Lock '/project/.config/Code/User/workspaceStorage/-65d9b66d/vscode.lock': Could not acquire lock, checking if the file is stale.
[2023-03-16 22:45:30.048] [exthost] [info] Lock '/project/.config/Code/User/workspaceStorage/-65d9b66d/vscode.lock': The pid 283 appears to be gone.
[2023-03-16 22:45:30.048] [exthost] [info] Lock '/project/.config/Code/User/workspaceStorage/-65d9b66d/vscode.lock': Deleting a stale lock.
[2023-03-16 22:45:30.054] [exthost] [info] Lock '/project/.config/Code/User/workspaceStorage/-65d9b66d/vscode.lock': Lock acquired.
[2023-03-16 22:45:30.622] [exthost] [info] ExtensionService#_doActivateExtension ms-python.python, startup: false, activationEvent: 'onLanguage:python'
[2023-03-16 22:45:30.624] [exthost] [info] ExtensionService#_doActivateExtension ms-toolsai.jupyter, startup: false, activationEvent: 'onLanguage:python'
[2023-03-16 22:45:30.624] [exthost] [info] ExtensionService#_doActivateExtension tht13.python, startup: false, activationEvent: 'onLanguage:python'
[2023-03-16 22:45:30.625] [exthost] [info] ExtensionService#_doActivateExtension vscode.debug-auto-launch, startup: true, activationEvent: '*'
[2023-03-16 22:45:30.625] [exthost] [info] ExtensionService#_doActivateExtension vscode.git-base, startup: true, activationEvent: '*', root cause: vscode.git
[2023-03-16 22:45:30.626] [exthost] [info] ExtensionService#_doActivateExtension vscode.ipynb, startup: true, activationEvent: '*'
[2023-03-16 22:45:32.362] [exthost] [info] ExtensionService#_doActivateExtension ms-toolsai.jupyter-renderers, startup: false, activationEvent: 'api', root cause: ms-toolsai.jupyter
[2023-03-16 22:45:32.657] [exthost] [info] ExtensionService#_doActivateExtension vscode.git, startup: true, activationEvent: '*'
[2023-03-16 22:45:32.658] [exthost] [info] ExtensionService#_doActivateExtension vscode.github, startup: true, activationEvent: '*'
[2023-03-16 22:45:36.750] [exthost] [info] ExtensionService#_doActivateExtension vscode.emmet, startup: false, activationEvent: 'onStartupFinished'
[2023-03-16 22:45:36.751] [exthost] [info] ExtensionService#_doActivateExtension vscode.merge-conflict, startup: false, activationEvent: 'onStartupFinished'
[2023-03-16 22:45:36.752] [exthost] [info] ExtensionService#_doActivateExtension CoenraadS.bracket-pair-colorizer-2, startup: false, activationEvent: 'onStartupFinished'
[2023-03-16 22:45:36.752] [exthost] [info] ExtensionService#_doActivateExtension eamodio.gitlens, startup: false, activationEvent: 'onStartupFinished'
[2023-03-16 22:45:36.753] [exthost] [info] ExtensionService#_doActivateExtension vscode-icons-team.vscode-icons, startup: false, activationEvent: 'onStartupFinished'
[2023-03-16 22:45:36.753] [exthost] [info] Eager extensions activated
[2023-03-17 01:55:12.644] [exthost] [info] Extension host terminating: renderer disconnected for too long (1)
[2023-03-17 01:55:12.645] [exthost] [info] Lock '/project/.config/Code/User/workspaceStorage/-65d9b66d/vscode.lock': Marking the lockfile as scheduled to be released in 6000 ms.
[2023-03-17 01:55:12.729] [exthost] [warning] {"name":"Canceled"}
[2023-03-17 01:55:12.744] [exthost] [info] Extension host with pid 234 exiting with code 0
