[2023-03-15T23:21:23.604Z] Log level: Info
[2023-03-15T23:21:23.611Z] [info] Validating found git in: git
[2023-03-15T23:21:23.718Z] [info] Using git 2.17.1 from git
[2023-03-15T23:21:24.109Z] > git rev-parse --show-toplevel [334ms]
[2023-03-15T23:21:24.109Z] fatal: not a git repository (or any of the parent directories): .git
[2023-03-15T23:21:24.190Z] > git rev-parse --show-toplevel [3ms]
[2023-03-15T23:21:24.233Z] > git rev-parse --git-dir --git-common-dir [3ms]
[2023-03-15T23:21:24.244Z] [info] Open repository: /usr/local/ev_sdk
[2023-03-15T23:21:24.359Z] > git status -z -uall [53ms]
[2023-03-15T23:21:24.405Z] > git rev-parse --show-toplevel [48ms]
[2023-03-15T23:21:24.405Z] fatal: not a git repository (or any of the parent directories): .git
[2023-03-15T23:21:24.471Z] > git rev-parse --show-toplevel [22ms]
[2023-03-15T23:21:24.471Z] fatal: not a git repository (or any of the parent directories): .git
[2023-03-15T23:21:24.515Z] > git symbolic-ref --short HEAD [111ms]
[2023-03-15T23:21:24.557Z] > git rev-parse --show-toplevel [42ms]
[2023-03-15T23:21:24.557Z] fatal: not a git repository (or any of the parent directories): .git
[2023-03-15T23:21:24.602Z] > git rev-parse --show-toplevel [2ms]
[2023-03-15T23:21:24.602Z] fatal: not a git repository (or any of the parent directories): .git
[2023-03-15T23:21:24.659Z] > git for-each-ref --format=%(refname)%00%(upstream:short)%00%(objectname)%00%(upstream:track)%00%(upstream:remotename)%00%(upstream:remoteref) refs/heads/master refs/remotes/master [103ms]
[2023-03-15T23:21:24.788Z] > git remote --verbose [6ms]
[2023-03-15T23:21:24.789Z] > git for-each-ref --sort -committerdate --format %(refname) %(objectname) %(*objectname) [57ms]
[2023-03-15T23:21:24.798Z] > git rev-parse --show-toplevel [140ms]
[2023-03-15T23:21:24.798Z] fatal: not a git repository (or any of the parent directories): .git
[2023-03-15T23:21:24.932Z] > git rev-parse --show-toplevel [81ms]
[2023-03-15T23:21:24.932Z] fatal: not a git repository (or any of the parent directories): .git
[2023-03-15T23:21:24.985Z] > git rev-parse --show-toplevel [2ms]
[2023-03-15T23:21:24.985Z] fatal: not a git repository (or any of the parent directories): .git
[2023-03-15T23:21:25.038Z] > git config --get commit.template [112ms]
[2023-03-15T23:21:25.113Z] > git rev-parse --show-toplevel [75ms]
[2023-03-15T23:21:25.113Z] fatal: not a git repository (or any of the parent directories): .git
[2023-03-15T23:21:25.160Z] > git status -z -uall [49ms]
[2023-03-15T23:21:25.209Z] > git symbolic-ref --short HEAD [2ms]
[2023-03-15T23:21:25.258Z] > git rev-parse --show-toplevel [99ms]
[2023-03-15T23:21:25.258Z] fatal: not a git repository (or any of the parent directories): .git
[2023-03-15T23:21:25.309Z] > git for-each-ref --format=%(refname)%00%(upstream:short)%00%(objectname)%00%(upstream:track)%00%(upstream:remotename)%00%(upstream:remoteref) refs/heads/master refs/remotes/master [51ms]
[2023-03-15T23:21:25.432Z] > git remote --verbose [2ms]
[2023-03-15T23:21:25.433Z] > git for-each-ref --sort -committerdate --format %(refname) %(objectname) %(*objectname) [55ms]
[2023-03-15T23:21:25.436Z] > git rev-parse --show-toplevel [129ms]
[2023-03-15T23:21:25.436Z] fatal: not a git repository (or any of the parent directories): .git
[2023-03-15T23:21:25.518Z] > git config --get commit.template [3ms]
[2023-03-15T23:25:18.963Z] > git rev-parse --show-toplevel [3ms]
[2023-03-15T23:25:19.009Z] > git rev-parse --git-dir --git-common-dir [4ms]
[2023-03-15T23:25:19.019Z] [info] Open repository: /project/train/src_repo
[2023-03-15T23:25:19.104Z] > git status -z -uall [9ms]
[2023-03-15T23:25:19.210Z] > git symbolic-ref --short HEAD [65ms]
[2023-03-15T23:25:19.258Z] > git for-each-ref --format=%(refname)%00%(upstream:short)%00%(objectname)%00%(upstream:track)%00%(upstream:remotename)%00%(upstream:remoteref) refs/heads/master refs/remotes/master [6ms]
[2023-03-15T23:25:19.352Z] > git remote --verbose [2ms]
[2023-03-15T23:25:19.353Z] > git for-each-ref --sort -committerdate --format %(refname) %(objectname) %(*objectname) [43ms]
[2023-03-15T23:25:19.425Z] > git config --get commit.template [2ms]
[2023-03-15T23:25:19.499Z] > git status -z -uall [7ms]
[2023-03-15T23:25:19.638Z] > git show --textconv :yolov5/data/helmet.yaml [60ms]
[2023-03-15T23:25:19.638Z] > git symbolic-ref --short HEAD [99ms]
[2023-03-15T23:25:19.674Z] > git ls-files --stage -- /project/train/src_repo/yolov5/data/helmet.yaml [39ms]
[2023-03-15T23:25:19.713Z] > git cat-file -s fb7ae48a7726dfff06004af1ca1f1a01f2e7c8c6 [1ms]
[2023-03-15T23:25:19.714Z] > git for-each-ref --format=%(refname)%00%(upstream:short)%00%(objectname)%00%(upstream:track)%00%(upstream:remotename)%00%(upstream:remoteref) refs/heads/master refs/remotes/master [41ms]
[2023-03-15T23:25:19.816Z] > git remote --verbose [2ms]
[2023-03-15T23:25:19.816Z] > git for-each-ref --sort -committerdate --format %(refname) %(objectname) %(*objectname) [41ms]
[2023-03-15T23:25:19.884Z] > git config --get commit.template [2ms]
[2023-03-15T23:25:20.340Z] > git check-ignore -v -z --stdin [89ms]
[2023-03-15T23:25:20.861Z] > git show --textconv :voc_label.py [74ms]
[2023-03-15T23:25:20.861Z] > git ls-files --stage -- /project/train/src_repo/voc_label.py [7ms]
[2023-03-15T23:25:20.906Z] > git cat-file -s 42fc6267d57be7a00a22a11b9d800c7146655188 [2ms]
[2023-03-15T23:25:21.037Z] > git check-ignore -v -z --stdin [2ms]
[2023-03-15T23:25:23.135Z] > git log --format=%H%n%aN%n%aE%n%at%n%ct%n%P%n%D%n%B -z -n21 -- /project/train/src_repo/yolov5/data/helmet.yaml [61ms]
[2023-03-15T23:25:23.140Z] > git log --format=%H%n%aN%n%aE%n%at%n%ct%n%P%n%D%n%B -z -n21 -- /project/train/src_repo/voc_label.py [6ms]
[2023-03-15T23:25:38.011Z] > git rev-parse --show-toplevel [8ms]
[2023-03-15T23:26:11.271Z] > git status -z -uall [7ms]
[2023-03-15T23:26:11.322Z] > git symbolic-ref --short HEAD [2ms]
[2023-03-15T23:26:11.388Z] > git for-each-ref --format=%(refname)%00%(upstream:short)%00%(objectname)%00%(upstream:track)%00%(upstream:remotename)%00%(upstream:remoteref) refs/heads/master refs/remotes/master [4ms]
[2023-03-15T23:26:11.504Z] > git remote --verbose [2ms]
[2023-03-15T23:26:11.505Z] > git for-each-ref --sort -committerdate --format %(refname) %(objectname) %(*objectname) [52ms]
[2023-03-15T23:26:11.585Z] > git config --get commit.template [2ms]
[2023-03-15T23:26:12.336Z] > git status -z -uall [6ms]
[2023-03-15T23:26:12.398Z] > git symbolic-ref --short HEAD [2ms]
[2023-03-15T23:26:12.457Z] > git for-each-ref --format=%(refname)%00%(upstream:short)%00%(objectname)%00%(upstream:track)%00%(upstream:remotename)%00%(upstream:remoteref) refs/heads/master refs/remotes/master [2ms]
[2023-03-15T23:26:12.544Z] > git for-each-ref --sort -committerdate --format %(refname) %(objectname) %(*objectname) [42ms]
[2023-03-15T23:26:12.545Z] > git remote --verbose [2ms]
[2023-03-15T23:26:12.618Z] > git config --get commit.template [2ms]
[2023-03-15T23:26:20.238Z] > git status -z -uall [2ms]
[2023-03-15T23:26:20.288Z] > git symbolic-ref --short HEAD [1ms]
[2023-03-15T23:26:20.339Z] > git for-each-ref --format=%(refname)%00%(upstream:short)%00%(objectname)%00%(upstream:track)%00%(upstream:remotename)%00%(upstream:remoteref) refs/heads/master refs/remotes/master [2ms]
[2023-03-15T23:26:20.464Z] > git remote --verbose [2ms]
[2023-03-15T23:26:20.465Z] > git for-each-ref --sort -committerdate --format %(refname) %(objectname) %(*objectname) [58ms]
[2023-03-15T23:26:20.554Z] > git config --get commit.template [2ms]
[2023-03-15T23:26:28.060Z] > git status -z -uall [3ms]
[2023-03-15T23:26:28.134Z] > git symbolic-ref --short HEAD [3ms]
[2023-03-15T23:26:28.180Z] > git for-each-ref --format=%(refname)%00%(upstream:short)%00%(objectname)%00%(upstream:track)%00%(upstream:remotename)%00%(upstream:remoteref) refs/heads/master refs/remotes/master [2ms]
[2023-03-15T23:26:28.281Z] > git for-each-ref --sort -committerdate --format %(refname) %(objectname) %(*objectname) [42ms]
[2023-03-15T23:26:28.282Z] > git remote --verbose [3ms]
[2023-03-15T23:26:28.349Z] > git config --get commit.template [1ms]
[2023-03-15T23:26:33.400Z] > git status -z -uall [4ms]
[2023-03-15T23:26:33.439Z] > git symbolic-ref --short HEAD [1ms]
[2023-03-15T23:26:33.480Z] > git for-each-ref --format=%(refname)%00%(upstream:short)%00%(objectname)%00%(upstream:track)%00%(upstream:remotename)%00%(upstream:remoteref) refs/heads/master refs/remotes/master [2ms]
[2023-03-15T23:26:33.606Z] > git remote --verbose [3ms]
[2023-03-15T23:26:33.607Z] > git for-each-ref --sort -committerdate --format %(refname) %(objectname) %(*objectname) [53ms]
[2023-03-15T23:26:33.675Z] > git config --get commit.template [1ms]
[2023-03-15T23:26:38.726Z] > git status -z -uall [4ms]
[2023-03-15T23:26:38.765Z] > git symbolic-ref --short HEAD [1ms]
[2023-03-15T23:26:38.805Z] > git for-each-ref --format=%(refname)%00%(upstream:short)%00%(objectname)%00%(upstream:track)%00%(upstream:remotename)%00%(upstream:remoteref) refs/heads/master refs/remotes/master [1ms]
[2023-03-15T23:26:38.904Z] > git for-each-ref --sort -committerdate --format %(refname) %(objectname) %(*objectname) [39ms]
[2023-03-15T23:26:38.905Z] > git remote --verbose [2ms]
[2023-03-15T23:26:38.989Z] > git config --get commit.template [2ms]
[2023-03-15T23:26:44.037Z] > git status -z -uall [3ms]
[2023-03-15T23:26:44.103Z] > git symbolic-ref --short HEAD [1ms]
[2023-03-15T23:26:44.143Z] > git for-each-ref --format=%(refname)%00%(upstream:short)%00%(objectname)%00%(upstream:track)%00%(upstream:remotename)%00%(upstream:remoteref) refs/heads/master refs/remotes/master [1ms]
[2023-03-15T23:26:44.236Z] > git for-each-ref --sort -committerdate --format %(refname) %(objectname) %(*objectname) [41ms]
[2023-03-15T23:26:44.236Z] > git remote --verbose [2ms]
[2023-03-15T23:26:44.297Z] > git config --get commit.template [1ms]
[2023-03-15T23:26:49.808Z] > git status -z -uall [3ms]
[2023-03-15T23:26:49.872Z] > git symbolic-ref --short HEAD [1ms]
[2023-03-15T23:26:49.910Z] > git for-each-ref --format=%(refname)%00%(upstream:short)%00%(objectname)%00%(upstream:track)%00%(upstream:remotename)%00%(upstream:remoteref) refs/heads/master refs/remotes/master [2ms]
[2023-03-15T23:26:50.020Z] > git remote --verbose [4ms]
[2023-03-15T23:26:50.021Z] > git for-each-ref --sort -committerdate --format %(refname) %(objectname) %(*objectname) [47ms]
[2023-03-15T23:26:50.082Z] > git config --get commit.template [1ms]
[2023-03-15T23:26:55.467Z] > git status -z -uall [4ms]
[2023-03-15T23:26:55.537Z] > git symbolic-ref --short HEAD [2ms]
[2023-03-15T23:26:55.579Z] > git for-each-ref --format=%(refname)%00%(upstream:short)%00%(objectname)%00%(upstream:track)%00%(upstream:remotename)%00%(upstream:remoteref) refs/heads/master refs/remotes/master [1ms]
[2023-03-15T23:26:55.675Z] > git for-each-ref --sort -committerdate --format %(refname) %(objectname) %(*objectname) [44ms]
[2023-03-15T23:26:55.675Z] > git remote --verbose [2ms]
[2023-03-15T23:26:55.743Z] > git config --get commit.template [3ms]
[2023-03-15T23:27:00.790Z] > git status -z -uall [4ms]
[2023-03-15T23:27:00.851Z] > git symbolic-ref --short HEAD [1ms]
[2023-03-15T23:27:00.889Z] > git for-each-ref --format=%(refname)%00%(upstream:short)%00%(objectname)%00%(upstream:track)%00%(upstream:remotename)%00%(upstream:remoteref) refs/heads/master refs/remotes/master [1ms]
[2023-03-15T23:27:00.995Z] > git for-each-ref --sort -committerdate --format %(refname) %(objectname) %(*objectname) [42ms]
[2023-03-15T23:27:00.996Z] > git remote --verbose [2ms]
[2023-03-15T23:27:01.070Z] > git config --get commit.template [1ms]
[2023-03-15T23:27:06.128Z] > git status -z -uall [3ms]
[2023-03-15T23:27:06.205Z] > git symbolic-ref --short HEAD [4ms]
[2023-03-15T23:27:06.248Z] > git for-each-ref --format=%(refname)%00%(upstream:short)%00%(objectname)%00%(upstream:track)%00%(upstream:remotename)%00%(upstream:remoteref) refs/heads/master refs/remotes/master [2ms]
[2023-03-15T23:27:06.342Z] > git remote --verbose [3ms]
[2023-03-15T23:27:06.342Z] > git for-each-ref --sort -committerdate --format %(refname) %(objectname) %(*objectname) [44ms]
[2023-03-15T23:27:06.431Z] > git config --get commit.template [4ms]
[2023-03-15T23:27:11.521Z] > git status -z -uall [3ms]
[2023-03-15T23:27:11.590Z] > git symbolic-ref --short HEAD [2ms]
[2023-03-15T23:27:11.631Z] > git for-each-ref --format=%(refname)%00%(upstream:short)%00%(objectname)%00%(upstream:track)%00%(upstream:remotename)%00%(upstream:remoteref) refs/heads/master refs/remotes/master [2ms]
[2023-03-15T23:27:11.738Z] > git for-each-ref --sort -committerdate --format %(refname) %(objectname) %(*objectname) [43ms]
[2023-03-15T23:27:11.739Z] > git remote --verbose [2ms]
[2023-03-15T23:27:11.808Z] > git config --get commit.template [1ms]
[2023-03-15T23:27:16.871Z] > git status -z -uall [3ms]
[2023-03-15T23:27:16.932Z] > git symbolic-ref --short HEAD [2ms]
[2023-03-15T23:27:16.972Z] > git for-each-ref --format=%(refname)%00%(upstream:short)%00%(objectname)%00%(upstream:track)%00%(upstream:remotename)%00%(upstream:remoteref) refs/heads/master refs/remotes/master [1ms]
[2023-03-15T23:27:17.059Z] > git for-each-ref --sort -committerdate --format %(refname) %(objectname) %(*objectname) [38ms]
[2023-03-15T23:27:17.059Z] > git remote --verbose [1ms]
[2023-03-15T23:27:17.122Z] > git config --get commit.template [1ms]
[2023-03-15T23:27:22.184Z] > git status -z -uall [4ms]
[2023-03-15T23:27:22.276Z] > git symbolic-ref --short HEAD [1ms]
[2023-03-15T23:27:22.323Z] > git for-each-ref --format=%(refname)%00%(upstream:short)%00%(objectname)%00%(upstream:track)%00%(upstream:remotename)%00%(upstream:remoteref) refs/heads/master refs/remotes/master [2ms]
[2023-03-15T23:27:22.444Z] > git remote --verbose [5ms]
[2023-03-15T23:27:22.445Z] > git for-each-ref --sort -committerdate --format %(refname) %(objectname) %(*objectname) [52ms]
[2023-03-15T23:27:22.520Z] > git config --get commit.template [1ms]
[2023-03-15T23:27:31.626Z] > git status -z -uall [4ms]
[2023-03-15T23:27:31.693Z] > git symbolic-ref --short HEAD [4ms]
[2023-03-15T23:27:31.738Z] > git for-each-ref --format=%(refname)%00%(upstream:short)%00%(objectname)%00%(upstream:track)%00%(upstream:remotename)%00%(upstream:remoteref) refs/heads/master refs/remotes/master [3ms]
[2023-03-15T23:27:31.830Z] > git for-each-ref --sort -committerdate --format %(refname) %(objectname) %(*objectname) [42ms]
[2023-03-15T23:27:31.831Z] > git remote --verbose [3ms]
[2023-03-15T23:27:31.905Z] > git config --get commit.template [1ms]
[2023-03-15T23:27:36.965Z] > git status -z -uall [4ms]
[2023-03-15T23:27:37.070Z] > git symbolic-ref --short HEAD [1ms]
[2023-03-15T23:27:37.112Z] > git for-each-ref --format=%(refname)%00%(upstream:short)%00%(objectname)%00%(upstream:track)%00%(upstream:remotename)%00%(upstream:remoteref) refs/heads/master refs/remotes/master [2ms]
[2023-03-15T23:27:37.222Z] > git for-each-ref --sort -committerdate --format %(refname) %(objectname) %(*objectname) [42ms]
[2023-03-15T23:27:37.222Z] > git remote --verbose [1ms]
[2023-03-15T23:27:37.280Z] > git config --get commit.template [1ms]
[2023-03-15T23:27:42.335Z] > git status -z -uall [6ms]
[2023-03-15T23:27:42.404Z] > git symbolic-ref --short HEAD [5ms]
[2023-03-15T23:27:42.447Z] > git for-each-ref --format=%(refname)%00%(upstream:short)%00%(objectname)%00%(upstream:track)%00%(upstream:remotename)%00%(upstream:remoteref) refs/heads/master refs/remotes/master [4ms]
[2023-03-15T23:27:42.544Z] > git remote --verbose [1ms]
[2023-03-15T23:27:42.544Z] > git for-each-ref --sort -committerdate --format %(refname) %(objectname) %(*objectname) [38ms]
[2023-03-15T23:27:42.607Z] > git config --get commit.template [1ms]
[2023-03-15T23:27:47.653Z] > git status -z -uall [4ms]
[2023-03-15T23:27:47.722Z] > git symbolic-ref --short HEAD [2ms]
[2023-03-15T23:27:47.766Z] > git for-each-ref --format=%(refname)%00%(upstream:short)%00%(objectname)%00%(upstream:track)%00%(upstream:remotename)%00%(upstream:remoteref) refs/heads/master refs/remotes/master [2ms]
[2023-03-15T23:27:47.869Z] > git remote --verbose [4ms]
[2023-03-15T23:27:47.869Z] > git for-each-ref --sort -committerdate --format %(refname) %(objectname) %(*objectname) [42ms]
[2023-03-15T23:27:47.928Z] > git config --get commit.template [1ms]
[2023-03-15T23:27:52.984Z] > git status -z -uall [7ms]
[2023-03-15T23:27:53.048Z] > git symbolic-ref --short HEAD [2ms]
[2023-03-15T23:27:53.091Z] > git for-each-ref --format=%(refname)%00%(upstream:short)%00%(objectname)%00%(upstream:track)%00%(upstream:remotename)%00%(upstream:remoteref) refs/heads/master refs/remotes/master [1ms]
[2023-03-15T23:27:53.198Z] > git for-each-ref --sort -committerdate --format %(refname) %(objectname) %(*objectname) [44ms]
[2023-03-15T23:27:53.198Z] > git remote --verbose [2ms]
[2023-03-15T23:27:53.268Z] > git config --get commit.template [2ms]
[2023-03-15T23:28:01.231Z] > git status -z -uall [3ms]
[2023-03-15T23:28:01.297Z] > git symbolic-ref --short HEAD [3ms]
[2023-03-15T23:28:01.338Z] > git for-each-ref --format=%(refname)%00%(upstream:short)%00%(objectname)%00%(upstream:track)%00%(upstream:remotename)%00%(upstream:remoteref) refs/heads/master refs/remotes/master [2ms]
[2023-03-15T23:28:01.429Z] > git for-each-ref --sort -committerdate --format %(refname) %(objectname) %(*objectname) [39ms]
[2023-03-15T23:28:01.429Z] > git remote --verbose [1ms]
[2023-03-15T23:28:01.491Z] > git config --get commit.template [1ms]
[2023-03-15T23:28:11.081Z] > git status -z -uall [3ms]
[2023-03-15T23:28:11.164Z] > git symbolic-ref --short HEAD [1ms]
[2023-03-15T23:28:11.220Z] > git for-each-ref --format=%(refname)%00%(upstream:short)%00%(objectname)%00%(upstream:track)%00%(upstream:remotename)%00%(upstream:remoteref) refs/heads/master refs/remotes/master [1ms]
[2023-03-15T23:28:11.345Z] > git for-each-ref --sort -committerdate --format %(refname) %(objectname) %(*objectname) [47ms]
[2023-03-15T23:28:11.346Z] > git remote --verbose [2ms]
[2023-03-15T23:28:11.421Z] > git config --get commit.template [1ms]
[2023-03-15T23:28:16.488Z] > git status -z -uall [3ms]
[2023-03-15T23:28:16.555Z] > git symbolic-ref --short HEAD [1ms]
[2023-03-15T23:28:16.597Z] > git for-each-ref --format=%(refname)%00%(upstream:short)%00%(objectname)%00%(upstream:track)%00%(upstream:remotename)%00%(upstream:remoteref) refs/heads/master refs/remotes/master [1ms]
[2023-03-15T23:28:16.693Z] > git for-each-ref --sort -committerdate --format %(refname) %(objectname) %(*objectname) [44ms]
[2023-03-15T23:28:16.693Z] > git remote --verbose [2ms]
[2023-03-15T23:28:16.757Z] > git config --get commit.template [1ms]
[2023-03-15T23:28:21.813Z] > git status -z -uall [3ms]
[2023-03-15T23:28:21.888Z] > git symbolic-ref --short HEAD [1ms]
[2023-03-15T23:28:21.931Z] > git for-each-ref --format=%(refname)%00%(upstream:short)%00%(objectname)%00%(upstream:track)%00%(upstream:remotename)%00%(upstream:remoteref) refs/heads/master refs/remotes/master [2ms]
[2023-03-15T23:28:22.034Z] > git for-each-ref --sort -committerdate --format %(refname) %(objectname) %(*objectname) [42ms]
[2023-03-15T23:28:22.035Z] > git remote --verbose [3ms]
[2023-03-15T23:28:22.102Z] > git config --get commit.template [2ms]
[2023-03-15T23:28:27.149Z] > git status -z -uall [4ms]
[2023-03-15T23:28:27.212Z] > git symbolic-ref --short HEAD [1ms]
[2023-03-15T23:28:27.254Z] > git for-each-ref --format=%(refname)%00%(upstream:short)%00%(objectname)%00%(upstream:track)%00%(upstream:remotename)%00%(upstream:remoteref) refs/heads/master refs/remotes/master [4ms]
[2023-03-15T23:28:27.355Z] > git remote --verbose [1ms]
[2023-03-15T23:28:27.356Z] > git for-each-ref --sort -committerdate --format %(refname) %(objectname) %(*objectname) [41ms]
[2023-03-15T23:28:27.417Z] > git config --get commit.template [1ms]
[2023-03-15T23:28:32.478Z] > git status -z -uall [3ms]
[2023-03-15T23:28:32.543Z] > git symbolic-ref --short HEAD [1ms]
[2023-03-15T23:28:32.584Z] > git for-each-ref --format=%(refname)%00%(upstream:short)%00%(objectname)%00%(upstream:track)%00%(upstream:remotename)%00%(upstream:remoteref) refs/heads/master refs/remotes/master [1ms]
[2023-03-15T23:28:32.685Z] > git for-each-ref --sort -committerdate --format %(refname) %(objectname) %(*objectname) [46ms]
[2023-03-15T23:28:32.685Z] > git remote --verbose [1ms]
[2023-03-15T23:28:32.760Z] > git config --get commit.template [1ms]
[2023-03-15T23:28:37.809Z] > git status -z -uall [5ms]
[2023-03-15T23:28:37.874Z] > git symbolic-ref --short HEAD [1ms]
[2023-03-15T23:28:37.915Z] > git for-each-ref --format=%(refname)%00%(upstream:short)%00%(objectname)%00%(upstream:track)%00%(upstream:remotename)%00%(upstream:remoteref) refs/heads/master refs/remotes/master [2ms]
[2023-03-15T23:28:38.012Z] > git for-each-ref --sort -committerdate --format %(refname) %(objectname) %(*objectname) [39ms]
[2023-03-15T23:28:38.012Z] > git remote --verbose [1ms]
[2023-03-15T23:28:38.076Z] > git config --get commit.template [1ms]
[2023-03-15T23:28:47.549Z] > git status -z -uall [4ms]
[2023-03-15T23:28:47.608Z] > git symbolic-ref --short HEAD [2ms]
[2023-03-15T23:28:47.648Z] > git for-each-ref --format=%(refname)%00%(upstream:short)%00%(objectname)%00%(upstream:track)%00%(upstream:remotename)%00%(upstream:remoteref) refs/heads/master refs/remotes/master [2ms]
[2023-03-15T23:28:47.756Z] > git for-each-ref --sort -committerdate --format %(refname) %(objectname) %(*objectname) [52ms]
[2023-03-15T23:28:47.756Z] > git remote --verbose [3ms]
[2023-03-15T23:28:47.829Z] > git config --get commit.template [1ms]
[2023-03-15T23:28:52.889Z] > git status -z -uall [3ms]
[2023-03-15T23:28:52.975Z] > git symbolic-ref --short HEAD [1ms]
[2023-03-15T23:28:53.018Z] > git for-each-ref --format=%(refname)%00%(upstream:short)%00%(objectname)%00%(upstream:track)%00%(upstream:remotename)%00%(upstream:remoteref) refs/heads/master refs/remotes/master [0ms]
[2023-03-15T23:28:53.119Z] > git for-each-ref --sort -committerdate --format %(refname) %(objectname) %(*objectname) [38ms]
[2023-03-15T23:28:53.119Z] > git remote --verbose [1ms]
[2023-03-15T23:28:53.184Z] > git config --get commit.template [2ms]
[2023-03-15T23:28:58.242Z] > git status -z -uall [3ms]
[2023-03-15T23:28:58.303Z] > git symbolic-ref --short HEAD [1ms]
[2023-03-15T23:28:58.345Z] > git for-each-ref --format=%(refname)%00%(upstream:short)%00%(objectname)%00%(upstream:track)%00%(upstream:remotename)%00%(upstream:remoteref) refs/heads/master refs/remotes/master [1ms]
[2023-03-15T23:28:58.438Z] > git for-each-ref --sort -committerdate --format %(refname) %(objectname) %(*objectname) [43ms]
[2023-03-15T23:28:58.438Z] > git remote --verbose [3ms]
[2023-03-15T23:28:58.521Z] > git config --get commit.template [12ms]
