[2023-03-17T12:59:25.822Z] Log level: Info
[2023-03-17T12:59:25.829Z] [info] Validating found git in: git
[2023-03-17T12:59:26.004Z] [info] Using git 2.17.1 from git
[2023-03-17T12:59:26.471Z] > git rev-parse --show-toplevel [366ms]
[2023-03-17T12:59:26.471Z] fatal: not a git repository (or any of the parent directories): .git
[2023-03-17T12:59:26.612Z] > git rev-parse --show-toplevel [22ms]
[2023-03-17T12:59:26.700Z] > git rev-parse --git-dir --git-common-dir [2ms]
[2023-03-17T12:59:26.711Z] [info] Open repository: /project/train/src_repo
[2023-03-17T12:59:26.979Z] > git status -z -uall [120ms]
[2023-03-17T12:59:27.070Z] > git rev-parse --show-toplevel [95ms]
[2023-03-17T12:59:27.070Z] fatal: not a git repository (or any of the parent directories): .git
[2023-03-17T12:59:27.174Z] > git symbolic-ref --short HEAD [105ms]
[2023-03-17T12:59:27.259Z] > git rev-parse --show-toplevel [96ms]
[2023-03-17T12:59:27.259Z] fatal: not a git repository (or any of the parent directories): .git
[2023-03-17T12:59:27.342Z] > git for-each-ref --format=%(refname)%00%(upstream:short)%00%(objectname)%00%(upstream:track)%00%(upstream:remotename)%00%(upstream:remoteref) refs/heads/master refs/remotes/master [85ms]
[2023-03-17T12:59:27.572Z] > git remote --verbose [3ms]
[2023-03-17T12:59:27.573Z] > git for-each-ref --sort -committerdate --format %(refname) %(objectname) %(*objectname) [85ms]
[2023-03-17T12:59:27.577Z] > git rev-parse --show-toplevel [238ms]
[2023-03-17T12:59:27.577Z] fatal: not a git repository (or any of the parent directories): .git
[2023-03-17T12:59:27.799Z] > git rev-parse --show-toplevel [136ms]
[2023-03-17T12:59:27.799Z] fatal: not a git repository (or any of the parent directories): .git
[2023-03-17T12:59:27.877Z] > git config --get commit.template [81ms]
[2023-03-17T12:59:28.017Z] > git rev-parse --show-toplevel [141ms]
[2023-03-17T12:59:28.017Z] fatal: not a git repository (or any of the parent directories): .git
[2023-03-17T12:59:28.100Z] > git status -z -uall [84ms]
[2023-03-17T12:59:28.180Z] > git rev-parse --show-toplevel [84ms]
[2023-03-17T12:59:28.180Z] fatal: not a git repository (or any of the parent directories): .git
[2023-03-17T12:59:28.254Z] > git symbolic-ref --short HEAD [75ms]
[2023-03-17T12:59:28.337Z] > git rev-parse --show-toplevel [84ms]
[2023-03-17T12:59:28.337Z] fatal: not a git repository (or any of the parent directories): .git
[2023-03-17T12:59:28.415Z] > git for-each-ref --format=%(refname)%00%(upstream:short)%00%(objectname)%00%(upstream:track)%00%(upstream:remotename)%00%(upstream:remoteref) refs/heads/master refs/remotes/master [79ms]
[2023-03-17T12:59:28.629Z] > git for-each-ref --sort -committerdate --format %(refname) %(objectname) %(*objectname) [76ms]
[2023-03-17T12:59:28.629Z] > git rev-parse --show-toplevel [215ms]
[2023-03-17T12:59:28.629Z] fatal: not a git repository (or any of the parent directories): .git
[2023-03-17T12:59:28.707Z] > git rev-parse --show-toplevel [2ms]
[2023-03-17T12:59:28.707Z] fatal: not a git repository (or any of the parent directories): .git
[2023-03-17T12:59:28.783Z] > git remote --verbose [156ms]
[2023-03-17T12:59:28.929Z] > git rev-parse --show-toplevel [146ms]
[2023-03-17T12:59:28.929Z] fatal: not a git repository (or any of the parent directories): .git
[2023-03-17T12:59:28.938Z] > git config --get commit.template [13ms]
[2023-03-17T12:59:30.410Z] > git check-ignore -v -z --stdin [2ms]
[2023-03-17T12:59:31.108Z] > git show --textconv :yolov5/train.py [319ms]
[2023-03-17T12:59:31.265Z] > git ls-files --stage -- /project/train/src_repo/yolov5/train.py [337ms]
[2023-03-17T12:59:31.359Z] > git cat-file -s 63b2ec548cf64d390953c5c63806cd584b5f57ab [10ms]
[2023-03-17T12:59:31.639Z] > git log --format=%H%n%aN%n%aE%n%at%n%ct%n%P%n%D%n%B -z -n21 -- /project/train/src_repo/yolov5/train.py [3ms]
[2023-03-17T13:00:46.510Z] > git rev-list --count 0ac49616aa708f70424005517835cb204e444633.. -- /project/train/src_repo/yolov5/train.py [3ms]
[2023-03-17T13:00:46.605Z] > git log --format=%H%n%aN%n%aE%n%at%n%ct%n%P%n%D%n%B -z -n6 -- /project/train/src_repo/yolov5/train.py [2ms]
[2023-03-17T13:00:59.377Z] > git status -z -uall [6ms]
[2023-03-17T13:00:59.457Z] > git symbolic-ref --short HEAD [1ms]
[2023-03-17T13:00:59.671Z] > git for-each-ref --format=%(refname)%00%(upstream:short)%00%(objectname)%00%(upstream:track)%00%(upstream:remotename)%00%(upstream:remoteref) refs/heads/master refs/remotes/master [133ms]
[2023-03-17T13:00:59.881Z] > git remote --verbose [2ms]
[2023-03-17T13:00:59.882Z] > git for-each-ref --sort -committerdate --format %(refname) %(objectname) %(*objectname) [76ms]
[2023-03-17T13:00:59.886Z] > git ls-files --stage -- /project/train/src_repo/yolov5/train.py [216ms]
[2023-03-17T13:01:00.095Z] > git config --get commit.template [3ms]
[2023-03-17T13:01:00.097Z] > git cat-file -s 63b2ec548cf64d390953c5c63806cd584b5f57ab [139ms]
[2023-03-17T13:01:00.262Z] > git show --textconv :yolov5/train.py [3ms]
[2023-03-17T13:01:00.554Z] > git rev-list --count 0ac49616aa708f70424005517835cb204e444633.. -- /project/train/src_repo/yolov5/train.py [2ms]
[2023-03-17T13:01:00.640Z] > git log --format=%H%n%aN%n%aE%n%at%n%ct%n%P%n%D%n%B -z -n6 -- /project/train/src_repo/yolov5/train.py [3ms]
[2023-03-17T13:01:37.682Z] > git rev-parse --show-toplevel [8ms]
[2023-03-17T13:01:37.778Z] > git rev-parse --git-dir --git-common-dir [8ms]
[2023-03-17T13:01:37.788Z] [info] Open repository: /usr/local/ev_sdk
[2023-03-17T13:01:37.943Z] > git status -z -uall [4ms]
[2023-03-17T13:01:38.037Z] > git symbolic-ref --short HEAD [4ms]
[2023-03-17T13:01:38.113Z] > git for-each-ref --format=%(refname)%00%(upstream:short)%00%(objectname)%00%(upstream:track)%00%(upstream:remotename)%00%(upstream:remoteref) refs/heads/master refs/remotes/master [2ms]
[2023-03-17T13:01:38.322Z] > git remote --verbose [6ms]
[2023-03-17T13:01:38.323Z] > git for-each-ref --sort -committerdate --format %(refname) %(objectname) %(*objectname) [80ms]
[2023-03-17T13:01:38.460Z] > git config --get commit.template [3ms]
[2023-03-17T13:01:38.596Z] > git status -z -uall [4ms]
[2023-03-17T13:01:38.773Z] > git symbolic-ref --short HEAD [106ms]
[2023-03-17T13:01:38.860Z] > git for-each-ref --format=%(refname)%00%(upstream:short)%00%(objectname)%00%(upstream:track)%00%(upstream:remotename)%00%(upstream:remoteref) refs/heads/master refs/remotes/master [6ms]
[2023-03-17T13:01:39.124Z] > git remote --verbose [20ms]
[2023-03-17T13:01:39.124Z] > git for-each-ref --sort -committerdate --format %(refname) %(objectname) %(*objectname) [104ms]
[2023-03-17T13:01:39.279Z] > git config --get commit.template [2ms]
[2023-03-17T13:01:40.992Z] > git check-ignore -v -z --stdin [2ms]
[2023-03-17T13:01:55.327Z] > git status -z -uall [4ms]
[2023-03-17T13:01:55.416Z] > git symbolic-ref --short HEAD [5ms]
[2023-03-17T13:01:55.501Z] > git for-each-ref --format=%(refname)%00%(upstream:short)%00%(objectname)%00%(upstream:track)%00%(upstream:remotename)%00%(upstream:remoteref) refs/heads/master refs/remotes/master [2ms]
[2023-03-17T13:01:55.781Z] > git remote --verbose [115ms]
[2023-03-17T13:01:55.781Z] > git for-each-ref --sort -committerdate --format %(refname) %(objectname) %(*objectname) [194ms]
[2023-03-17T13:01:56.119Z] > git config --get commit.template [181ms]
[2023-03-17T13:02:01.237Z] > git status -z -uall [4ms]
[2023-03-17T13:02:01.339Z] > git symbolic-ref --short HEAD [8ms]
[2023-03-17T13:02:01.457Z] > git for-each-ref --format=%(refname)%00%(upstream:short)%00%(objectname)%00%(upstream:track)%00%(upstream:remotename)%00%(upstream:remoteref) refs/heads/master refs/remotes/master [5ms]
[2023-03-17T13:02:01.708Z] > git remote --verbose [6ms]
[2023-03-17T13:02:01.708Z] > git for-each-ref --sort -committerdate --format %(refname) %(objectname) %(*objectname) [97ms]
[2023-03-17T13:02:01.872Z] > git config --get commit.template [5ms]
[2023-03-17T13:02:13.562Z] > git status -z -uall [5ms]
[2023-03-17T13:02:13.663Z] > git symbolic-ref --short HEAD [2ms]
[2023-03-17T13:02:13.766Z] > git for-each-ref --format=%(refname)%00%(upstream:short)%00%(objectname)%00%(upstream:track)%00%(upstream:remotename)%00%(upstream:remoteref) refs/heads/master refs/remotes/master [10ms]
[2023-03-17T13:02:14.012Z] > git remote --verbose [3ms]
[2023-03-17T13:02:14.012Z] > git for-each-ref --sort -committerdate --format %(refname) %(objectname) %(*objectname) [94ms]
[2023-03-17T13:02:14.176Z] > git config --get commit.template [3ms]
[2023-03-17T13:03:03.620Z] > git status -z -uall [4ms]
[2023-03-17T13:03:03.706Z] > git symbolic-ref --short HEAD [2ms]
[2023-03-17T13:03:03.797Z] > git for-each-ref --format=%(refname)%00%(upstream:short)%00%(objectname)%00%(upstream:track)%00%(upstream:remotename)%00%(upstream:remoteref) refs/heads/master refs/remotes/master [3ms]
[2023-03-17T13:03:03.974Z] > git remote --verbose [3ms]
[2023-03-17T13:03:03.974Z] > git for-each-ref --sort -committerdate --format %(refname) %(objectname) %(*objectname) [92ms]
[2023-03-17T13:03:04.126Z] > git config --get commit.template [2ms]
[2023-03-17T13:03:23.181Z] > git status -z -uall [3ms]
[2023-03-17T13:03:23.324Z] > git symbolic-ref --short HEAD [4ms]
[2023-03-17T13:03:23.408Z] > git for-each-ref --format=%(refname)%00%(upstream:short)%00%(objectname)%00%(upstream:track)%00%(upstream:remotename)%00%(upstream:remoteref) refs/heads/master refs/remotes/master [2ms]
[2023-03-17T13:03:23.631Z] > git for-each-ref --sort -committerdate --format %(refname) %(objectname) %(*objectname) [85ms]
[2023-03-17T13:03:23.633Z] > git remote --verbose [5ms]
[2023-03-17T13:03:23.792Z] > git config --get commit.template [2ms]
[2023-03-17T13:03:28.882Z] > git status -z -uall [3ms]
[2023-03-17T13:03:29.028Z] > git symbolic-ref --short HEAD [1ms]
[2023-03-17T13:03:29.107Z] > git for-each-ref --format=%(refname)%00%(upstream:short)%00%(objectname)%00%(upstream:track)%00%(upstream:remotename)%00%(upstream:remoteref) refs/heads/master refs/remotes/master [2ms]
[2023-03-17T13:03:29.323Z] > git remote --verbose [5ms]
[2023-03-17T13:03:29.323Z] > git for-each-ref --sort -committerdate --format %(refname) %(objectname) %(*objectname) [86ms]
[2023-03-17T13:03:29.461Z] > git config --get commit.template [2ms]
[2023-03-17T13:09:19.254Z] > git check-ignore -v -z --stdin [4ms]
[2023-03-17T13:09:20.451Z] > git check-ignore -v -z --stdin [2ms]
[2023-03-17T13:10:54.033Z] > git status -z -uall [4ms]
[2023-03-17T13:10:54.119Z] > git symbolic-ref --short HEAD [3ms]
[2023-03-17T13:10:54.207Z] > git for-each-ref --format=%(refname)%00%(upstream:short)%00%(objectname)%00%(upstream:track)%00%(upstream:remotename)%00%(upstream:remoteref) refs/heads/master refs/remotes/master [2ms]
[2023-03-17T13:10:54.395Z] > git remote --verbose [1ms]
[2023-03-17T13:10:54.395Z] > git for-each-ref --sort -committerdate --format %(refname) %(objectname) %(*objectname) [80ms]
[2023-03-17T13:10:54.541Z] > git config --get commit.template [5ms]
[2023-03-17T13:10:59.687Z] > git status -z -uall [6ms]
[2023-03-17T13:10:59.771Z] > git symbolic-ref --short HEAD [1ms]
[2023-03-17T13:10:59.857Z] > git for-each-ref --format=%(refname)%00%(upstream:short)%00%(objectname)%00%(upstream:track)%00%(upstream:remotename)%00%(upstream:remoteref) refs/heads/master refs/remotes/master [2ms]
[2023-03-17T13:11:00.066Z] > git remote --verbose [3ms]
[2023-03-17T13:11:00.066Z] > git for-each-ref --sort -committerdate --format %(refname) %(objectname) %(*objectname) [92ms]
[2023-03-17T13:11:00.214Z] > git config --get commit.template [2ms]
[2023-03-17T13:12:13.354Z] > git status -z -uall [115ms]
[2023-03-17T13:12:13.491Z] > git status -z -uall [138ms]
[2023-03-17T13:12:13.634Z] > git symbolic-ref --short HEAD [144ms]
[2023-03-17T13:12:13.718Z] > git symbolic-ref --short HEAD [86ms]
[2023-03-17T13:12:13.800Z] > git for-each-ref --format=%(refname)%00%(upstream:short)%00%(objectname)%00%(upstream:track)%00%(upstream:remotename)%00%(upstream:remoteref) refs/heads/master refs/remotes/master [84ms]
[2023-03-17T13:12:14.028Z] > git remote --verbose [8ms]
[2023-03-17T13:12:14.028Z] > git for-each-ref --sort -committerdate --format %(refname) %(objectname) %(*objectname) [91ms]
[2023-03-17T13:12:14.031Z] > git for-each-ref --format=%(refname)%00%(upstream:short)%00%(objectname)%00%(upstream:track)%00%(upstream:remotename)%00%(upstream:remoteref) refs/heads/master refs/remotes/master [232ms]
[2023-03-17T13:12:14.386Z] > git remote --verbose [138ms]
[2023-03-17T13:12:14.386Z] > git for-each-ref --sort -committerdate --format %(refname) %(objectname) %(*objectname) [220ms]
[2023-03-17T13:12:14.531Z] > git config --get commit.template [146ms]
[2023-03-17T13:12:14.533Z] > git config --get commit.template [6ms]
[2023-03-17T13:12:19.681Z] > git status -z -uall [4ms]
[2023-03-17T13:12:19.822Z] > git symbolic-ref --short HEAD [1ms]
[2023-03-17T13:12:19.908Z] > git for-each-ref --format=%(refname)%00%(upstream:short)%00%(objectname)%00%(upstream:track)%00%(upstream:remotename)%00%(upstream:remoteref) refs/heads/master refs/remotes/master [2ms]
[2023-03-17T13:12:20.120Z] > git for-each-ref --sort -committerdate --format %(refname) %(objectname) %(*objectname) [79ms]
[2023-03-17T13:12:20.121Z] > git remote --verbose [2ms]
[2023-03-17T13:12:20.264Z] > git config --get commit.template [1ms]
[2023-03-17T13:13:42.962Z] > git log --format=%H%n%aN%n%aE%n%at%n%ct%n%P%n%D%n%B -z -n21 -- /project/train/src_repo/yolov5/train.py [5ms]
[2023-03-17T13:13:43.418Z] > git show --textconv :yolov5/train.py [143ms]
[2023-03-17T13:13:43.420Z] > git ls-files --stage -- /project/train/src_repo/yolov5/train.py [3ms]
[2023-03-17T13:13:43.505Z] > git cat-file -s 63b2ec548cf64d390953c5c63806cd584b5f57ab [1ms]
[2023-03-17T13:22:27.637Z] > git rev-list --count 0ac49616aa708f70424005517835cb204e444633.. -- /project/train/src_repo/yolov5/train.py [2ms]
[2023-03-17T13:22:27.723Z] > git log --format=%H%n%aN%n%aE%n%at%n%ct%n%P%n%D%n%B -z -n6 -- /project/train/src_repo/yolov5/train.py [2ms]
[2023-03-17T13:23:24.823Z] > git status -z -uall [126ms]
[2023-03-17T13:23:24.981Z] > git status -z -uall [159ms]
[2023-03-17T13:23:25.127Z] > git symbolic-ref --short HEAD [147ms]
[2023-03-17T13:23:25.213Z] > git symbolic-ref --short HEAD [86ms]
[2023-03-17T13:23:25.298Z] > git for-each-ref --format=%(refname)%00%(upstream:short)%00%(objectname)%00%(upstream:track)%00%(upstream:remotename)%00%(upstream:remoteref) refs/heads/master refs/remotes/master [86ms]
[2023-03-17T13:23:25.536Z] > git remote --verbose [2ms]
[2023-03-17T13:23:25.537Z] > git for-each-ref --sort -committerdate --format %(refname) %(objectname) %(*objectname) [91ms]
[2023-03-17T13:23:25.539Z] > git for-each-ref --format=%(refname)%00%(upstream:short)%00%(objectname)%00%(upstream:track)%00%(upstream:remotename)%00%(upstream:remoteref) refs/heads/master refs/remotes/master [242ms]
[2023-03-17T13:23:25.909Z] > git remote --verbose [146ms]
[2023-03-17T13:23:25.909Z] > git for-each-ref --sort -committerdate --format %(refname) %(objectname) %(*objectname) [231ms]
[2023-03-17T13:23:26.056Z] > git config --get commit.template [150ms]
[2023-03-17T13:23:26.058Z] > git config --get commit.template [3ms]
[2023-03-17T13:23:26.208Z] > git ls-files --stage -- /project/train/src_repo/yolov5/train.py [3ms]
[2023-03-17T13:23:26.294Z] > git cat-file -s 63b2ec548cf64d390953c5c63806cd584b5f57ab [1ms]
[2023-03-17T13:23:26.551Z] > git rev-list --count 0ac49616aa708f70424005517835cb204e444633.. -- /project/train/src_repo/yolov5/train.py [8ms]
[2023-03-17T13:23:26.716Z] > git log --format=%H%n%aN%n%aE%n%at%n%ct%n%P%n%D%n%B -z -n6 -- /project/train/src_repo/yolov5/train.py [85ms]
[2023-03-17T13:23:26.722Z] > git show --textconv :yolov5/train.py [8ms]
[2023-03-17T13:28:34.488Z] > git rev-list --count 0ac49616aa708f70424005517835cb204e444633.. -- /project/train/src_repo/yolov5/train.py [3ms]
[2023-03-17T13:28:34.579Z] > git log --format=%H%n%aN%n%aE%n%at%n%ct%n%P%n%D%n%B -z -n6 -- /project/train/src_repo/yolov5/train.py [2ms]
[2023-03-17T13:30:51.340Z] > git rev-list --count 0ac49616aa708f70424005517835cb204e444633.. -- /project/train/src_repo/yolov5/train.py [2ms]
[2023-03-17T13:30:51.432Z] > git log --format=%H%n%aN%n%aE%n%at%n%ct%n%P%n%D%n%B -z -n6 -- /project/train/src_repo/yolov5/train.py [2ms]
[2023-03-17T13:36:15.231Z] > git rev-list --count 0ac49616aa708f70424005517835cb204e444633.. -- /project/train/src_repo/yolov5/train.py [2ms]
[2023-03-17T13:36:15.328Z] > git log --format=%H%n%aN%n%aE%n%at%n%ct%n%P%n%D%n%B -z -n6 -- /project/train/src_repo/yolov5/train.py [3ms]
[2023-03-17T13:47:05.663Z] > git rev-list --count 0ac49616aa708f70424005517835cb204e444633.. -- /project/train/src_repo/yolov5/train.py [2ms]
[2023-03-17T13:47:05.758Z] > git log --format=%H%n%aN%n%aE%n%at%n%ct%n%P%n%D%n%B -z -n6 -- /project/train/src_repo/yolov5/train.py [2ms]
[2023-03-17T13:52:32.027Z] > git rev-list --count 0ac49616aa708f70424005517835cb204e444633.. -- /project/train/src_repo/yolov5/train.py [3ms]
[2023-03-17T13:52:32.113Z] > git log --format=%H%n%aN%n%aE%n%at%n%ct%n%P%n%D%n%B -z -n6 -- /project/train/src_repo/yolov5/train.py [3ms]
[2023-03-17T13:55:21.006Z] > git rev-list --count 0ac49616aa708f70424005517835cb204e444633.. -- /project/train/src_repo/yolov5/train.py [6ms]
[2023-03-17T13:55:21.104Z] > git log --format=%H%n%aN%n%aE%n%at%n%ct%n%P%n%D%n%B -z -n6 -- /project/train/src_repo/yolov5/train.py [2ms]
[2023-03-17T13:59:33.259Z] > git status -z -uall [116ms]
[2023-03-17T13:59:33.393Z] > git status -z -uall [135ms]
[2023-03-17T13:59:33.530Z] > git symbolic-ref --short HEAD [136ms]
[2023-03-17T13:59:33.610Z] > git symbolic-ref --short HEAD [82ms]
[2023-03-17T13:59:33.692Z] > git for-each-ref --format=%(refname)%00%(upstream:short)%00%(objectname)%00%(upstream:track)%00%(upstream:remotename)%00%(upstream:remoteref) refs/heads/master refs/remotes/master [83ms]
[2023-03-17T13:59:33.914Z] > git for-each-ref --sort -committerdate --format %(refname) %(objectname) %(*objectname) [83ms]
[2023-03-17T13:59:33.914Z] > git for-each-ref --format=%(refname)%00%(upstream:short)%00%(objectname)%00%(upstream:track)%00%(upstream:remotename)%00%(upstream:remoteref) refs/heads/master refs/remotes/master [223ms]
[2023-03-17T13:59:34.133Z] > git for-each-ref --sort -committerdate --format %(refname) %(objectname) %(*objectname) [84ms]
[2023-03-17T13:59:34.134Z] > git remote --verbose [222ms]
[2023-03-17T13:59:34.275Z] > git remote --verbose [143ms]
[2023-03-17T13:59:34.416Z] > git config --get commit.template [142ms]
[2023-03-17T13:59:34.418Z] > git config --get commit.template [3ms]
[2023-03-17T13:59:34.561Z] > git ls-files --stage -- /project/train/src_repo/yolov5/train.py [2ms]
[2023-03-17T13:59:34.649Z] > git cat-file -s 63b2ec548cf64d390953c5c63806cd584b5f57ab [7ms]
[2023-03-17T13:59:34.884Z] > git rev-list --count 0ac49616aa708f70424005517835cb204e444633.. -- /project/train/src_repo/yolov5/train.py [1ms]
[2023-03-17T13:59:35.080Z] > git show --textconv :yolov5/train.py [5ms]
[2023-03-17T13:59:35.080Z] > git log --format=%H%n%aN%n%aE%n%at%n%ct%n%P%n%D%n%B -z -n6 -- /project/train/src_repo/yolov5/train.py [102ms]
[2023-03-17T13:59:39.650Z] > git status -z -uall [135ms]
[2023-03-17T13:59:39.802Z] > git status -z -uall [153ms]
[2023-03-17T13:59:39.958Z] > git symbolic-ref --short HEAD [158ms]
[2023-03-17T13:59:40.051Z] > git symbolic-ref --short HEAD [98ms]
[2023-03-17T13:59:40.146Z] > git for-each-ref --format=%(refname)%00%(upstream:short)%00%(objectname)%00%(upstream:track)%00%(upstream:remotename)%00%(upstream:remoteref) refs/heads/master refs/remotes/master [96ms]
[2023-03-17T13:59:40.395Z] > git remote --verbose [1ms]
[2023-03-17T13:59:40.396Z] > git for-each-ref --sort -committerdate --format %(refname) %(objectname) %(*objectname) [94ms]
[2023-03-17T13:59:40.397Z] > git for-each-ref --format=%(refname)%00%(upstream:short)%00%(objectname)%00%(upstream:track)%00%(upstream:remotename)%00%(upstream:remoteref) refs/heads/master refs/remotes/master [253ms]
[2023-03-17T13:59:40.785Z] > git for-each-ref --sort -committerdate --format %(refname) %(objectname) %(*objectname) [240ms]
[2023-03-17T13:59:40.786Z] > git config --get commit.template [2ms]
[2023-03-17T13:59:40.787Z] > git remote --verbose [151ms]
[2023-03-17T13:59:40.933Z] > git config --get commit.template [2ms]
[2023-03-17T13:59:41.158Z] > git rev-list --count 0ac49616aa708f70424005517835cb204e444633.. -- /project/train/src_repo/yolov5/train.py [2ms]
[2023-03-17T13:59:41.245Z] > git log --format=%H%n%aN%n%aE%n%at%n%ct%n%P%n%D%n%B -z -n6 -- /project/train/src_repo/yolov5/train.py [4ms]
[2023-03-17T13:59:45.909Z] > git status -z -uall [6ms]
[2023-03-17T13:59:46.221Z] > git symbolic-ref --short HEAD [163ms]
[2023-03-17T13:59:46.311Z] > git for-each-ref --format=%(refname)%00%(upstream:short)%00%(objectname)%00%(upstream:track)%00%(upstream:remotename)%00%(upstream:remoteref) refs/heads/master refs/remotes/master [4ms]
[2023-03-17T13:59:46.519Z] > git remote --verbose [7ms]
[2023-03-17T13:59:46.519Z] > git for-each-ref --sort -committerdate --format %(refname) %(objectname) %(*objectname) [93ms]
[2023-03-17T13:59:46.671Z] > git config --get commit.template [3ms]
[2023-03-17T13:59:47.252Z] > git rev-list --count 0ac49616aa708f70424005517835cb204e444633.. -- /project/train/src_repo/yolov5/train.py [2ms]
[2023-03-17T13:59:47.354Z] > git log --format=%H%n%aN%n%aE%n%at%n%ct%n%P%n%D%n%B -z -n6 -- /project/train/src_repo/yolov5/train.py [13ms]
[2023-03-17T13:59:52.051Z] > git status -z -uall [10ms]
[2023-03-17T13:59:52.402Z] > git symbolic-ref --short HEAD [186ms]
[2023-03-17T13:59:52.510Z] > git for-each-ref --format=%(refname)%00%(upstream:short)%00%(objectname)%00%(upstream:track)%00%(upstream:remotename)%00%(upstream:remoteref) refs/heads/master refs/remotes/master [5ms]
[2023-03-17T13:59:52.753Z] > git remote --verbose [8ms]
[2023-03-17T13:59:52.754Z] > git for-each-ref --sort -committerdate --format %(refname) %(objectname) %(*objectname) [113ms]
[2023-03-17T13:59:52.927Z] > git config --get commit.template [3ms]
[2023-03-17T13:59:53.498Z] > git rev-list --count 0ac49616aa708f70424005517835cb204e444633.. -- /project/train/src_repo/yolov5/train.py [2ms]
[2023-03-17T13:59:53.596Z] > git log --format=%H%n%aN%n%aE%n%at%n%ct%n%P%n%D%n%B -z -n6 -- /project/train/src_repo/yolov5/train.py [3ms]
[2023-03-17T14:00:00.972Z] > git status -z -uall [6ms]
[2023-03-17T14:00:01.134Z] > git symbolic-ref --short HEAD [2ms]
[2023-03-17T14:00:01.369Z] > git for-each-ref --format=%(refname)%00%(upstream:short)%00%(objectname)%00%(upstream:track)%00%(upstream:remotename)%00%(upstream:remoteref) refs/heads/master refs/remotes/master [138ms]
[2023-03-17T14:00:01.597Z] > git remote --verbose [2ms]
[2023-03-17T14:00:01.598Z] > git for-each-ref --sort -committerdate --format %(refname) %(objectname) %(*objectname) [102ms]
[2023-03-17T14:00:01.952Z] > git config --get commit.template [1ms]
[2023-03-17T14:00:02.331Z] > git rev-list --count 0ac49616aa708f70424005517835cb204e444633.. -- /project/train/src_repo/yolov5/train.py [5ms]
[2023-03-17T14:00:02.415Z] > git log --format=%H%n%aN%n%aE%n%at%n%ct%n%P%n%D%n%B -z -n6 -- /project/train/src_repo/yolov5/train.py [2ms]
[2023-03-17T14:00:33.270Z] > git status -z -uall [7ms]
[2023-03-17T14:00:33.554Z] > git symbolic-ref --short HEAD [125ms]
[2023-03-17T14:00:33.821Z] > git for-each-ref --format=%(refname)%00%(upstream:short)%00%(objectname)%00%(upstream:track)%00%(upstream:remotename)%00%(upstream:remoteref) refs/heads/master refs/remotes/master [176ms]
[2023-03-17T14:00:34.027Z] > git for-each-ref --sort -committerdate --format %(refname) %(objectname) %(*objectname) [87ms]
[2023-03-17T14:00:34.030Z] > git remote --verbose [6ms]
[2023-03-17T14:00:34.195Z] > git config --get commit.template [3ms]
[2023-03-17T14:00:34.766Z] > git rev-list --count 0ac49616aa708f70424005517835cb204e444633.. -- /project/train/src_repo/yolov5/train.py [2ms]
[2023-03-17T14:00:34.856Z] > git log --format=%H%n%aN%n%aE%n%at%n%ct%n%P%n%D%n%B -z -n6 -- /project/train/src_repo/yolov5/train.py [3ms]
[2023-03-17T14:00:45.264Z] > git rev-list --count 0ac49616aa708f70424005517835cb204e444633.. -- /project/train/src_repo/yolov5/train.py [3ms]
[2023-03-17T14:00:45.365Z] > git log --format=%H%n%aN%n%aE%n%at%n%ct%n%P%n%D%n%B -z -n7 -- /project/train/src_repo/yolov5/train.py [3ms]
[2023-03-17T14:00:45.660Z] > git status -z -uall [10ms]
[2023-03-17T14:00:45.828Z] > git symbolic-ref --short HEAD [2ms]
[2023-03-17T14:00:46.084Z] > git for-each-ref --format=%(refname)%00%(upstream:short)%00%(objectname)%00%(upstream:track)%00%(upstream:remotename)%00%(upstream:remoteref) refs/heads/master refs/remotes/master [156ms]
[2023-03-17T14:00:46.330Z] > git for-each-ref --sort -committerdate --format %(refname) %(objectname) %(*objectname) [97ms]
[2023-03-17T14:00:46.331Z] > git ls-files --stage -- /project/train/src_repo/yolov5/train.py [248ms]
[2023-03-17T14:00:46.425Z] > git remote --verbose [96ms]
[2023-03-17T14:00:46.572Z] > git cat-file -s f97883a6d7721d1f9834abbb581b418838aa3646 [149ms]
[2023-03-17T14:00:46.573Z] > git config --get commit.template [2ms]
[2023-03-17T14:00:46.749Z] > git show --textconv :yolov5/train.py [2ms]
[2023-03-17T14:00:47.328Z] > git rev-list --count 0ac49616aa708f70424005517835cb204e444633.. -- /project/train/src_repo/yolov5/train.py [3ms]
[2023-03-17T14:00:47.427Z] > git log --format=%H%n%aN%n%aE%n%at%n%ct%n%P%n%D%n%B -z -n7 -- /project/train/src_repo/yolov5/train.py [3ms]
[2023-03-17T14:00:47.988Z] > git status -z -uall [3ms]
[2023-03-17T14:00:48.134Z] > git symbolic-ref --short HEAD [3ms]
[2023-03-17T14:00:48.228Z] > git for-each-ref --format=%(refname)%00%(upstream:short)%00%(objectname)%00%(upstream:track)%00%(upstream:remotename)%00%(upstream:remoteref) refs/heads/master refs/remotes/master [2ms]
[2023-03-17T14:00:48.480Z] > git for-each-ref --sort -committerdate --format %(refname) %(objectname) %(*objectname) [96ms]
[2023-03-17T14:00:48.481Z] > git remote --verbose [2ms]
[2023-03-17T14:00:48.632Z] > git config --get commit.template [1ms]
[2023-03-17T14:00:51.705Z] > git status -z -uall [7ms]
[2023-03-17T14:00:51.857Z] > git symbolic-ref --short HEAD [3ms]
[2023-03-17T14:00:51.959Z] > git for-each-ref --format=%(refname)%00%(upstream:short)%00%(objectname)%00%(upstream:track)%00%(upstream:remotename)%00%(upstream:remoteref) refs/heads/master refs/remotes/master [6ms]
[2023-03-17T14:00:52.166Z] > git remote --verbose [2ms]
[2023-03-17T14:00:52.167Z] > git for-each-ref --sort -committerdate --format %(refname) %(objectname) %(*objectname) [89ms]
[2023-03-17T14:00:52.316Z] > git config --get commit.template [2ms]
[2023-03-17T14:00:52.915Z] > git rev-list --count 0ac49616aa708f70424005517835cb204e444633.. -- /project/train/src_repo/yolov5/train.py [2ms]
[2023-03-17T14:00:53.012Z] > git log --format=%H%n%aN%n%aE%n%at%n%ct%n%P%n%D%n%B -z -n7 -- /project/train/src_repo/yolov5/train.py [5ms]
[2023-03-17T14:01:36.091Z] > git status -z -uall [11ms]
[2023-03-17T14:01:36.376Z] > git symbolic-ref --short HEAD [127ms]
[2023-03-17T14:01:36.645Z] > git for-each-ref --format=%(refname)%00%(upstream:short)%00%(objectname)%00%(upstream:track)%00%(upstream:remotename)%00%(upstream:remoteref) refs/heads/master refs/remotes/master [168ms]
[2023-03-17T14:01:36.839Z] > git for-each-ref --sort -committerdate --format %(refname) %(objectname) %(*objectname) [84ms]
[2023-03-17T14:01:36.842Z] > git remote --verbose [5ms]
[2023-03-17T14:01:36.997Z] > git config --get commit.template [5ms]
[2023-03-17T14:01:37.580Z] > git rev-list --count 0ac49616aa708f70424005517835cb204e444633.. -- /project/train/src_repo/yolov5/train.py [3ms]
[2023-03-17T14:01:37.678Z] > git log --format=%H%n%aN%n%aE%n%at%n%ct%n%P%n%D%n%B -z -n7 -- /project/train/src_repo/yolov5/train.py [3ms]
[2023-03-17T14:02:28.218Z] > git status -z -uall [9ms]
[2023-03-17T14:02:28.351Z] > git symbolic-ref --short HEAD [2ms]
[2023-03-17T14:02:28.435Z] > git for-each-ref --format=%(refname)%00%(upstream:short)%00%(objectname)%00%(upstream:track)%00%(upstream:remotename)%00%(upstream:remoteref) refs/heads/master refs/remotes/master [1ms]
[2023-03-17T14:02:28.646Z] > git for-each-ref --sort -committerdate --format %(refname) %(objectname) %(*objectname) [82ms]
[2023-03-17T14:02:28.646Z] > git remote --verbose [2ms]
[2023-03-17T14:02:28.791Z] > git config --get commit.template [5ms]
[2023-03-17T14:02:29.376Z] > git rev-list --count 0ac49616aa708f70424005517835cb204e444633.. -- /project/train/src_repo/yolov5/train.py [2ms]
[2023-03-17T14:02:29.456Z] > git log --format=%H%n%aN%n%aE%n%at%n%ct%n%P%n%D%n%B -z -n7 -- /project/train/src_repo/yolov5/train.py [3ms]
[2023-03-17T14:02:42.230Z] > git status -z -uall [9ms]
[2023-03-17T14:02:42.832Z] > git symbolic-ref --short HEAD [4ms]
[2023-03-17T14:02:43.125Z] > git for-each-ref --format=%(refname)%00%(upstream:short)%00%(objectname)%00%(upstream:track)%00%(upstream:remotename)%00%(upstream:remoteref) refs/heads/master refs/remotes/master [2ms]
[2023-03-17T14:02:43.830Z] > git for-each-ref --sort -committerdate --format %(refname) %(objectname) %(*objectname) [301ms]
[2023-03-17T14:02:43.831Z] > git remote --verbose [4ms]
[2023-03-17T14:02:44.828Z] > git config --get commit.template [6ms]
[2023-03-17T14:02:47.633Z] > git rev-list --count 0ac49616aa708f70424005517835cb204e444633.. -- /project/train/src_repo/yolov5/train.py [5ms]
[2023-03-17T14:02:48.527Z] > git log --format=%H%n%aN%n%aE%n%at%n%ct%n%P%n%D%n%B -z -n7 -- /project/train/src_repo/yolov5/train.py [85ms]
[2023-03-17T14:06:15.828Z] > git rev-list --count 0ac49616aa708f70424005517835cb204e444633.. -- /project/train/src_repo/yolov5/train.py [2ms]
[2023-03-17T14:06:16.122Z] > git log --format=%H%n%aN%n%aE%n%at%n%ct%n%P%n%D%n%B -z -n8 -- /project/train/src_repo/yolov5/train.py [2ms]
[2023-03-17T14:11:40.726Z] > git rev-list --count 0ac49616aa708f70424005517835cb204e444633.. -- /project/train/src_repo/yolov5/train.py [2ms]
[2023-03-17T14:11:40.866Z] > git log --format=%H%n%aN%n%aE%n%at%n%ct%n%P%n%D%n%B -z -n8 -- /project/train/src_repo/yolov5/train.py [3ms]
[2023-03-17T14:17:01.675Z] > git rev-list --count 0ac49616aa708f70424005517835cb204e444633.. -- /project/train/src_repo/yolov5/train.py [3ms]
[2023-03-17T14:17:01.771Z] > git log --format=%H%n%aN%n%aE%n%at%n%ct%n%P%n%D%n%B -z -n8 -- /project/train/src_repo/yolov5/train.py [3ms]
[2023-03-17T14:22:26.673Z] > git rev-list --count 0ac49616aa708f70424005517835cb204e444633.. -- /project/train/src_repo/yolov5/train.py [3ms]
[2023-03-17T14:22:26.770Z] > git log --format=%H%n%aN%n%aE%n%at%n%ct%n%P%n%D%n%B -z -n8 -- /project/train/src_repo/yolov5/train.py [3ms]
[2023-03-17T14:25:26.653Z] > git rev-list --count 0ac49616aa708f70424005517835cb204e444633.. -- /project/train/src_repo/yolov5/train.py [2ms]
[2023-03-17T14:25:26.738Z] > git log --format=%H%n%aN%n%aE%n%at%n%ct%n%P%n%D%n%B -z -n8 -- /project/train/src_repo/yolov5/train.py [2ms]
[2023-03-17T14:30:48.301Z] > git rev-list --count 0ac49616aa708f70424005517835cb204e444633.. -- /project/train/src_repo/yolov5/train.py [2ms]
[2023-03-17T14:30:48.392Z] > git log --format=%H%n%aN%n%aE%n%at%n%ct%n%P%n%D%n%B -z -n8 -- /project/train/src_repo/yolov5/train.py [3ms]
[2023-03-17T14:31:51.446Z] > git status -z -uall [113ms]
[2023-03-17T14:31:51.579Z] > git status -z -uall [135ms]
[2023-03-17T14:31:51.721Z] > git symbolic-ref --short HEAD [143ms]
[2023-03-17T14:31:51.806Z] > git symbolic-ref --short HEAD [86ms]
[2023-03-17T14:31:51.888Z] > git for-each-ref --format=%(refname)%00%(upstream:short)%00%(objectname)%00%(upstream:track)%00%(upstream:remotename)%00%(upstream:remoteref) refs/heads/master refs/remotes/master [83ms]
[2023-03-17T14:31:52.123Z] > git for-each-ref --sort -committerdate --format %(refname) %(objectname) %(*objectname) [92ms]
[2023-03-17T14:31:52.123Z] > git for-each-ref --format=%(refname)%00%(upstream:short)%00%(objectname)%00%(upstream:track)%00%(upstream:remotename)%00%(upstream:remoteref) refs/heads/master refs/remotes/master [236ms]
[2023-03-17T14:31:52.343Z] > git remote --verbose [1ms]
[2023-03-17T14:31:52.344Z] > git for-each-ref --sort -committerdate --format %(refname) %(objectname) %(*objectname) [77ms]
[2023-03-17T14:31:52.347Z] > git remote --verbose [226ms]
[2023-03-17T14:31:52.774Z] > git config --get commit.template [283ms]
[2023-03-17T14:31:52.775Z] > git ls-files --stage -- /project/train/src_repo/yolov5/train.py [2ms]
[2023-03-17T14:31:52.858Z] > git config --get commit.template [223ms]
[2023-03-17T14:31:52.860Z] > git cat-file -s a52ef22dba4bb23041a4dbafdba166bda22f290b [2ms]
[2023-03-17T14:31:53.199Z] > git rev-list --count 0ac49616aa708f70424005517835cb204e444633.. -- /project/train/src_repo/yolov5/train.py [91ms]
[2023-03-17T14:31:53.285Z] > git show --textconv :yolov5/train.py [87ms]
[2023-03-17T14:31:53.286Z] > git log --format=%H%n%aN%n%aE%n%at%n%ct%n%P%n%D%n%B -z -n8 -- /project/train/src_repo/yolov5/train.py [2ms]
[2023-03-17T14:31:57.994Z] > git status -z -uall [111ms]
[2023-03-17T14:31:58.126Z] > git status -z -uall [135ms]
[2023-03-17T14:31:58.264Z] > git symbolic-ref --short HEAD [139ms]
[2023-03-17T14:31:58.350Z] > git symbolic-ref --short HEAD [87ms]
[2023-03-17T14:31:58.433Z] > git for-each-ref --format=%(refname)%00%(upstream:short)%00%(objectname)%00%(upstream:track)%00%(upstream:remotename)%00%(upstream:remoteref) refs/heads/master refs/remotes/master [84ms]
[2023-03-17T14:31:58.657Z] > git for-each-ref --sort -committerdate --format %(refname) %(objectname) %(*objectname) [86ms]
[2023-03-17T14:31:58.657Z] > git for-each-ref --format=%(refname)%00%(upstream:short)%00%(objectname)%00%(upstream:track)%00%(upstream:remotename)%00%(upstream:remoteref) refs/heads/master refs/remotes/master [225ms]
[2023-03-17T14:31:58.885Z] > git for-each-ref --sort -committerdate --format %(refname) %(objectname) %(*objectname) [80ms]
[2023-03-17T14:31:58.886Z] > git remote --verbose [233ms]
[2023-03-17T14:31:58.888Z] > git remote --verbose [5ms]
[2023-03-17T14:31:59.176Z] > git config --get commit.template [143ms]
[2023-03-17T14:31:59.177Z] > git config --get commit.template [2ms]
[2023-03-17T14:31:59.622Z] > git rev-list --count 0ac49616aa708f70424005517835cb204e444633.. -- /project/train/src_repo/yolov5/train.py [4ms]
[2023-03-17T14:31:59.699Z] > git log --format=%H%n%aN%n%aE%n%at%n%ct%n%P%n%D%n%B -z -n8 -- /project/train/src_repo/yolov5/train.py [2ms]
[2023-03-17T14:32:05.301Z] > git rev-parse --show-toplevel [186ms]
[2023-03-17T14:32:18.219Z] > git status -z -uall [4ms]
[2023-03-17T14:32:18.359Z] > git symbolic-ref --short HEAD [5ms]
[2023-03-17T14:32:18.434Z] > git for-each-ref --format=%(refname)%00%(upstream:short)%00%(objectname)%00%(upstream:track)%00%(upstream:remotename)%00%(upstream:remoteref) refs/heads/master refs/remotes/master [2ms]
[2023-03-17T14:32:18.617Z] > git for-each-ref --sort -committerdate --format %(refname) %(objectname) %(*objectname) [77ms]
[2023-03-17T14:32:18.618Z] > git remote --verbose [3ms]
[2023-03-17T14:32:18.777Z] > git config --get commit.template [4ms]
[2023-03-17T14:33:57.385Z] > git log --format=%H%n%aN%n%aE%n%at%n%ct%n%P%n%D%n%B -z -n21 -- /project/train/src_repo/yolov5/train.py [26ms]
[2023-03-17T14:33:57.804Z] > git show --textconv :yolov5/train.py [154ms]
[2023-03-17T14:33:57.805Z] > git ls-files --stage -- /project/train/src_repo/yolov5/train.py [2ms]
[2023-03-17T14:33:57.901Z] > git cat-file -s a52ef22dba4bb23041a4dbafdba166bda22f290b [6ms]
[2023-03-17T14:34:38.971Z] > git status -z -uall [6ms]
[2023-03-17T14:34:39.264Z] > git symbolic-ref --short HEAD [155ms]
[2023-03-17T14:34:39.352Z] > git for-each-ref --format=%(refname)%00%(upstream:short)%00%(objectname)%00%(upstream:track)%00%(upstream:remotename)%00%(upstream:remoteref) refs/heads/master refs/remotes/master [4ms]
[2023-03-17T14:34:39.570Z] > git remote --verbose [6ms]
[2023-03-17T14:34:39.570Z] > git for-each-ref --sort -committerdate --format %(refname) %(objectname) %(*objectname) [84ms]
[2023-03-17T14:34:39.714Z] > git config --get commit.template [4ms]
[2023-03-17T14:34:40.300Z] > git rev-list --count 0ac49616aa708f70424005517835cb204e444633.. -- /project/train/src_repo/yolov5/train.py [2ms]
[2023-03-17T14:34:40.383Z] > git log --format=%H%n%aN%n%aE%n%at%n%ct%n%P%n%D%n%B -z -n8 -- /project/train/src_repo/yolov5/train.py [4ms]
[2023-03-17T14:35:28.020Z] > git status -z -uall [7ms]
[2023-03-17T14:35:28.171Z] > git symbolic-ref --short HEAD [1ms]
[2023-03-17T14:35:28.379Z] > git for-each-ref --format=%(refname)%00%(upstream:short)%00%(objectname)%00%(upstream:track)%00%(upstream:remotename)%00%(upstream:remoteref) refs/heads/master refs/remotes/master [125ms]
[2023-03-17T14:35:28.617Z] > git for-each-ref --sort -committerdate --format %(refname) %(objectname) %(*objectname) [90ms]
[2023-03-17T14:35:28.781Z] > git remote --verbose [166ms]
[2023-03-17T14:35:28.957Z] > git config --get commit.template [4ms]
[2023-03-17T14:35:29.527Z] > git rev-list --count 0ac49616aa708f70424005517835cb204e444633.. -- /project/train/src_repo/yolov5/train.py [2ms]
[2023-03-17T14:35:29.621Z] > git log --format=%H%n%aN%n%aE%n%at%n%ct%n%P%n%D%n%B -z -n8 -- /project/train/src_repo/yolov5/train.py [3ms]
[2023-03-17T14:36:14.769Z] > git rev-list --count 0ac49616aa708f70424005517835cb204e444633.. -- /project/train/src_repo/yolov5/train.py [2ms]
[2023-03-17T14:36:14.857Z] > git log --format=%H%n%aN%n%aE%n%at%n%ct%n%P%n%D%n%B -z -n9 -- /project/train/src_repo/yolov5/train.py [2ms]
[2023-03-17T14:36:15.135Z] > git status -z -uall [8ms]
[2023-03-17T14:36:15.293Z] > git symbolic-ref --short HEAD [1ms]
[2023-03-17T14:36:15.555Z] > git for-each-ref --format=%(refname)%00%(upstream:short)%00%(objectname)%00%(upstream:track)%00%(upstream:remotename)%00%(upstream:remoteref) refs/heads/master refs/remotes/master [166ms]
[2023-03-17T14:36:15.793Z] > git for-each-ref --sort -committerdate --format %(refname) %(objectname) %(*objectname) [89ms]
[2023-03-17T14:36:15.793Z] > git ls-files --stage -- /project/train/src_repo/yolov5/train.py [239ms]
[2023-03-17T14:36:15.875Z] > git remote --verbose [86ms]
[2023-03-17T14:36:16.025Z] > git cat-file -s 89ffb6f20189067497eee8b632c3407ebfdafb1e [152ms]
[2023-03-17T14:36:16.026Z] > git config --get commit.template [2ms]
[2023-03-17T14:36:16.222Z] > git show --textconv :yolov5/train.py [3ms]
[2023-03-17T14:36:16.832Z] > git rev-list --count 0ac49616aa708f70424005517835cb204e444633.. -- /project/train/src_repo/yolov5/train.py [3ms]
[2023-03-17T14:36:16.922Z] > git log --format=%H%n%aN%n%aE%n%at%n%ct%n%P%n%D%n%B -z -n9 -- /project/train/src_repo/yolov5/train.py [2ms]
[2023-03-17T14:36:18.990Z] > git status -z -uall [4ms]
[2023-03-17T14:36:19.144Z] > git symbolic-ref --short HEAD [1ms]
[2023-03-17T14:36:19.249Z] > git for-each-ref --format=%(refname)%00%(upstream:short)%00%(objectname)%00%(upstream:track)%00%(upstream:remotename)%00%(upstream:remoteref) refs/heads/master refs/remotes/master [2ms]
[2023-03-17T14:36:19.491Z] > git for-each-ref --sort -committerdate --format %(refname) %(objectname) %(*objectname) [92ms]
[2023-03-17T14:36:19.492Z] > git remote --verbose [3ms]
[2023-03-17T14:36:19.656Z] > git config --get commit.template [5ms]
[2023-03-17T14:36:26.749Z] > git status -z -uall [8ms]
[2023-03-17T14:36:26.895Z] > git symbolic-ref --short HEAD [1ms]
[2023-03-17T14:36:26.985Z] > git for-each-ref --format=%(refname)%00%(upstream:short)%00%(objectname)%00%(upstream:track)%00%(upstream:remotename)%00%(upstream:remoteref) refs/heads/master refs/remotes/master [1ms]
[2023-03-17T14:36:27.196Z] > git for-each-ref --sort -committerdate --format %(refname) %(objectname) %(*objectname) [95ms]
[2023-03-17T14:36:27.196Z] > git remote --verbose [6ms]
[2023-03-17T14:36:27.361Z] > git config --get commit.template [4ms]
[2023-03-17T14:36:27.945Z] > git rev-list --count 0ac49616aa708f70424005517835cb204e444633.. -- /project/train/src_repo/yolov5/train.py [2ms]
[2023-03-17T14:36:28.034Z] > git log --format=%H%n%aN%n%aE%n%at%n%ct%n%P%n%D%n%B -z -n9 -- /project/train/src_repo/yolov5/train.py [2ms]
[2023-03-17T14:36:44.896Z] > git status -z -uall [8ms]
[2023-03-17T14:36:45.485Z] > git symbolic-ref --short HEAD [2ms]
[2023-03-17T14:36:45.711Z] > git for-each-ref --format=%(refname)%00%(upstream:short)%00%(objectname)%00%(upstream:track)%00%(upstream:remotename)%00%(upstream:remoteref) refs/heads/master refs/remotes/master [2ms]
[2023-03-17T14:36:46.416Z] > git remote --verbose [3ms]
[2023-03-17T14:36:46.417Z] > git for-each-ref --sort -committerdate --format %(refname) %(objectname) %(*objectname) [229ms]
[2023-03-17T14:36:46.891Z] > git config --get commit.template [3ms]
[2023-03-17T14:36:47.786Z] > git rev-list --count 0ac49616aa708f70424005517835cb204e444633.. -- /project/train/src_repo/yolov5/train.py [190ms]
[2023-03-17T14:36:48.392Z] > git log --format=%H%n%aN%n%aE%n%at%n%ct%n%P%n%D%n%B -z -n9 -- /project/train/src_repo/yolov5/train.py [84ms]
[2023-03-17T14:36:53.584Z] > git status -z -uall [100ms]
[2023-03-17T14:36:56.785Z] > git symbolic-ref --short HEAD [1ms]
[2023-03-17T14:36:57.280Z] > git for-each-ref --format=%(refname)%00%(upstream:short)%00%(objectname)%00%(upstream:track)%00%(upstream:remotename)%00%(upstream:remoteref) refs/heads/master refs/remotes/master [1ms]
[2023-03-17T14:36:58.383Z] > git for-each-ref --sort -committerdate --format %(refname) %(objectname) %(*objectname) [490ms]
[2023-03-17T14:36:58.384Z] > git remote --verbose [3ms]
[2023-03-17T14:36:58.910Z] > git config --get commit.template [5ms]
[2023-03-17T14:37:00.415Z] > git rev-list --count 0ac49616aa708f70424005517835cb204e444633.. -- /project/train/src_repo/yolov5/train.py [3ms]
[2023-03-17T14:37:00.707Z] > git log --format=%H%n%aN%n%aE%n%at%n%ct%n%P%n%D%n%B -z -n9 -- /project/train/src_repo/yolov5/train.py [6ms]
[2023-03-17T14:41:40.102Z] > git status -z -uall [82ms]
[2023-03-17T14:41:40.601Z] > git symbolic-ref --short HEAD [11ms]
[2023-03-17T14:41:40.986Z] > git for-each-ref --format=%(refname)%00%(upstream:short)%00%(objectname)%00%(upstream:track)%00%(upstream:remotename)%00%(upstream:remoteref) refs/heads/master refs/remotes/master [2ms]
[2023-03-17T14:41:41.612Z] > git remote --verbose [3ms]
[2023-03-17T14:41:41.613Z] > git for-each-ref --sort -committerdate --format %(refname) %(objectname) %(*objectname) [304ms]
[2023-03-17T14:41:42.112Z] > git config --get commit.template [2ms]
[2023-03-17T14:41:42.705Z] > git rev-list --count 0ac49616aa708f70424005517835cb204e444633.. -- /project/train/src_repo/yolov5/train.py [3ms]
[2023-03-17T14:41:44.100Z] > git log --format=%H%n%aN%n%aE%n%at%n%ct%n%P%n%D%n%B -z -n9 -- /project/train/src_repo/yolov5/train.py [322ms]
[2023-03-17T14:41:44.108Z] > git status -z -uall [10ms]
[2023-03-17T14:41:44.600Z] > git symbolic-ref --short HEAD [2ms]
[2023-03-17T14:41:45.209Z] > git for-each-ref --format=%(refname)%00%(upstream:short)%00%(objectname)%00%(upstream:track)%00%(upstream:remotename)%00%(upstream:remoteref) refs/heads/master refs/remotes/master [3ms]
[2023-03-17T14:41:45.896Z] > git remote --verbose [2ms]
[2023-03-17T14:41:45.896Z] > git for-each-ref --sort -committerdate --format %(refname) %(objectname) %(*objectname) [215ms]
[2023-03-17T14:41:46.312Z] > git config --get commit.template [2ms]
[2023-03-17T14:41:47.114Z] > git ls-files --stage -- /project/train/src_repo/yolov5/train.py [401ms]
[2023-03-17T14:41:47.401Z] > git cat-file -s 89ffb6f20189067497eee8b632c3407ebfdafb1e [3ms]
[2023-03-17T14:41:47.994Z] > git show --textconv :yolov5/train.py [71ms]
[2023-03-17T14:47:03.406Z] > git rev-list --count 0ac49616aa708f70424005517835cb204e444633.. -- /project/train/src_repo/yolov5/train.py [3ms]
[2023-03-17T14:47:03.906Z] > git log --format=%H%n%aN%n%aE%n%at%n%ct%n%P%n%D%n%B -z -n9 -- /project/train/src_repo/yolov5/train.py [300ms]
[2023-03-17T14:47:03.978Z] > git status -z -uall [74ms]
[2023-03-17T14:47:04.481Z] > git symbolic-ref --short HEAD [2ms]
[2023-03-17T14:47:04.801Z] > git for-each-ref --format=%(refname)%00%(upstream:short)%00%(objectname)%00%(upstream:track)%00%(upstream:remotename)%00%(upstream:remoteref) refs/heads/master refs/remotes/master [3ms]
[2023-03-17T14:47:05.785Z] > git remote --verbose [2ms]
[2023-03-17T14:47:05.785Z] > git for-each-ref --sort -committerdate --format %(refname) %(objectname) %(*objectname) [305ms]
[2023-03-17T14:47:06.697Z] > git config --get commit.template [2ms]
[2023-03-17T14:47:07.716Z] > git status -z -uall [394ms]
[2023-03-17T14:47:08.102Z] > git ls-files --stage -- /project/train/src_repo/yolov5/train.py [387ms]
[2023-03-17T14:47:08.394Z] > git symbolic-ref --short HEAD [292ms]
[2023-03-17T14:47:08.678Z] > git cat-file -s 89ffb6f20189067497eee8b632c3407ebfdafb1e [285ms]
[2023-03-17T14:47:08.680Z] > git for-each-ref --format=%(refname)%00%(upstream:short)%00%(objectname)%00%(upstream:track)%00%(upstream:remotename)%00%(upstream:remoteref) refs/heads/master refs/remotes/master [68ms]
[2023-03-17T14:47:09.307Z] > git for-each-ref --sort -committerdate --format %(refname) %(objectname) %(*objectname) [297ms]
[2023-03-17T14:47:09.389Z] > git remote --verbose [84ms]
[2023-03-17T14:47:09.794Z] > git config --get commit.template [1ms]
[2023-03-17T14:47:10.278Z] > git rev-list --count 0ac49616aa708f70424005517835cb204e444633.. -- /project/train/src_repo/yolov5/train.py [89ms]
[2023-03-17T14:47:10.896Z] > git log --format=%H%n%aN%n%aE%n%at%n%ct%n%P%n%D%n%B -z -n9 -- /project/train/src_repo/yolov5/train.py [80ms]
[2023-03-17T14:47:11.496Z] > git show --textconv :yolov5/train.py [3ms]
[2023-03-17T14:52:27.705Z] > git rev-list --count 0ac49616aa708f70424005517835cb204e444633.. -- /project/train/src_repo/yolov5/train.py [321ms]
[2023-03-17T14:52:28.097Z] > git status -z -uall [394ms]
[2023-03-17T14:52:28.588Z] > git log --format=%H%n%aN%n%aE%n%at%n%ct%n%P%n%D%n%B -z -n9 -- /project/train/src_repo/yolov5/train.py [492ms]
[2023-03-17T14:52:28.595Z] > git symbolic-ref --short HEAD [9ms]
[2023-03-17T14:52:28.811Z] > git for-each-ref --format=%(refname)%00%(upstream:short)%00%(objectname)%00%(upstream:track)%00%(upstream:remotename)%00%(upstream:remoteref) refs/heads/master refs/remotes/master [2ms]
[2023-03-17T14:52:29.503Z] > git for-each-ref --sort -committerdate --format %(refname) %(objectname) %(*objectname) [289ms]
[2023-03-17T14:52:29.504Z] > git remote --verbose [2ms]
[2023-03-17T14:52:30.281Z] > git config --get commit.template [67ms]
[2023-03-17T14:52:30.887Z] > git ls-files --stage -- /project/train/src_repo/yolov5/train.py [209ms]
[2023-03-17T14:52:31.099Z] > git status -z -uall [213ms]
[2023-03-17T14:52:31.495Z] > git symbolic-ref --short HEAD [2ms]
[2023-03-17T14:52:31.879Z] > git cat-file -s 89ffb6f20189067497eee8b632c3407ebfdafb1e [781ms]
[2023-03-17T14:52:31.889Z] > git for-each-ref --format=%(refname)%00%(upstream:short)%00%(objectname)%00%(upstream:track)%00%(upstream:remotename)%00%(upstream:remoteref) refs/heads/master refs/remotes/master [11ms]
[2023-03-17T14:52:32.597Z] > git remote --verbose [1ms]
[2023-03-17T14:52:32.597Z] > git for-each-ref --sort -committerdate --format %(refname) %(objectname) %(*objectname) [291ms]
[2023-03-17T14:52:33.311Z] > git config --get commit.template [1ms]
[2023-03-17T14:52:34.215Z] > git rev-list --count 0ac49616aa708f70424005517835cb204e444633.. -- /project/train/src_repo/yolov5/train.py [2ms]
[2023-03-17T14:52:34.610Z] > git log --format=%H%n%aN%n%aE%n%at%n%ct%n%P%n%D%n%B -z -n9 -- /project/train/src_repo/yolov5/train.py [9ms]
[2023-03-17T14:52:34.992Z] > git show --textconv :yolov5/train.py [13ms]
[2023-03-17T14:55:19.741Z] > git rev-list --count 0ac49616aa708f70424005517835cb204e444633.. -- /project/train/src_repo/yolov5/train.py [416ms]
[2023-03-17T14:55:20.123Z] > git status -z -uall [384ms]
[2023-03-17T14:55:20.637Z] > git symbolic-ref --short HEAD [9ms]
[2023-03-17T14:55:20.945Z] > git log --format=%H%n%aN%n%aE%n%at%n%ct%n%P%n%D%n%B -z -n9 -- /project/train/src_repo/yolov5/train.py [891ms]
[2023-03-17T14:55:20.950Z] > git for-each-ref --format=%(refname)%00%(upstream:short)%00%(objectname)%00%(upstream:track)%00%(upstream:remotename)%00%(upstream:remoteref) refs/heads/master refs/remotes/master [6ms]
[2023-03-17T14:55:22.037Z] > git remote --verbose [2ms]
[2023-03-17T14:55:22.038Z] > git for-each-ref --sort -committerdate --format %(refname) %(objectname) %(*objectname) [689ms]
[2023-03-17T14:55:22.531Z] > git config --get commit.template [77ms]
[2023-03-17T14:55:22.946Z] > git ls-files --stage -- /project/train/src_repo/yolov5/train.py [2ms]
[2023-03-17T14:55:23.154Z] > git cat-file -s 89ffb6f20189067497eee8b632c3407ebfdafb1e [2ms]
[2023-03-17T14:55:23.925Z] > git rev-list --count 0ac49616aa708f70424005517835cb204e444633.. -- /project/train/src_repo/yolov5/train.py [265ms]
[2023-03-17T14:55:24.129Z] > git status -z -uall [206ms]
[2023-03-17T14:55:24.444Z] > git log --format=%H%n%aN%n%aE%n%at%n%ct%n%P%n%D%n%B -z -n9 -- /project/train/src_repo/yolov5/train.py [316ms]
[2023-03-17T14:55:24.651Z] > git symbolic-ref --short HEAD [207ms]
[2023-03-17T14:55:25.021Z] > git show --textconv :yolov5/train.py [370ms]
[2023-03-17T14:55:25.023Z] > git for-each-ref --format=%(refname)%00%(upstream:short)%00%(objectname)%00%(upstream:track)%00%(upstream:remotename)%00%(upstream:remoteref) refs/heads/master refs/remotes/master [163ms]
[2023-03-17T14:55:25.558Z] > git remote --verbose [2ms]
[2023-03-17T14:55:25.559Z] > git for-each-ref --sort -committerdate --format %(refname) %(objectname) %(*objectname) [208ms]
[2023-03-17T14:55:25.931Z] > git config --get commit.template [2ms]
[2023-03-17T14:59:52.328Z] > git rev-parse --show-toplevel [203ms]
[2023-03-17T15:00:00.035Z] > git status -z -uall [4ms]
[2023-03-17T15:00:00.195Z] > git symbolic-ref --short HEAD [2ms]
[2023-03-17T15:00:00.298Z] > git for-each-ref --format=%(refname)%00%(upstream:short)%00%(objectname)%00%(upstream:track)%00%(upstream:remotename)%00%(upstream:remoteref) refs/heads/master refs/remotes/master [6ms]
[2023-03-17T15:00:00.520Z] > git remote --verbose [4ms]
[2023-03-17T15:00:00.520Z] > git for-each-ref --sort -committerdate --format %(refname) %(objectname) %(*objectname) [97ms]
[2023-03-17T15:00:00.695Z] > git config --get commit.template [3ms]
[2023-03-17T15:00:44.092Z] > git status -z -uall [6ms]
[2023-03-17T15:00:44.262Z] > git symbolic-ref --short HEAD [2ms]
[2023-03-17T15:00:44.354Z] > git for-each-ref --format=%(refname)%00%(upstream:short)%00%(objectname)%00%(upstream:track)%00%(upstream:remotename)%00%(upstream:remoteref) refs/heads/master refs/remotes/master [2ms]
[2023-03-17T15:00:44.569Z] > git remote --verbose [2ms]
[2023-03-17T15:00:44.570Z] > git for-each-ref --sort -committerdate --format %(refname) %(objectname) %(*objectname) [92ms]
[2023-03-17T15:00:44.714Z] > git config --get commit.template [2ms]
[2023-03-17T15:00:46.278Z] > git status -z -uall [4ms]
[2023-03-17T15:00:46.421Z] > git symbolic-ref --short HEAD [1ms]
[2023-03-17T15:00:46.498Z] > git for-each-ref --format=%(refname)%00%(upstream:short)%00%(objectname)%00%(upstream:track)%00%(upstream:remotename)%00%(upstream:remoteref) refs/heads/master refs/remotes/master [1ms]
[2023-03-17T15:00:46.709Z] > git for-each-ref --sort -committerdate --format %(refname) %(objectname) %(*objectname) [75ms]
[2023-03-17T15:00:46.710Z] > git remote --verbose [2ms]
[2023-03-17T15:00:46.856Z] > git config --get commit.template [1ms]
[2023-03-17T15:01:20.341Z] > git log --format=%H%n%aN%n%aE%n%at%n%ct%n%P%n%D%n%B -z -n21 -- /project/train/src_repo/yolov5/train.py [30ms]
[2023-03-17T15:01:20.901Z] > git show --textconv :yolov5/train.py [149ms]
[2023-03-17T15:01:20.903Z] > git ls-files --stage -- /project/train/src_repo/yolov5/train.py [7ms]
[2023-03-17T15:01:20.992Z] > git cat-file -s 89ffb6f20189067497eee8b632c3407ebfdafb1e [4ms]
[2023-03-17T15:05:30.524Z] > git status -z -uall [7ms]
[2023-03-17T15:05:30.679Z] > git symbolic-ref --short HEAD [2ms]
[2023-03-17T15:05:30.767Z] > git for-each-ref --format=%(refname)%00%(upstream:short)%00%(objectname)%00%(upstream:track)%00%(upstream:remotename)%00%(upstream:remoteref) refs/heads/master refs/remotes/master [3ms]
[2023-03-17T15:05:31.174Z] > git remote --verbose [168ms]
[2023-03-17T15:05:31.174Z] > git for-each-ref --sort -committerdate --format %(refname) %(objectname) %(*objectname) [258ms]
[2023-03-17T15:05:31.327Z] > git config --get commit.template [6ms]
[2023-03-17T15:05:32.017Z] > git rev-list --count 0ac49616aa708f70424005517835cb204e444633.. -- /project/train/src_repo/yolov5/train.py [4ms]
[2023-03-17T15:05:32.111Z] > git log --format=%H%n%aN%n%aE%n%at%n%ct%n%P%n%D%n%B -z -n9 -- /project/train/src_repo/yolov5/train.py [3ms]
[2023-03-17T15:05:36.457Z] > git status -z -uall [7ms]
[2023-03-17T15:05:36.771Z] > git symbolic-ref --short HEAD [167ms]
[2023-03-17T15:05:36.858Z] > git for-each-ref --format=%(refname)%00%(upstream:short)%00%(objectname)%00%(upstream:track)%00%(upstream:remotename)%00%(upstream:remoteref) refs/heads/master refs/remotes/master [3ms]
[2023-03-17T15:05:37.068Z] > git for-each-ref --sort -committerdate --format %(refname) %(objectname) %(*objectname) [83ms]
[2023-03-17T15:05:37.069Z] > git remote --verbose [3ms]
[2023-03-17T15:05:37.209Z] > git config --get commit.template [3ms]
[2023-03-17T15:05:38.413Z] > git rev-list --count 0ac49616aa708f70424005517835cb204e444633.. -- /project/train/src_repo/yolov5/train.py [1ms]
[2023-03-17T15:05:38.506Z] > git log --format=%H%n%aN%n%aE%n%at%n%ct%n%P%n%D%n%B -z -n9 -- /project/train/src_repo/yolov5/train.py [2ms]
[2023-03-17T15:05:42.327Z] > git status -z -uall [6ms]
[2023-03-17T15:05:42.466Z] > git symbolic-ref --short HEAD [2ms]
[2023-03-17T15:05:42.544Z] > git for-each-ref --format=%(refname)%00%(upstream:short)%00%(objectname)%00%(upstream:track)%00%(upstream:remotename)%00%(upstream:remoteref) refs/heads/master refs/remotes/master [1ms]
[2023-03-17T15:05:42.734Z] > git for-each-ref --sort -committerdate --format %(refname) %(objectname) %(*objectname) [79ms]
[2023-03-17T15:05:42.734Z] > git remote --verbose [4ms]
[2023-03-17T15:05:42.874Z] > git config --get commit.template [2ms]
[2023-03-17T15:05:43.850Z] > git rev-list --count 0ac49616aa708f70424005517835cb204e444633.. -- /project/train/src_repo/yolov5/train.py [2ms]
[2023-03-17T15:05:43.933Z] > git log --format=%H%n%aN%n%aE%n%at%n%ct%n%P%n%D%n%B -z -n9 -- /project/train/src_repo/yolov5/train.py [2ms]
[2023-03-17T15:06:08.690Z] > git rev-list --count 0ac49616aa708f70424005517835cb204e444633.. -- /project/train/src_repo/yolov5/train.py [3ms]
[2023-03-17T15:06:08.789Z] > git log --format=%H%n%aN%n%aE%n%at%n%ct%n%P%n%D%n%B -z -n10 -- /project/train/src_repo/yolov5/train.py [1ms]
[2023-03-17T15:06:09.056Z] > git status -z -uall [7ms]
[2023-03-17T15:06:09.211Z] > git symbolic-ref --short HEAD [1ms]
[2023-03-17T15:06:09.325Z] > git for-each-ref --format=%(refname)%00%(upstream:short)%00%(objectname)%00%(upstream:track)%00%(upstream:remotename)%00%(upstream:remoteref) refs/heads/master refs/remotes/master [2ms]
[2023-03-17T15:06:09.557Z] > git for-each-ref --sort -committerdate --format %(refname) %(objectname) %(*objectname) [79ms]
[2023-03-17T15:06:09.558Z] > git remote --verbose [2ms]
[2023-03-17T15:06:09.855Z] > git config --get commit.template [154ms]
[2023-03-17T15:06:09.856Z] > git ls-files --stage -- /project/train/src_repo/yolov5/train.py [4ms]
[2023-03-17T15:06:09.942Z] > git cat-file -s 48d160434df2d21b30002127edc590f0b2175f86 [1ms]
[2023-03-17T15:06:10.186Z] > git show --textconv :yolov5/train.py [2ms]
[2023-03-17T15:06:10.341Z] > git rev-list --count 0ac49616aa708f70424005517835cb204e444633.. -- /project/train/src_repo/yolov5/train.py [2ms]
[2023-03-17T15:06:10.429Z] > git log --format=%H%n%aN%n%aE%n%at%n%ct%n%P%n%D%n%B -z -n10 -- /project/train/src_repo/yolov5/train.py [4ms]
[2023-03-17T15:06:11.311Z] > git status -z -uall [3ms]
[2023-03-17T15:06:11.463Z] > git symbolic-ref --short HEAD [1ms]
[2023-03-17T15:06:11.554Z] > git for-each-ref --format=%(refname)%00%(upstream:short)%00%(objectname)%00%(upstream:track)%00%(upstream:remotename)%00%(upstream:remoteref) refs/heads/master refs/remotes/master [3ms]
[2023-03-17T15:06:11.864Z] > git for-each-ref --sort -committerdate --format %(refname) %(objectname) %(*objectname) [102ms]
[2023-03-17T15:06:11.865Z] > git remote --verbose [2ms]
[2023-03-17T15:06:12.024Z] > git config --get commit.template [2ms]
[2023-03-17T15:06:15.130Z] > git status -z -uall [74ms]
[2023-03-17T15:06:15.544Z] > git symbolic-ref --short HEAD [1ms]
[2023-03-17T15:06:15.833Z] > git for-each-ref --format=%(refname)%00%(upstream:short)%00%(objectname)%00%(upstream:track)%00%(upstream:remotename)%00%(upstream:remoteref) refs/heads/master refs/remotes/master [2ms]
[2023-03-17T15:06:16.538Z] > git remote --verbose [7ms]
[2023-03-17T15:06:16.539Z] > git for-each-ref --sort -committerdate --format %(refname) %(objectname) %(*objectname) [287ms]
[2023-03-17T15:06:16.841Z] > git config --get commit.template [4ms]
[2023-03-17T15:06:18.848Z] > git rev-list --count 0ac49616aa708f70424005517835cb204e444633.. -- /project/train/src_repo/yolov5/train.py [10ms]
[2023-03-17T15:06:19.238Z] > git log --format=%H%n%aN%n%aE%n%at%n%ct%n%P%n%D%n%B -z -n10 -- /project/train/src_repo/yolov5/train.py [2ms]
[2023-03-17T15:06:30.448Z] > git status -z -uall [8ms]
[2023-03-17T15:06:30.856Z] > git symbolic-ref --short HEAD [1ms]
[2023-03-17T15:06:31.142Z] > git for-each-ref --format=%(refname)%00%(upstream:short)%00%(objectname)%00%(upstream:track)%00%(upstream:remotename)%00%(upstream:remoteref) refs/heads/master refs/remotes/master [3ms]
[2023-03-17T15:06:32.023Z] > git remote --verbose [1ms]
[2023-03-17T15:06:32.024Z] > git for-each-ref --sort -committerdate --format %(refname) %(objectname) %(*objectname) [285ms]
[2023-03-17T15:06:32.522Z] > git config --get commit.template [84ms]
[2023-03-17T15:06:33.731Z] > git rev-list --count 0ac49616aa708f70424005517835cb204e444633.. -- /project/train/src_repo/yolov5/train.py [7ms]
[2023-03-17T15:06:34.633Z] > git log --format=%H%n%aN%n%aE%n%at%n%ct%n%P%n%D%n%B -z -n10 -- /project/train/src_repo/yolov5/train.py [101ms]
[2023-03-17T15:06:38.146Z] > git status -z -uall [104ms]
[2023-03-17T15:06:39.422Z] > git symbolic-ref --short HEAD [2ms]
[2023-03-17T15:06:39.743Z] > git for-each-ref --format=%(refname)%00%(upstream:short)%00%(objectname)%00%(upstream:track)%00%(upstream:remotename)%00%(upstream:remoteref) refs/heads/master refs/remotes/master [1ms]
[2023-03-17T15:06:41.721Z] > git for-each-ref --sort -committerdate --format %(refname) %(objectname) %(*objectname) [1175ms]
[2023-03-17T15:06:41.721Z] > git remote --verbose [88ms]
[2023-03-17T15:06:42.647Z] > git config --get commit.template [13ms]
[2023-03-17T15:06:43.823Z] > git rev-list --count 0ac49616aa708f70424005517835cb204e444633.. -- /project/train/src_repo/yolov5/train.py [77ms]
[2023-03-17T15:06:44.239Z] > git log --format=%H%n%aN%n%aE%n%at%n%ct%n%P%n%D%n%B -z -n10 -- /project/train/src_repo/yolov5/train.py [1ms]
[2023-03-17T15:11:41.039Z] > git rev-list --count 0ac49616aa708f70424005517835cb204e444633.. -- /project/train/src_repo/yolov5/train.py [490ms]
[2023-03-17T15:11:41.250Z] > git status -z -uall [213ms]
[2023-03-17T15:11:41.821Z] > git symbolic-ref --short HEAD [59ms]
[2023-03-17T15:11:42.049Z] > git log --format=%H%n%aN%n%aE%n%at%n%ct%n%P%n%D%n%B -z -n10 -- /project/train/src_repo/yolov5/train.py [800ms]
[2023-03-17T15:11:42.125Z] > git for-each-ref --format=%(refname)%00%(upstream:short)%00%(objectname)%00%(upstream:track)%00%(upstream:remotename)%00%(upstream:remoteref) refs/heads/master refs/remotes/master [76ms]
[2023-03-17T15:11:43.257Z] > git remote --verbose [18ms]
[2023-03-17T15:11:43.257Z] > git for-each-ref --sort -committerdate --format %(refname) %(objectname) %(*objectname) [311ms]
[2023-03-17T15:11:43.753Z] > git config --get commit.template [6ms]
[2023-03-17T15:11:44.252Z] > git ls-files --stage -- /project/train/src_repo/yolov5/train.py [2ms]
[2023-03-17T15:11:44.638Z] > git cat-file -s 48d160434df2d21b30002127edc590f0b2175f86 [17ms]
[2023-03-17T15:11:45.446Z] > git status -z -uall [18ms]
[2023-03-17T15:11:46.658Z] > git symbolic-ref --short HEAD [707ms]
[2023-03-17T15:11:47.034Z] > git rev-list --count 0ac49616aa708f70424005517835cb204e444633.. -- /project/train/src_repo/yolov5/train.py [377ms]
[2023-03-17T15:11:47.453Z] > git for-each-ref --format=%(refname)%00%(upstream:short)%00%(objectname)%00%(upstream:track)%00%(upstream:remotename)%00%(upstream:remoteref) refs/heads/master refs/remotes/master [422ms]
[2023-03-17T15:11:48.241Z] > git remote --verbose [3ms]
[2023-03-17T15:11:48.241Z] > git for-each-ref --sort -committerdate --format %(refname) %(objectname) %(*objectname) [288ms]
[2023-03-17T15:11:48.244Z] > git log --format=%H%n%aN%n%aE%n%at%n%ct%n%P%n%D%n%B -z -n10 -- /project/train/src_repo/yolov5/train.py [793ms]
[2023-03-17T15:11:48.647Z] > git config --get commit.template [3ms]
[2023-03-17T15:11:49.242Z] > git show --textconv :yolov5/train.py [3ms]
[2023-03-17T15:17:00.340Z] > git status -z -uall [7ms]
[2023-03-17T15:17:00.825Z] > git symbolic-ref --short HEAD [2ms]
[2023-03-17T15:17:01.422Z] > git rev-list --count 0ac49616aa708f70424005517835cb204e444633.. -- /project/train/src_repo/yolov5/train.py [2ms]
[2023-03-17T15:17:01.637Z] > git for-each-ref --format=%(refname)%00%(upstream:short)%00%(objectname)%00%(upstream:track)%00%(upstream:remotename)%00%(upstream:remoteref) refs/heads/master refs/remotes/master [580ms]
[2023-03-17T15:17:02.323Z] > git remote --verbose [58ms]
[2023-03-17T15:17:02.323Z] > git for-each-ref --sort -committerdate --format %(refname) %(objectname) %(*objectname) [277ms]
[2023-03-17T15:17:02.327Z] > git log --format=%H%n%aN%n%aE%n%at%n%ct%n%P%n%D%n%B -z -n10 -- /project/train/src_repo/yolov5/train.py [690ms]
[2023-03-17T15:17:02.658Z] > git config --get commit.template [1ms]
[2023-03-17T15:17:03.030Z] > git ls-files --stage -- /project/train/src_repo/yolov5/train.py [1ms]
[2023-03-17T15:17:03.225Z] > git cat-file -s 48d160434df2d21b30002127edc590f0b2175f86 [4ms]
[2023-03-17T15:17:03.953Z] > git show --textconv :yolov5/train.py [215ms]
[2023-03-17T15:17:03.953Z] > git status -z -uall [6ms]
[2023-03-17T15:17:04.253Z] > git rev-list --count 0ac49616aa708f70424005517835cb204e444633.. -- /project/train/src_repo/yolov5/train.py [714ms]
[2023-03-17T15:17:04.428Z] > git symbolic-ref --short HEAD [177ms]
[2023-03-17T15:17:04.571Z] > git log --format=%H%n%aN%n%aE%n%at%n%ct%n%P%n%D%n%B -z -n10 -- /project/train/src_repo/yolov5/train.py [144ms]
[2023-03-17T15:17:04.576Z] > git for-each-ref --format=%(refname)%00%(upstream:short)%00%(objectname)%00%(upstream:track)%00%(upstream:remotename)%00%(upstream:remoteref) refs/heads/master refs/remotes/master [6ms]
[2023-03-17T15:17:05.043Z] > git remote --verbose [16ms]
[2023-03-17T15:17:05.043Z] > git for-each-ref --sort -committerdate --format %(refname) %(objectname) %(*objectname) [187ms]
[2023-03-17T15:17:05.324Z] > git config --get commit.template [43ms]
[2023-03-17T15:22:24.948Z] > git rev-list --count 0ac49616aa708f70424005517835cb204e444633.. -- /project/train/src_repo/yolov5/train.py [314ms]
[2023-03-17T15:22:25.245Z] > git status -z -uall [298ms]
[2023-03-17T15:22:25.644Z] > git log --format=%H%n%aN%n%aE%n%at%n%ct%n%P%n%D%n%B -z -n10 -- /project/train/src_repo/yolov5/train.py [400ms]
[2023-03-17T15:22:25.660Z] > git symbolic-ref --short HEAD [18ms]
[2023-03-17T15:22:25.924Z] > git for-each-ref --format=%(refname)%00%(upstream:short)%00%(objectname)%00%(upstream:track)%00%(upstream:remotename)%00%(upstream:remoteref) refs/heads/master refs/remotes/master [1ms]
[2023-03-17T15:22:26.533Z] > git for-each-ref --sort -committerdate --format %(refname) %(objectname) %(*objectname) [286ms]
[2023-03-17T15:22:26.538Z] > git remote --verbose [7ms]
[2023-03-17T15:22:26.959Z] > git config --get commit.template [2ms]
[2023-03-17T15:22:27.335Z] > git ls-files --stage -- /project/train/src_repo/yolov5/train.py [2ms]
[2023-03-17T15:22:27.762Z] > git cat-file -s 48d160434df2d21b30002127edc590f0b2175f86 [214ms]
[2023-03-17T15:22:27.822Z] > git status -z -uall [61ms]
[2023-03-17T15:22:28.153Z] > git symbolic-ref --short HEAD [4ms]
[2023-03-17T15:22:28.358Z] > git for-each-ref --format=%(refname)%00%(upstream:short)%00%(objectname)%00%(upstream:track)%00%(upstream:remotename)%00%(upstream:remoteref) refs/heads/master refs/remotes/master [2ms]
[2023-03-17T15:22:28.952Z] > git remote --verbose [2ms]
[2023-03-17T15:22:28.953Z] > git for-each-ref --sort -committerdate --format %(refname) %(objectname) %(*objectname) [209ms]
[2023-03-17T15:22:29.273Z] > git config --get commit.template [10ms]
[2023-03-17T15:22:29.544Z] > git rev-list --count 0ac49616aa708f70424005517835cb204e444633.. -- /project/train/src_repo/yolov5/train.py [4ms]
[2023-03-17T15:22:29.930Z] > git log --format=%H%n%aN%n%aE%n%at%n%ct%n%P%n%D%n%B -z -n10 -- /project/train/src_repo/yolov5/train.py [194ms]
[2023-03-17T15:22:29.935Z] > git show --textconv :yolov5/train.py [6ms]
[2023-03-17T15:25:20.300Z] > git status -z -uall [6ms]
[2023-03-17T15:25:21.199Z] > git symbolic-ref --short HEAD [380ms]
[2023-03-17T15:25:21.429Z] > git rev-list --count 0ac49616aa708f70424005517835cb204e444633.. -- /project/train/src_repo/yolov5/train.py [231ms]
[2023-03-17T15:25:21.705Z] > git for-each-ref --format=%(refname)%00%(upstream:short)%00%(objectname)%00%(upstream:track)%00%(upstream:remotename)%00%(upstream:remoteref) refs/heads/master refs/remotes/master [277ms]
[2023-03-17T15:25:22.492Z] > git remote --verbose [5ms]
[2023-03-17T15:25:22.492Z] > git for-each-ref --sort -committerdate --format %(refname) %(objectname) %(*objectname) [303ms]
[2023-03-17T15:25:22.496Z] > git log --format=%H%n%aN%n%aE%n%at%n%ct%n%P%n%D%n%B -z -n10 -- /project/train/src_repo/yolov5/train.py [794ms]
[2023-03-17T15:25:23.418Z] > git config --get commit.template [214ms]
[2023-03-17T15:25:23.419Z] > git status -z -uall [3ms]
[2023-03-17T15:25:23.886Z] > git symbolic-ref --short HEAD [2ms]
[2023-03-17T15:25:24.109Z] > git for-each-ref --format=%(refname)%00%(upstream:short)%00%(objectname)%00%(upstream:track)%00%(upstream:remotename)%00%(upstream:remoteref) refs/heads/master refs/remotes/master [1ms]
[2023-03-17T15:25:24.793Z] > git for-each-ref --sort -committerdate --format %(refname) %(objectname) %(*objectname) [286ms]
[2023-03-17T15:25:24.795Z] > git remote --verbose [75ms]
[2023-03-17T15:25:25.482Z] > git config --get commit.template [257ms]
[2023-03-17T15:25:25.880Z] > git ls-files --stage -- /project/train/src_repo/yolov5/train.py [77ms]
[2023-03-17T15:25:26.182Z] > git cat-file -s 48d160434df2d21b30002127edc590f0b2175f86 [1ms]
[2023-03-17T15:25:26.507Z] > git rev-list --count 0ac49616aa708f70424005517835cb204e444633.. -- /project/train/src_repo/yolov5/train.py [3ms]
[2023-03-17T15:25:26.783Z] > git log --format=%H%n%aN%n%aE%n%at%n%ct%n%P%n%D%n%B -z -n10 -- /project/train/src_repo/yolov5/train.py [65ms]
[2023-03-17T15:25:27.282Z] > git show --textconv :yolov5/train.py [58ms]
[2023-03-17T15:30:44.804Z] > git rev-list --count 0ac49616aa708f70424005517835cb204e444633.. -- /project/train/src_repo/yolov5/train.py [223ms]
[2023-03-17T15:30:45.089Z] > git status -z -uall [287ms]
[2023-03-17T15:30:45.482Z] > git symbolic-ref --short HEAD [2ms]
[2023-03-17T15:30:45.687Z] > git log --format=%H%n%aN%n%aE%n%at%n%ct%n%P%n%D%n%B -z -n10 -- /project/train/src_repo/yolov5/train.py [599ms]
[2023-03-17T15:30:45.693Z] > git for-each-ref --format=%(refname)%00%(upstream:short)%00%(objectname)%00%(upstream:track)%00%(upstream:remotename)%00%(upstream:remoteref) refs/heads/master refs/remotes/master [6ms]
[2023-03-17T15:30:46.407Z] > git remote --verbose [3ms]
[2023-03-17T15:30:46.407Z] > git for-each-ref --sort -committerdate --format %(refname) %(objectname) %(*objectname) [319ms]
[2023-03-17T15:30:46.809Z] > git config --get commit.template [1ms]
[2023-03-17T15:30:47.185Z] > git ls-files --stage -- /project/train/src_repo/yolov5/train.py [1ms]
[2023-03-17T15:30:47.498Z] > git cat-file -s 48d160434df2d21b30002127edc590f0b2175f86 [4ms]
[2023-03-17T15:30:48.505Z] > git rev-list --count 0ac49616aa708f70424005517835cb204e444633.. -- /project/train/src_repo/yolov5/train.py [313ms]
[2023-03-17T15:30:49.303Z] > git status -z -uall [800ms]
[2023-03-17T15:30:49.821Z] > git log --format=%H%n%aN%n%aE%n%at%n%ct%n%P%n%D%n%B -z -n10 -- /project/train/src_repo/yolov5/train.py [518ms]
[2023-03-17T15:30:50.103Z] > git symbolic-ref --short HEAD [284ms]
[2023-03-17T15:30:50.418Z] > git show --textconv :yolov5/train.py [316ms]
[2023-03-17T15:30:50.482Z] > git for-each-ref --format=%(refname)%00%(upstream:short)%00%(objectname)%00%(upstream:track)%00%(upstream:remotename)%00%(upstream:remoteref) refs/heads/master refs/remotes/master [70ms]
[2023-03-17T15:30:51.104Z] > git for-each-ref --sort -committerdate --format %(refname) %(objectname) %(*objectname) [218ms]
[2023-03-17T15:30:51.106Z] > git remote --verbose [4ms]
[2023-03-17T15:30:51.691Z] > git config --get commit.template [2ms]
[2023-03-17T15:36:07.555Z] > git rev-list --count 0ac49616aa708f70424005517835cb204e444633.. -- /project/train/src_repo/yolov5/train.py [2ms]
[2023-03-17T15:36:07.665Z] > git log --format=%H%n%aN%n%aE%n%at%n%ct%n%P%n%D%n%B -z -n10 -- /project/train/src_repo/yolov5/train.py [2ms]
[2023-03-17T15:36:07.944Z] > git status -z -uall [10ms]
[2023-03-17T15:36:08.106Z] > git symbolic-ref --short HEAD [2ms]
[2023-03-17T15:36:08.209Z] > git for-each-ref --format=%(refname)%00%(upstream:short)%00%(objectname)%00%(upstream:track)%00%(upstream:remotename)%00%(upstream:remoteref) refs/heads/master refs/remotes/master [4ms]
[2023-03-17T15:36:08.466Z] > git remote --verbose [3ms]
[2023-03-17T15:36:08.467Z] > git for-each-ref --sort -committerdate --format %(refname) %(objectname) %(*objectname) [100ms]
[2023-03-17T15:36:08.798Z] > git config --get commit.template [169ms]
[2023-03-17T15:36:08.799Z] > git ls-files --stage -- /project/train/src_repo/yolov5/train.py [2ms]
[2023-03-17T15:36:08.891Z] > git cat-file -s 48d160434df2d21b30002127edc590f0b2175f86 [2ms]
[2023-03-17T15:36:09.103Z] > git show --textconv :yolov5/train.py [4ms]
[2023-03-17T15:36:09.262Z] > git rev-list --count 0ac49616aa708f70424005517835cb204e444633.. -- /project/train/src_repo/yolov5/train.py [2ms]
[2023-03-17T15:36:09.357Z] > git log --format=%H%n%aN%n%aE%n%at%n%ct%n%P%n%D%n%B -z -n10 -- /project/train/src_repo/yolov5/train.py [2ms]
[2023-03-17T15:36:09.558Z] > git status -z -uall [3ms]
[2023-03-17T15:36:09.718Z] > git symbolic-ref --short HEAD [2ms]
[2023-03-17T15:36:09.812Z] > git for-each-ref --format=%(refname)%00%(upstream:short)%00%(objectname)%00%(upstream:track)%00%(upstream:remotename)%00%(upstream:remoteref) refs/heads/master refs/remotes/master [2ms]
[2023-03-17T15:36:10.058Z] > git remote --verbose [2ms]
[2023-03-17T15:36:10.059Z] > git for-each-ref --sort -committerdate --format %(refname) %(objectname) %(*objectname) [95ms]
[2023-03-17T15:36:10.250Z] > git config --get commit.template [2ms]
[2023-03-17T15:41:33.171Z] > git rev-list --count 0ac49616aa708f70424005517835cb204e444633.. -- /project/train/src_repo/yolov5/train.py [2ms]
[2023-03-17T15:41:33.275Z] > git log --format=%H%n%aN%n%aE%n%at%n%ct%n%P%n%D%n%B -z -n10 -- /project/train/src_repo/yolov5/train.py [2ms]
[2023-03-17T15:41:33.786Z] > git status -z -uall [8ms]
[2023-03-17T15:41:33.967Z] > git symbolic-ref --short HEAD [2ms]
[2023-03-17T15:41:34.067Z] > git for-each-ref --format=%(refname)%00%(upstream:short)%00%(objectname)%00%(upstream:track)%00%(upstream:remotename)%00%(upstream:remoteref) refs/heads/master refs/remotes/master [2ms]
[2023-03-17T15:41:34.332Z] > git for-each-ref --sort -committerdate --format %(refname) %(objectname) %(*objectname) [103ms]
[2023-03-17T15:41:34.335Z] > git remote --verbose [9ms]
[2023-03-17T15:41:34.502Z] > git config --get commit.template [2ms]
[2023-03-17T15:41:34.728Z] > git ls-files --stage -- /project/train/src_repo/yolov5/train.py [3ms]
[2023-03-17T15:41:34.828Z] > git cat-file -s 48d160434df2d21b30002127edc590f0b2175f86 [2ms]
[2023-03-17T15:41:35.009Z] > git show --textconv :yolov5/train.py [3ms]
[2023-03-17T15:41:35.186Z] > git rev-list --count 0ac49616aa708f70424005517835cb204e444633.. -- /project/train/src_repo/yolov5/train.py [10ms]
[2023-03-17T15:41:35.348Z] > git log --format=%H%n%aN%n%aE%n%at%n%ct%n%P%n%D%n%B -z -n10 -- /project/train/src_repo/yolov5/train.py [5ms]
[2023-03-17T15:41:35.623Z] > git status -z -uall [4ms]
[2023-03-17T15:41:35.792Z] > git symbolic-ref --short HEAD [14ms]
[2023-03-17T15:41:35.881Z] > git for-each-ref --format=%(refname)%00%(upstream:short)%00%(objectname)%00%(upstream:track)%00%(upstream:remotename)%00%(upstream:remoteref) refs/heads/master refs/remotes/master [1ms]
[2023-03-17T15:41:36.136Z] > git remote --verbose [3ms]
[2023-03-17T15:41:36.137Z] > git for-each-ref --sort -committerdate --format %(refname) %(objectname) %(*objectname) [98ms]
[2023-03-17T15:41:36.293Z] > git config --get commit.template [2ms]
[2023-03-17T15:46:58.129Z] > git rev-list --count 0ac49616aa708f70424005517835cb204e444633.. -- /project/train/src_repo/yolov5/train.py [3ms]
[2023-03-17T15:46:58.228Z] > git log --format=%H%n%aN%n%aE%n%at%n%ct%n%P%n%D%n%B -z -n10 -- /project/train/src_repo/yolov5/train.py [2ms]
[2023-03-17T15:46:58.453Z] > git status -z -uall [6ms]
[2023-03-17T15:46:58.610Z] > git symbolic-ref --short HEAD [1ms]
[2023-03-17T15:46:58.707Z] > git for-each-ref --format=%(refname)%00%(upstream:short)%00%(objectname)%00%(upstream:track)%00%(upstream:remotename)%00%(upstream:remoteref) refs/heads/master refs/remotes/master [1ms]
[2023-03-17T15:46:58.951Z] > git remote --verbose [2ms]
[2023-03-17T15:46:58.952Z] > git for-each-ref --sort -committerdate --format %(refname) %(objectname) %(*objectname) [95ms]
[2023-03-17T15:46:59.122Z] > git config --get commit.template [1ms]
[2023-03-17T15:46:59.292Z] > git ls-files --stage -- /project/train/src_repo/yolov5/train.py [1ms]
[2023-03-17T15:46:59.398Z] > git cat-file -s 48d160434df2d21b30002127edc590f0b2175f86 [16ms]
[2023-03-17T15:46:59.730Z] > git show --textconv :yolov5/train.py [152ms]
[2023-03-17T15:46:59.731Z] > git rev-list --count 0ac49616aa708f70424005517835cb204e444633.. -- /project/train/src_repo/yolov5/train.py [4ms]
[2023-03-17T15:46:59.817Z] > git log --format=%H%n%aN%n%aE%n%at%n%ct%n%P%n%D%n%B -z -n10 -- /project/train/src_repo/yolov5/train.py [3ms]
[2023-03-17T15:47:00.522Z] > git status -z -uall [13ms]
[2023-03-17T15:47:00.670Z] > git symbolic-ref --short HEAD [2ms]
[2023-03-17T15:47:00.757Z] > git for-each-ref --format=%(refname)%00%(upstream:short)%00%(objectname)%00%(upstream:track)%00%(upstream:remotename)%00%(upstream:remoteref) refs/heads/master refs/remotes/master [2ms]
[2023-03-17T15:47:00.991Z] > git for-each-ref --sort -committerdate --format %(refname) %(objectname) %(*objectname) [84ms]
[2023-03-17T15:47:00.992Z] > git remote --verbose [2ms]
[2023-03-17T15:47:01.138Z] > git config --get commit.template [2ms]
[2023-03-17T15:52:22.445Z] > git rev-list --count 0ac49616aa708f70424005517835cb204e444633.. -- /project/train/src_repo/yolov5/train.py [2ms]
[2023-03-17T15:52:22.549Z] > git log --format=%H%n%aN%n%aE%n%at%n%ct%n%P%n%D%n%B -z -n10 -- /project/train/src_repo/yolov5/train.py [2ms]
[2023-03-17T15:52:22.855Z] > git status -z -uall [13ms]
[2023-03-17T15:52:23.013Z] > git symbolic-ref --short HEAD [1ms]
[2023-03-17T15:52:23.109Z] > git for-each-ref --format=%(refname)%00%(upstream:short)%00%(objectname)%00%(upstream:track)%00%(upstream:remotename)%00%(upstream:remoteref) refs/heads/master refs/remotes/master [2ms]
[2023-03-17T15:52:23.336Z] > git remote --verbose [1ms]
[2023-03-17T15:52:23.337Z] > git for-each-ref --sort -committerdate --format %(refname) %(objectname) %(*objectname) [84ms]
[2023-03-17T15:52:23.487Z] > git config --get commit.template [1ms]
[2023-03-17T15:52:23.636Z] > git ls-files --stage -- /project/train/src_repo/yolov5/train.py [2ms]
[2023-03-17T15:52:23.717Z] > git cat-file -s 48d160434df2d21b30002127edc590f0b2175f86 [1ms]
[2023-03-17T15:52:23.958Z] > git show --textconv :yolov5/train.py [2ms]
[2023-03-17T15:52:24.056Z] > git rev-list --count 0ac49616aa708f70424005517835cb204e444633.. -- /project/train/src_repo/yolov5/train.py [3ms]
[2023-03-17T15:52:24.149Z] > git log --format=%H%n%aN%n%aE%n%at%n%ct%n%P%n%D%n%B -z -n10 -- /project/train/src_repo/yolov5/train.py [2ms]
[2023-03-17T15:52:24.583Z] > git status -z -uall [5ms]
[2023-03-17T15:52:24.760Z] > git symbolic-ref --short HEAD [2ms]
[2023-03-17T15:52:24.866Z] > git for-each-ref --format=%(refname)%00%(upstream:short)%00%(objectname)%00%(upstream:track)%00%(upstream:remotename)%00%(upstream:remoteref) refs/heads/master refs/remotes/master [2ms]
[2023-03-17T15:52:25.119Z] > git remote --verbose [2ms]
[2023-03-17T15:52:25.119Z] > git for-each-ref --sort -committerdate --format %(refname) %(objectname) %(*objectname) [108ms]
[2023-03-17T15:52:25.274Z] > git config --get commit.template [2ms]
[2023-03-17T15:54:10.836Z] > git status -z -uall [7ms]
[2023-03-17T15:54:10.975Z] > git symbolic-ref --short HEAD [1ms]
[2023-03-17T15:54:11.064Z] > git for-each-ref --format=%(refname)%00%(upstream:short)%00%(objectname)%00%(upstream:track)%00%(upstream:remotename)%00%(upstream:remoteref) refs/heads/master refs/remotes/master [4ms]
[2023-03-17T15:54:11.280Z] > git remote --verbose [2ms]
[2023-03-17T15:54:11.280Z] > git for-each-ref --sort -committerdate --format %(refname) %(objectname) %(*objectname) [86ms]
[2023-03-17T15:54:11.423Z] > git config --get commit.template [5ms]
[2023-03-17T15:54:12.080Z] > git rev-list --count 0ac49616aa708f70424005517835cb204e444633.. -- /project/train/src_repo/yolov5/train.py [2ms]
[2023-03-17T15:54:12.163Z] > git log --format=%H%n%aN%n%aE%n%at%n%ct%n%P%n%D%n%B -z -n10 -- /project/train/src_repo/yolov5/train.py [2ms]
[2023-03-17T15:52:07.629Z] > git status -z -uall [6ms]
[2023-03-17T15:52:07.767Z] > git symbolic-ref --short HEAD [1ms]
[2023-03-17T15:52:07.856Z] > git for-each-ref --format=%(refname)%00%(upstream:short)%00%(objectname)%00%(upstream:track)%00%(upstream:remotename)%00%(upstream:remoteref) refs/heads/master refs/remotes/master [4ms]
[2023-03-17T15:52:08.080Z] > git remote --verbose [5ms]
[2023-03-17T15:52:08.081Z] > git for-each-ref --sort -committerdate --format %(refname) %(objectname) %(*objectname) [89ms]
[2023-03-17T15:52:08.223Z] > git config --get commit.template [2ms]
[2023-03-17T15:52:08.872Z] > git rev-list --count 0ac49616aa708f70424005517835cb204e444633.. -- /project/train/src_repo/yolov5/train.py [4ms]
[2023-03-17T15:52:08.958Z] > git log --format=%H%n%aN%n%aE%n%at%n%ct%n%P%n%D%n%B -z -n10 -- /project/train/src_repo/yolov5/train.py [2ms]
[2023-03-17T15:52:18.737Z] > git status -z -uall [6ms]
[2023-03-17T15:52:18.883Z] > git symbolic-ref --short HEAD [2ms]
[2023-03-17T15:52:19.084Z] > git for-each-ref --format=%(refname)%00%(upstream:short)%00%(objectname)%00%(upstream:track)%00%(upstream:remotename)%00%(upstream:remoteref) refs/heads/master refs/remotes/master [113ms]
[2023-03-17T15:52:19.268Z] > git for-each-ref --sort -committerdate --format %(refname) %(objectname) %(*objectname) [82ms]
[2023-03-17T15:52:19.422Z] > git remote --verbose [155ms]
[2023-03-17T15:52:19.566Z] > git config --get commit.template [7ms]
[2023-03-17T15:52:20.234Z] > git rev-list --count 0ac49616aa708f70424005517835cb204e444633.. -- /project/train/src_repo/yolov5/train.py [3ms]
[2023-03-17T15:52:20.323Z] > git log --format=%H%n%aN%n%aE%n%at%n%ct%n%P%n%D%n%B -z -n10 -- /project/train/src_repo/yolov5/train.py [3ms]
[2023-03-17T15:52:25.195Z] > git status -z -uall [8ms]
[2023-03-17T15:52:25.365Z] > git symbolic-ref --short HEAD [2ms]
[2023-03-17T15:52:25.574Z] > git for-each-ref --format=%(refname)%00%(upstream:short)%00%(objectname)%00%(upstream:track)%00%(upstream:remotename)%00%(upstream:remoteref) refs/heads/master refs/remotes/master [127ms]
[2023-03-17T15:52:25.834Z] > git remote --verbose [2ms]
[2023-03-17T15:52:25.834Z] > git for-each-ref --sort -committerdate --format %(refname) %(objectname) %(*objectname) [118ms]
[2023-03-17T15:52:26.168Z] > git config --get commit.template [3ms]
[2023-03-17T15:52:26.535Z] > git rev-list --count 0ac49616aa708f70424005517835cb204e444633.. -- /project/train/src_repo/yolov5/train.py [2ms]
[2023-03-17T15:52:26.622Z] > git log --format=%H%n%aN%n%aE%n%at%n%ct%n%P%n%D%n%B -z -n10 -- /project/train/src_repo/yolov5/train.py [2ms]
[2023-03-17T15:52:31.252Z] > git status -z -uall [6ms]
[2023-03-17T15:52:31.389Z] > git symbolic-ref --short HEAD [1ms]
[2023-03-17T15:52:31.471Z] > git for-each-ref --format=%(refname)%00%(upstream:short)%00%(objectname)%00%(upstream:track)%00%(upstream:remotename)%00%(upstream:remoteref) refs/heads/master refs/remotes/master [1ms]
[2023-03-17T15:52:31.678Z] > git for-each-ref --sort -committerdate --format %(refname) %(objectname) %(*objectname) [79ms]
[2023-03-17T15:52:31.679Z] > git remote --verbose [2ms]
[2023-03-17T15:52:31.815Z] > git config --get commit.template [6ms]
[2023-03-17T15:52:32.686Z] > git rev-list --count 0ac49616aa708f70424005517835cb204e444633.. -- /project/train/src_repo/yolov5/train.py [1ms]
[2023-03-17T15:52:32.780Z] > git log --format=%H%n%aN%n%aE%n%at%n%ct%n%P%n%D%n%B -z -n10 -- /project/train/src_repo/yolov5/train.py [3ms]
