[2023-03-18 17:03:17.012] [exthost] [info] Extension host with pid 379 started
[2023-03-18 17:03:17.031] [exthost] [info] Lock '/project/.config/Code/User/workspaceStorage/-65d9b66d/vscode.lock': Lock acquired.
[2023-03-18 17:03:17.945] [exthost] [info] ExtensionService#_doActivateExtension vscode.debug-auto-launch, startup: true, activationEvent: '*'
[2023-03-18 17:03:17.947] [exthost] [info] ExtensionService#_doActivateExtension vscode.git-base, startup: true, activationEvent: '*', root cause: vscode.git
[2023-03-18 17:03:17.948] [exthost] [info] ExtensionService#_doActivateExtension vscode.ipynb, startup: true, activationEvent: '*'
[2023-03-18 17:03:23.519] [exthost] [info] ExtensionService#_doActivateExtension vscode.git, startup: true, activationEvent: '*'
[2023-03-18 17:03:23.520] [exthost] [info] ExtensionService#_doActivateExtension vscode.github, startup: true, activationEvent: '*'
[2023-03-18 17:03:24.183] [exthost] [info] ExtensionService#_doActivateExtension vscode.emmet, startup: false, activationEvent: 'onStartupFinished'
[2023-03-18 17:03:24.184] [exthost] [info] ExtensionService#_doActivateExtension vscode.merge-conflict, startup: false, activationEvent: 'onStartupFinished'
[2023-03-18 17:03:24.184] [exthost] [info] ExtensionService#_doActivateExtension CoenraadS.bracket-pair-colorizer-2, startup: false, activationEvent: 'onStartupFinished'
[2023-03-18 17:03:24.185] [exthost] [info] ExtensionService#_doActivateExtension eamodio.gitlens, startup: false, activationEvent: 'onStartupFinished'
[2023-03-18 17:03:24.186] [exthost] [info] ExtensionService#_doActivateExtension vscode-icons-team.vscode-icons, startup: false, activationEvent: 'onStartupFinished'
[2023-03-18 17:03:24.187] [exthost] [info] Eager extensions activated
[2023-03-18 17:03:25.811] [exthost] [info] ExtensionService#_doActivateExtension ms-python.python, startup: false, activationEvent: 'onLanguage:python'
[2023-03-18 17:03:25.812] [exthost] [info] ExtensionService#_doActivateExtension ms-toolsai.jupyter, startup: false, activationEvent: 'onLanguage:python'
[2023-03-18 17:03:25.812] [exthost] [info] ExtensionService#_doActivateExtension tht13.python, startup: false, activationEvent: 'onLanguage:python'
[2023-03-18 17:04:16.123] [exthost] [info] ExtensionService#_doActivateExtension ms-toolsai.jupyter-renderers, startup: false, activationEvent: 'api', root cause: ms-toolsai.jupyter
[2023-03-18 17:04:22.597] [exthost] [info] Extension host terminating: received terminate message from renderer
[2023-03-18 17:04:22.601] [exthost] [info] Lock '/project/.config/Code/User/workspaceStorage/-65d9b66d/vscode.lock': Marking the lockfile as scheduled to be released in 6000 ms.
[2023-03-18 17:04:22.662] [exthost] [info] Extension host with pid 379 exiting with code 0
