[2023-03-18T00:26:13.290Z] Log level: Info
[2023-03-18T00:26:13.298Z] [info] Validating found git in: git
[2023-03-18T00:26:13.461Z] [info] Using git 2.17.1 from git
[2023-03-18T00:26:13.929Z] > git rev-parse --show-toplevel [363ms]
[2023-03-18T00:26:13.929Z] fatal: not a git repository (or any of the parent directories): .git
[2023-03-18T00:26:14.045Z] > git rev-parse --show-toplevel [4ms]
[2023-03-18T00:26:14.142Z] > git rev-parse --git-dir --git-common-dir [2ms]
[2023-03-18T00:26:14.152Z] [info] Open repository: /project/train/src_repo
[2023-03-18T00:26:14.347Z] > git status -z -uall [97ms]
[2023-03-18T00:26:14.504Z] > git rev-parse --show-toplevel [160ms]
[2023-03-18T00:26:14.504Z] fatal: not a git repository (or any of the parent directories): .git
[2023-03-18T00:26:14.601Z] > git symbolic-ref --short HEAD [97ms]
[2023-03-18T00:26:14.700Z] > git for-each-ref --format=%(refname)%00%(upstream:short)%00%(objectname)%00%(upstream:track)%00%(upstream:remotename)%00%(upstream:remoteref) refs/heads/master refs/remotes/master [2ms]
[2023-03-18T00:26:14.901Z] > git rev-parse --show-toplevel [302ms]
[2023-03-18T00:26:14.902Z] fatal: not a git repository (or any of the parent directories): .git
[2023-03-18T00:26:15.010Z] > git remote --verbose [110ms]
[2023-03-18T00:26:15.011Z] > git for-each-ref --sort -committerdate --format %(refname) %(objectname) %(*objectname) [204ms]
[2023-03-18T00:26:16.527Z] > git rev-parse --show-toplevel [1526ms]
[2023-03-18T00:26:16.527Z] fatal: not a git repository (or any of the parent directories): .git
[2023-03-18T00:26:22.429Z] > git rev-parse --show-toplevel [5796ms]
[2023-03-18T00:26:22.429Z] fatal: not a git repository (or any of the parent directories): .git
[2023-03-18T00:26:22.529Z] > git rev-parse --show-toplevel [8ms]
[2023-03-18T00:26:22.529Z] fatal: not a git repository (or any of the parent directories): .git
[2023-03-18T00:26:22.627Z] > git config --get commit.template [5865ms]
[2023-03-18T00:26:22.734Z] > git status -z -uall [7ms]
[2023-03-18T00:26:22.894Z] > git rev-parse --show-toplevel [268ms]
[2023-03-18T00:26:22.894Z] fatal: not a git repository (or any of the parent directories): .git
[2023-03-18T00:26:23.032Z] > git symbolic-ref --short HEAD [138ms]
[2023-03-18T00:26:23.129Z] > git rev-parse --show-toplevel [138ms]
[2023-03-18T00:26:23.129Z] fatal: not a git repository (or any of the parent directories): .git
[2023-03-18T00:26:23.232Z] > git for-each-ref --format=%(refname)%00%(upstream:short)%00%(objectname)%00%(upstream:track)%00%(upstream:remotename)%00%(upstream:remoteref) refs/heads/master refs/remotes/master [106ms]
[2023-03-18T00:26:23.430Z] > git for-each-ref --sort -committerdate --format %(refname) %(objectname) %(*objectname) [101ms]
[2023-03-18T00:26:23.430Z] > git rev-parse --show-toplevel [202ms]
[2023-03-18T00:26:23.430Z] fatal: not a git repository (or any of the parent directories): .git
[2023-03-18T00:26:23.541Z] > git rev-parse --show-toplevel [18ms]
[2023-03-18T00:26:23.541Z] fatal: not a git repository (or any of the parent directories): .git
[2023-03-18T00:26:23.633Z] > git remote --verbose [209ms]
[2023-03-18T00:26:23.734Z] > git rev-parse --show-toplevel [101ms]
[2023-03-18T00:26:23.734Z] fatal: not a git repository (or any of the parent directories): .git
[2023-03-18T00:26:23.744Z] > git config --get commit.template [10ms]
[2023-03-18T00:26:25.069Z] > git rev-parse --show-toplevel [5ms]
[2023-03-18T00:26:25.069Z] fatal: not a git repository (or any of the parent directories): .git
[2023-03-18T00:26:25.180Z] > git rev-parse --show-toplevel [8ms]
[2023-03-18T00:26:25.180Z] fatal: not a git repository (or any of the parent directories): .git
[2023-03-18T00:26:25.312Z] > git check-ignore -v -z --stdin [5ms]
[2023-03-18T00:26:26.705Z] > git show --textconv :yolov5/train.py [107ms]
[2023-03-18T00:26:26.705Z] > git ls-files --stage -- /project/train/src_repo/yolov5/train.py [8ms]
[2023-03-18T00:26:26.995Z] > git cat-file -s fb71be550976db132ab35a760875c0f2cb893416 [187ms]
[2023-03-18T00:26:27.313Z] > git log --format=%H%n%aN%n%aE%n%at%n%ct%n%P%n%D%n%B -z -n21 -- /project/train/src_repo/yolov5/train.py [3ms]
[2023-03-18T00:26:58.146Z] > git status -z -uall [9ms]
[2023-03-18T00:26:58.256Z] > git symbolic-ref --short HEAD [2ms]
[2023-03-18T00:26:58.369Z] > git for-each-ref --format=%(refname)%00%(upstream:short)%00%(objectname)%00%(upstream:track)%00%(upstream:remotename)%00%(upstream:remoteref) refs/heads/master refs/remotes/master [2ms]
[2023-03-18T00:26:58.600Z] > git remote --verbose [2ms]
[2023-03-18T00:26:58.601Z] > git for-each-ref --sort -committerdate --format %(refname) %(objectname) %(*objectname) [115ms]
[2023-03-18T00:26:58.736Z] > git config --get commit.template [7ms]
[2023-03-18T00:26:59.295Z] > git rev-list --count 0ac49616aa708f70424005517835cb204e444633.. -- /project/train/src_repo/yolov5/train.py [5ms]
[2023-03-18T00:26:59.407Z] > git log --format=%H%n%aN%n%aE%n%at%n%ct%n%P%n%D%n%B -z -n11 -- /project/train/src_repo/yolov5/train.py [2ms]
[2023-03-18T00:30:48.393Z] > git rev-list --count 0ac49616aa708f70424005517835cb204e444633.. -- /project/train/src_repo/yolov5/train.py [2ms]
[2023-03-18T00:30:48.492Z] > git log --format=%H%n%aN%n%aE%n%at%n%ct%n%P%n%D%n%B -z -n11 -- /project/train/src_repo/yolov5/train.py [3ms]
[2023-03-18T00:30:48.862Z] > git status -z -uall [3ms]
[2023-03-18T00:30:49.014Z] > git symbolic-ref --short HEAD [1ms]
[2023-03-18T00:30:49.220Z] > git for-each-ref --format=%(refname)%00%(upstream:short)%00%(objectname)%00%(upstream:track)%00%(upstream:remotename)%00%(upstream:remoteref) refs/heads/master refs/remotes/master [114ms]
[2023-03-18T00:30:49.432Z] > git remote --verbose [2ms]
[2023-03-18T00:30:49.433Z] > git for-each-ref --sort -committerdate --format %(refname) %(objectname) %(*objectname) [102ms]
[2023-03-18T00:30:49.437Z] > git ls-files --stage -- /project/train/src_repo/yolov5/train.py [219ms]
[2023-03-18T00:30:49.632Z] > git cat-file -s fb71be550976db132ab35a760875c0f2cb893416 [96ms]
[2023-03-18T00:30:49.634Z] > git config --get commit.template [3ms]
[2023-03-18T00:30:49.835Z] > git show --textconv :yolov5/train.py [5ms]
[2023-03-18T00:30:50.123Z] > git rev-list --count 0ac49616aa708f70424005517835cb204e444633.. -- /project/train/src_repo/yolov5/train.py [3ms]
[2023-03-18T00:30:50.224Z] > git log --format=%H%n%aN%n%aE%n%at%n%ct%n%P%n%D%n%B -z -n11 -- /project/train/src_repo/yolov5/train.py [4ms]
[2023-03-18T00:36:13.445Z] > git rev-list --count 0ac49616aa708f70424005517835cb204e444633.. -- /project/train/src_repo/yolov5/train.py [5ms]
[2023-03-18T00:36:13.557Z] > git log --format=%H%n%aN%n%aE%n%at%n%ct%n%P%n%D%n%B -z -n11 -- /project/train/src_repo/yolov5/train.py [4ms]
[2023-03-18T00:36:13.877Z] > git status -z -uall [4ms]
[2023-03-18T00:36:14.043Z] > git symbolic-ref --short HEAD [1ms]
[2023-03-18T00:36:14.144Z] > git for-each-ref --format=%(refname)%00%(upstream:short)%00%(objectname)%00%(upstream:track)%00%(upstream:remotename)%00%(upstream:remoteref) refs/heads/master refs/remotes/master [1ms]
[2023-03-18T00:36:14.362Z] > git for-each-ref --sort -committerdate --format %(refname) %(objectname) %(*objectname) [105ms]
[2023-03-18T00:36:14.459Z] > git remote --verbose [99ms]
[2023-03-18T00:36:14.561Z] > git ls-files --stage -- /project/train/src_repo/yolov5/train.py [103ms]
[2023-03-18T00:36:14.665Z] > git config --get commit.template [105ms]
[2023-03-18T00:36:14.667Z] > git cat-file -s fb71be550976db132ab35a760875c0f2cb893416 [6ms]
[2023-03-18T00:36:14.853Z] > git show --textconv :yolov5/train.py [4ms]
[2023-03-18T00:36:15.156Z] > git rev-list --count 0ac49616aa708f70424005517835cb204e444633.. -- /project/train/src_repo/yolov5/train.py [3ms]
[2023-03-18T00:36:15.253Z] > git log --format=%H%n%aN%n%aE%n%at%n%ct%n%P%n%D%n%B -z -n11 -- /project/train/src_repo/yolov5/train.py [2ms]
[2023-03-18T00:41:38.299Z] > git rev-list --count 0ac49616aa708f70424005517835cb204e444633.. -- /project/train/src_repo/yolov5/train.py [4ms]
[2023-03-18T00:41:38.407Z] > git log --format=%H%n%aN%n%aE%n%at%n%ct%n%P%n%D%n%B -z -n11 -- /project/train/src_repo/yolov5/train.py [4ms]
[2023-03-18T00:41:38.702Z] > git status -z -uall [4ms]
[2023-03-18T00:41:38.884Z] > git symbolic-ref --short HEAD [1ms]
[2023-03-18T00:41:38.985Z] > git for-each-ref --format=%(refname)%00%(upstream:short)%00%(objectname)%00%(upstream:track)%00%(upstream:remotename)%00%(upstream:remoteref) refs/heads/master refs/remotes/master [2ms]
[2023-03-18T00:41:39.187Z] > git remote --verbose [2ms]
[2023-03-18T00:41:39.188Z] > git for-each-ref --sort -committerdate --format %(refname) %(objectname) %(*objectname) [103ms]
[2023-03-18T00:41:39.296Z] > git config --get commit.template [6ms]
[2023-03-18T00:41:39.525Z] > git ls-files --stage -- /project/train/src_repo/yolov5/train.py [3ms]
[2023-03-18T00:41:39.656Z] > git cat-file -s fb71be550976db132ab35a760875c0f2cb893416 [3ms]
[2023-03-18T00:41:40.048Z] > git show --textconv :yolov5/train.py [187ms]
[2023-03-18T00:41:40.050Z] > git rev-list --count 0ac49616aa708f70424005517835cb204e444633.. -- /project/train/src_repo/yolov5/train.py [4ms]
[2023-03-18T00:41:40.189Z] > git log --format=%H%n%aN%n%aE%n%at%n%ct%n%P%n%D%n%B -z -n11 -- /project/train/src_repo/yolov5/train.py [4ms]
[2023-03-18T00:47:03.178Z] > git rev-list --count 0ac49616aa708f70424005517835cb204e444633.. -- /project/train/src_repo/yolov5/train.py [2ms]
[2023-03-18T00:47:03.304Z] > git log --format=%H%n%aN%n%aE%n%at%n%ct%n%P%n%D%n%B -z -n11 -- /project/train/src_repo/yolov5/train.py [4ms]
[2023-03-18T00:47:03.623Z] > git status -z -uall [6ms]
[2023-03-18T00:47:03.804Z] > git symbolic-ref --short HEAD [1ms]
[2023-03-18T00:47:03.996Z] > git for-each-ref --format=%(refname)%00%(upstream:short)%00%(objectname)%00%(upstream:track)%00%(upstream:remotename)%00%(upstream:remoteref) refs/heads/master refs/remotes/master [94ms]
[2023-03-18T00:47:04.223Z] > git remote --verbose [4ms]
[2023-03-18T00:47:04.223Z] > git for-each-ref --sort -committerdate --format %(refname) %(objectname) %(*objectname) [115ms]
[2023-03-18T00:47:04.224Z] > git ls-files --stage -- /project/train/src_repo/yolov5/train.py [229ms]
[2023-03-18T00:47:04.463Z] > git cat-file -s fb71be550976db132ab35a760875c0f2cb893416 [122ms]
[2023-03-18T00:47:04.465Z] > git config --get commit.template [3ms]
[2023-03-18T00:47:04.747Z] > git show --textconv :yolov5/train.py [4ms]
[2023-03-18T00:47:05.058Z] > git rev-list --count 0ac49616aa708f70424005517835cb204e444633.. -- /project/train/src_repo/yolov5/train.py [4ms]
[2023-03-18T00:47:05.175Z] > git log --format=%H%n%aN%n%aE%n%at%n%ct%n%P%n%D%n%B -z -n11 -- /project/train/src_repo/yolov5/train.py [3ms]
[2023-03-18T00:52:28.160Z] > git rev-list --count 0ac49616aa708f70424005517835cb204e444633.. -- /project/train/src_repo/yolov5/train.py [4ms]
[2023-03-18T00:52:28.264Z] > git log --format=%H%n%aN%n%aE%n%at%n%ct%n%P%n%D%n%B -z -n11 -- /project/train/src_repo/yolov5/train.py [2ms]
[2023-03-18T00:52:28.587Z] > git status -z -uall [4ms]
[2023-03-18T00:52:28.749Z] > git symbolic-ref --short HEAD [2ms]
[2023-03-18T00:52:28.965Z] > git for-each-ref --format=%(refname)%00%(upstream:short)%00%(objectname)%00%(upstream:track)%00%(upstream:remotename)%00%(upstream:remoteref) refs/heads/master refs/remotes/master [106ms]
[2023-03-18T00:52:29.192Z] > git remote --verbose [4ms]
[2023-03-18T00:52:29.193Z] > git for-each-ref --sort -committerdate --format %(refname) %(objectname) %(*objectname) [119ms]
[2023-03-18T00:52:29.197Z] > git ls-files --stage -- /project/train/src_repo/yolov5/train.py [233ms]
[2023-03-18T00:52:29.432Z] > git cat-file -s fb71be550976db132ab35a760875c0f2cb893416 [109ms]
[2023-03-18T00:52:29.434Z] > git config --get commit.template [3ms]
[2023-03-18T00:52:29.628Z] > git show --textconv :yolov5/train.py [5ms]
[2023-03-18T00:52:29.906Z] > git rev-list --count 0ac49616aa708f70424005517835cb204e444633.. -- /project/train/src_repo/yolov5/train.py [3ms]
[2023-03-18T00:52:29.998Z] > git log --format=%H%n%aN%n%aE%n%at%n%ct%n%P%n%D%n%B -z -n11 -- /project/train/src_repo/yolov5/train.py [2ms]
[2023-03-18T00:55:22.390Z] > git rev-list --count 0ac49616aa708f70424005517835cb204e444633.. -- /project/train/src_repo/yolov5/train.py [235ms]
[2023-03-18T00:55:22.674Z] > git log --format=%H%n%aN%n%aE%n%at%n%ct%n%P%n%D%n%B -z -n11 -- /project/train/src_repo/yolov5/train.py [171ms]
[2023-03-18T00:55:22.682Z] > git status -z -uall [9ms]
[2023-03-18T00:55:22.842Z] > git symbolic-ref --short HEAD [3ms]
[2023-03-18T00:55:22.942Z] > git for-each-ref --format=%(refname)%00%(upstream:short)%00%(objectname)%00%(upstream:track)%00%(upstream:remotename)%00%(upstream:remoteref) refs/heads/master refs/remotes/master [3ms]
[2023-03-18T00:55:23.178Z] > git for-each-ref --sort -committerdate --format %(refname) %(objectname) %(*objectname) [115ms]
[2023-03-18T00:55:23.179Z] > git remote --verbose [3ms]
[2023-03-18T00:55:23.400Z] > git config --get commit.template [105ms]
[2023-03-18T00:55:23.402Z] > git ls-files --stage -- /project/train/src_repo/yolov5/train.py [3ms]
[2023-03-18T00:55:23.522Z] > git cat-file -s fb71be550976db132ab35a760875c0f2cb893416 [2ms]
[2023-03-18T00:55:23.732Z] > git show --textconv :yolov5/train.py [2ms]
[2023-03-18T00:55:23.946Z] > git rev-list --count 0ac49616aa708f70424005517835cb204e444633.. -- /project/train/src_repo/yolov5/train.py [3ms]
[2023-03-18T00:55:24.057Z] > git log --format=%H%n%aN%n%aE%n%at%n%ct%n%P%n%D%n%B -z -n11 -- /project/train/src_repo/yolov5/train.py [3ms]
