[2023-03-17T12:25:24.728Z] Log level: Info
[2023-03-17T12:25:24.738Z] [info] Validating found git in: git
[2023-03-17T12:25:24.941Z] [info] Using git 2.17.1 from git
[2023-03-17T12:25:25.047Z] > git rev-parse --show-toplevel [7ms]
[2023-03-17T12:25:25.047Z] fatal: not a git repository (or any of the parent directories): .git
[2023-03-17T12:25:25.141Z] > git rev-parse --show-toplevel [2ms]
[2023-03-17T12:25:25.141Z] fatal: not a git repository (or any of the parent directories): .git
[2023-03-17T12:25:25.247Z] > git rev-parse --show-toplevel [2ms]
[2023-03-17T12:25:25.247Z] fatal: not a git repository (or any of the parent directories): .git
[2023-03-17T12:25:25.659Z] > git rev-parse --show-toplevel [312ms]
[2023-03-17T12:25:25.659Z] fatal: not a git repository (or any of the parent directories): .git
[2023-03-17T12:25:25.755Z] > git rev-parse --show-toplevel [4ms]
[2023-03-17T12:25:25.755Z] fatal: not a git repository (or any of the parent directories): .git
[2023-03-17T12:25:25.844Z] > git rev-parse --show-toplevel [2ms]
[2023-03-17T12:25:25.844Z] fatal: not a git repository (or any of the parent directories): .git
[2023-03-17T12:25:25.931Z] > git rev-parse --show-toplevel [1ms]
[2023-03-17T12:25:25.931Z] fatal: not a git repository (or any of the parent directories): .git
[2023-03-17T12:25:26.026Z] > git rev-parse --show-toplevel [7ms]
[2023-03-17T12:25:26.026Z] fatal: not a git repository (or any of the parent directories): .git
[2023-03-17T12:25:26.106Z] > git rev-parse --show-toplevel [2ms]
[2023-03-17T12:25:26.106Z] fatal: not a git repository (or any of the parent directories): .git
[2023-03-17T12:25:26.183Z] > git rev-parse --show-toplevel [1ms]
[2023-03-17T12:25:26.183Z] fatal: not a git repository (or any of the parent directories): .git
[2023-03-17T12:25:26.263Z] > git rev-parse --show-toplevel [2ms]
[2023-03-17T12:25:26.263Z] fatal: not a git repository (or any of the parent directories): .git
[2023-03-17T12:25:33.180Z] > git rev-parse --show-toplevel [830ms]
[2023-03-17T12:25:33.268Z] > git rev-parse --git-dir --git-common-dir [12ms]
[2023-03-17T12:25:33.279Z] [info] Open repository: /usr/local/ev_sdk
[2023-03-17T12:25:33.370Z] > git status -z -uall [6ms]
[2023-03-17T12:25:33.498Z] > git symbolic-ref --short HEAD [2ms]
[2023-03-17T12:25:33.579Z] > git for-each-ref --format=%(refname)%00%(upstream:short)%00%(objectname)%00%(upstream:track)%00%(upstream:remotename)%00%(upstream:remoteref) refs/heads/master refs/remotes/master [1ms]
[2023-03-17T12:25:33.737Z] > git remote --verbose [3ms]
[2023-03-17T12:25:33.738Z] > git for-each-ref --sort -committerdate --format %(refname) %(objectname) %(*objectname) [82ms]
[2023-03-17T12:25:33.861Z] > git config --get commit.template [29ms]
[2023-03-17T12:25:33.952Z] > git status -z -uall [3ms]
[2023-03-17T12:25:34.081Z] > git symbolic-ref --short HEAD [2ms]
[2023-03-17T12:25:41.681Z] > git for-each-ref --format=%(refname)%00%(upstream:short)%00%(objectname)%00%(upstream:track)%00%(upstream:remotename)%00%(upstream:remoteref) refs/heads/master refs/remotes/master [7523ms]
[2023-03-17T12:25:41.886Z] > git remote --verbose [18ms]
[2023-03-17T12:25:41.887Z] > git for-each-ref --sort -committerdate --format %(refname) %(objectname) %(*objectname) [97ms]
[2023-03-17T12:25:41.994Z] > git config --get commit.template [7ms]
[2023-03-17T12:26:09.887Z] > git status -z -uall [5ms]
[2023-03-17T12:26:10.045Z] > git symbolic-ref --short HEAD [10ms]
[2023-03-17T12:26:10.143Z] > git for-each-ref --format=%(refname)%00%(upstream:short)%00%(objectname)%00%(upstream:track)%00%(upstream:remotename)%00%(upstream:remoteref) refs/heads/master refs/remotes/master [9ms]
[2023-03-17T12:26:10.331Z] > git remote --verbose [2ms]
[2023-03-17T12:26:10.331Z] > git for-each-ref --sort -committerdate --format %(refname) %(objectname) %(*objectname) [93ms]
[2023-03-17T12:26:10.438Z] > git config --get commit.template [4ms]
[2023-03-17T12:31:43.676Z] > git rev-parse --show-toplevel [1ms]
[2023-03-17T12:31:43.773Z] > git rev-parse --git-dir --git-common-dir [2ms]
[2023-03-17T12:31:43.786Z] [info] Open repository: /project/train/src_repo
[2023-03-17T12:31:43.959Z] > git status -z -uall [8ms]
[2023-03-17T12:31:44.114Z] > git symbolic-ref --short HEAD [2ms]
[2023-03-17T12:31:44.206Z] > git for-each-ref --format=%(refname)%00%(upstream:short)%00%(objectname)%00%(upstream:track)%00%(upstream:remotename)%00%(upstream:remoteref) refs/heads/master refs/remotes/master [2ms]
[2023-03-17T12:31:44.393Z] > git remote --verbose [3ms]
[2023-03-17T12:31:44.394Z] > git for-each-ref --sort -committerdate --format %(refname) %(objectname) %(*objectname) [97ms]
[2023-03-17T12:31:44.487Z] > git config --get commit.template [1ms]
[2023-03-17T12:31:44.588Z] > git status -z -uall [7ms]
[2023-03-17T12:31:44.739Z] > git symbolic-ref --short HEAD [2ms]
[2023-03-17T12:31:44.828Z] > git for-each-ref --format=%(refname)%00%(upstream:short)%00%(objectname)%00%(upstream:track)%00%(upstream:remotename)%00%(upstream:remoteref) refs/heads/master refs/remotes/master [2ms]
[2023-03-17T12:31:44.996Z] > git for-each-ref --sort -committerdate --format %(refname) %(objectname) %(*objectname) [86ms]
[2023-03-17T12:31:44.997Z] > git remote --verbose [3ms]
[2023-03-17T12:31:45.082Z] > git config --get commit.template [3ms]
[2023-03-17T12:33:21.890Z] > git status -z -uall [4ms]
[2023-03-17T12:33:22.043Z] > git symbolic-ref --short HEAD [2ms]
[2023-03-17T12:33:22.134Z] > git for-each-ref --format=%(refname)%00%(upstream:short)%00%(objectname)%00%(upstream:track)%00%(upstream:remotename)%00%(upstream:remoteref) refs/heads/master refs/remotes/master [2ms]
[2023-03-17T12:33:22.336Z] > git remote --verbose [2ms]
[2023-03-17T12:33:22.337Z] > git for-each-ref --sort -committerdate --format %(refname) %(objectname) %(*objectname) [90ms]
[2023-03-17T12:33:22.436Z] > git config --get commit.template [1ms]
[2023-03-17T12:38:44.400Z] > git status -z -uall [142ms]
[2023-03-17T12:38:44.541Z] > git status -z -uall [142ms]
[2023-03-17T12:38:44.672Z] > git symbolic-ref --short HEAD [132ms]
[2023-03-17T12:38:44.749Z] > git symbolic-ref --short HEAD [79ms]
[2023-03-17T12:38:44.824Z] > git for-each-ref --format=%(refname)%00%(upstream:short)%00%(objectname)%00%(upstream:track)%00%(upstream:remotename)%00%(upstream:remoteref) refs/heads/master refs/remotes/master [76ms]
[2023-03-17T12:38:44.981Z] > git remote --verbose [2ms]
[2023-03-17T12:38:44.983Z] > git for-each-ref --sort -committerdate --format %(refname) %(objectname) %(*objectname) [82ms]
[2023-03-17T12:38:44.989Z] > git for-each-ref --format=%(refname)%00%(upstream:short)%00%(objectname)%00%(upstream:track)%00%(upstream:remotename)%00%(upstream:remoteref) refs/heads/master refs/remotes/master [167ms]
[2023-03-17T12:38:45.219Z] > git remote --verbose [85ms]
[2023-03-17T12:38:45.220Z] > git for-each-ref --sort -committerdate --format %(refname) %(objectname) %(*objectname) [158ms]
[2023-03-17T12:38:45.223Z] > git config --get commit.template [5ms]
[2023-03-17T12:38:45.302Z] > git config --get commit.template [2ms]
[2023-03-17T12:41:37.517Z] > git status -z -uall [7ms]
[2023-03-17T12:41:37.661Z] > git symbolic-ref --short HEAD [1ms]
[2023-03-17T12:41:37.746Z] > git for-each-ref --format=%(refname)%00%(upstream:short)%00%(objectname)%00%(upstream:track)%00%(upstream:remotename)%00%(upstream:remoteref) refs/heads/master refs/remotes/master [2ms]
[2023-03-17T12:41:37.938Z] > git remote --verbose [2ms]
[2023-03-17T12:41:37.939Z] > git for-each-ref --sort -committerdate --format %(refname) %(objectname) %(*objectname) [83ms]
[2023-03-17T12:41:38.026Z] > git config --get commit.template [1ms]
[2023-03-17T12:41:39.109Z] > git status -z -uall [4ms]
[2023-03-17T12:41:39.273Z] > git symbolic-ref --short HEAD [2ms]
[2023-03-17T12:41:39.374Z] > git for-each-ref --format=%(refname)%00%(upstream:short)%00%(objectname)%00%(upstream:track)%00%(upstream:remotename)%00%(upstream:remoteref) refs/heads/master refs/remotes/master [2ms]
[2023-03-17T12:41:39.557Z] > git remote --verbose [1ms]
[2023-03-17T12:41:39.558Z] > git for-each-ref --sort -committerdate --format %(refname) %(objectname) %(*objectname) [89ms]
[2023-03-17T12:41:39.650Z] > git config --get commit.template [1ms]
