code-server (1.72.1, www.cvmart.net, server-distro)
Jupyter Extension Version: 2022.10.110.
Python Extension Version: 2022.16.1.
Workspace folder /project
info 20:25:34.316: ZMQ install verified.
info 20:25:35.344: LSP Notebooks experiment is disabled -- Pylance disabled or not installed
info 20:25:37.373: Process Execution: > jupyter notebook --version
> jupyter notebook --version
info 20:25:38.413: Process Execution: > jupyter lab --version
> jupyter lab --version
info 20:27:53.697: Got empty env vars with python /usr/bin/python in 2631ms
info 20:27:53.716: Process Execution: > /usr/bin/python -m pip list
> /usr/bin/python -m pip list
info 21:04:16.608: Shutting down notebooks for 0b5c6c9a-e4b7-4d4d-b984-0c871ae535a3
info 21:04:16.609: Disposing HostJupyterExecution 96fddc16-ae62-411e-b3c2-6655a4a550bf
info 21:04:16.609: Disposing super HostJupyterExecution 96fddc16-ae62-411e-b3c2-6655a4a550bf
info 21:04:16.610: Disposing HostJupyterExecution 96fddc16-ae62-411e-b3c2-6655a4a550bf
info 21:04:16.610: Finished disposing HostJupyterExecution  96fddc16-ae62-411e-b3c2-6655a4a550bf
info 21:04:16.618: Cleaning up server cache 96fddc16-ae62-411e-b3c2-6655a4a550bf
info 21:04:16.622: Finished disposing HostJupyterExecution  96fddc16-ae62-411e-b3c2-6655a4a550bf
