[2023-03-18 09:55:25.171] [exthost] [info] Extension host with pid 6294 started
[2023-03-18 09:55:25.174] [exthost] [error] Error: EEXIST: file already exists, open '/project/.config/Code/User/workspaceStorage/-65d9b66d/vscode.lock'
[2023-03-18 09:55:25.180] [exthost] [info] Lock '/project/.config/Code/User/workspaceStorage/-65d9b66d/vscode.lock': Could not acquire lock, checking if the file is stale.
[2023-03-18 09:55:25.183] [exthost] [info] Lock '/project/.config/Code/User/workspaceStorage/-65d9b66d/vscode.lock': The lock does not look stale, elapsed: 602 ms, giving up.
[2023-03-18 09:55:25.190] [exthost] [info] Lock '/project/.config/Code/User/workspaceStorage/-65d9b66d-1/vscode.lock': Lock acquired.
[2023-03-18 09:55:25.671] [exthost] [info] ExtensionService#_doActivateExtension ms-python.python, startup: false, activationEvent: 'onLanguage:python'
[2023-03-18 09:55:25.673] [exthost] [info] ExtensionService#_doActivateExtension ms-toolsai.jupyter, startup: false, activationEvent: 'onLanguage:python'
[2023-03-18 09:55:25.673] [exthost] [info] ExtensionService#_doActivateExtension tht13.python, startup: false, activationEvent: 'onLanguage:python'
[2023-03-18 09:55:25.674] [exthost] [info] ExtensionService#_doActivateExtension vscode.debug-auto-launch, startup: true, activationEvent: '*'
[2023-03-18 09:55:25.674] [exthost] [info] ExtensionService#_doActivateExtension vscode.git-base, startup: true, activationEvent: '*', root cause: vscode.git
[2023-03-18 09:55:25.675] [exthost] [info] ExtensionService#_doActivateExtension vscode.ipynb, startup: true, activationEvent: '*'
[2023-03-18 09:55:35.681] [exthost] [info] ExtensionService#_doActivateExtension vscode.emmet, startup: false, activationEvent: 'onStartupFinished'
[2023-03-18 09:55:35.682] [exthost] [info] ExtensionService#_doActivateExtension vscode.merge-conflict, startup: false, activationEvent: 'onStartupFinished'
[2023-03-18 09:55:35.683] [exthost] [info] ExtensionService#_doActivateExtension CoenraadS.bracket-pair-colorizer-2, startup: false, activationEvent: 'onStartupFinished'
[2023-03-18 09:55:35.683] [exthost] [info] ExtensionService#_doActivateExtension eamodio.gitlens, startup: false, activationEvent: 'onStartupFinished'
[2023-03-18 09:55:35.684] [exthost] [info] ExtensionService#_doActivateExtension vscode-icons-team.vscode-icons, startup: false, activationEvent: 'onStartupFinished'
[2023-03-18 09:55:37.253] [exthost] [info] ExtensionService#_doActivateExtension ms-toolsai.jupyter-renderers, startup: false, activationEvent: 'api', root cause: ms-toolsai.jupyter
[2023-03-18 09:55:37.678] [exthost] [info] ExtensionService#_doActivateExtension vscode.git, startup: true, activationEvent: '*'
[2023-03-18 09:55:37.678] [exthost] [info] ExtensionService#_doActivateExtension vscode.github, startup: true, activationEvent: '*'
[2023-03-18 10:02:45.787] [exthost] [info] Extension host terminating: renderer disconnected for too long (2)
[2023-03-18 10:02:45.789] [exthost] [info] Lock '/project/.config/Code/User/workspaceStorage/-65d9b66d-1/vscode.lock': Marking the lockfile as scheduled to be released in 6000 ms.
[2023-03-18 10:02:46.417] [exthost] [info] Extension host with pid 6294 exiting with code 0
