[2023-03-18T01:56:28.275Z] Log level: Info
[2023-03-18T01:56:28.286Z] [info] Validating found git in: git
[2023-03-18T01:56:28.457Z] [info] Using git 2.17.1 from git
[2023-03-18T01:56:28.900Z] > git rev-parse --show-toplevel [338ms]
[2023-03-18T01:56:28.900Z] fatal: not a git repository (or any of the parent directories): .git
[2023-03-18T01:56:28.999Z] > git rev-parse --show-toplevel [3ms]
[2023-03-18T01:56:29.121Z] > git rev-parse --git-dir --git-common-dir [20ms]
[2023-03-18T01:56:29.129Z] [info] Open repository: /usr/local/ev_sdk
[2023-03-18T01:56:29.325Z] > git status -z -uall [104ms]
[2023-03-18T01:56:29.479Z] > git rev-parse --show-toplevel [166ms]
[2023-03-18T01:56:29.479Z] fatal: not a git repository (or any of the parent directories): .git
[2023-03-18T01:56:29.576Z] > git symbolic-ref --short HEAD [97ms]
[2023-03-18T01:56:29.673Z] > git rev-parse --show-toplevel [98ms]
[2023-03-18T01:56:29.673Z] fatal: not a git repository (or any of the parent directories): .git
[2023-03-18T01:56:29.767Z] > git for-each-ref --format=%(refname)%00%(upstream:short)%00%(objectname)%00%(upstream:track)%00%(upstream:remotename)%00%(upstream:remoteref) refs/heads/master refs/remotes/master [95ms]
[2023-03-18T01:56:29.959Z] > git remote --verbose [3ms]
[2023-03-18T01:56:29.959Z] > git for-each-ref --sort -committerdate --format %(refname) %(objectname) %(*objectname) [101ms]
[2023-03-18T01:56:29.965Z] > git rev-parse --show-toplevel [201ms]
[2023-03-18T01:56:29.965Z] fatal: not a git repository (or any of the parent directories): .git
[2023-03-18T01:56:30.161Z] > git config --get commit.template [5ms]
[2023-03-18T01:56:30.259Z] > git rev-parse --show-toplevel [200ms]
[2023-03-18T01:56:30.259Z] fatal: not a git repository (or any of the parent directories): .git
[2023-03-18T01:56:30.361Z] > git status -z -uall [103ms]
[2023-03-18T01:56:30.519Z] > git rev-parse --show-toplevel [159ms]
[2023-03-18T01:56:30.519Z] fatal: not a git repository (or any of the parent directories): .git
[2023-03-18T01:56:30.618Z] > git symbolic-ref --short HEAD [100ms]
[2023-03-18T01:56:30.716Z] > git rev-parse --show-toplevel [100ms]
[2023-03-18T01:56:30.716Z] fatal: not a git repository (or any of the parent directories): .git
[2023-03-18T01:56:30.827Z] > git for-each-ref --format=%(refname)%00%(upstream:short)%00%(objectname)%00%(upstream:track)%00%(upstream:remotename)%00%(upstream:remoteref) refs/heads/master refs/remotes/master [113ms]
[2023-03-18T01:56:31.025Z] > git for-each-ref --sort -committerdate --format %(refname) %(objectname) %(*objectname) [99ms]
[2023-03-18T01:56:31.025Z] > git rev-parse --show-toplevel [199ms]
[2023-03-18T01:56:31.025Z] fatal: not a git repository (or any of the parent directories): .git
[2023-03-18T01:56:31.133Z] > git remote --verbose [111ms]
[2023-03-18T01:56:31.238Z] > git rev-parse --show-toplevel [110ms]
[2023-03-18T01:56:31.238Z] fatal: not a git repository (or any of the parent directories): .git
[2023-03-18T01:56:31.339Z] > git config --get commit.template [101ms]
[2023-03-18T01:56:31.340Z] > git rev-parse --show-toplevel [3ms]
[2023-03-18T01:56:31.340Z] fatal: not a git repository (or any of the parent directories): .git
[2023-03-18T01:56:31.437Z] > git rev-parse --show-toplevel [3ms]
[2023-03-18T01:56:31.437Z] fatal: not a git repository (or any of the parent directories): .git
[2023-03-18T02:00:45.900Z] > git rev-parse --show-toplevel [3ms]
[2023-03-18T02:00:46.030Z] > git rev-parse --git-dir --git-common-dir [2ms]
[2023-03-18T02:00:46.037Z] [info] Open repository: /project/train/src_repo
[2023-03-18T02:00:46.144Z] > git status -z -uall [4ms]
[2023-03-18T02:00:46.304Z] > git symbolic-ref --short HEAD [3ms]
[2023-03-18T02:00:46.430Z] > git for-each-ref --format=%(refname)%00%(upstream:short)%00%(objectname)%00%(upstream:track)%00%(upstream:remotename)%00%(upstream:remoteref) refs/heads/master refs/remotes/master [4ms]
[2023-03-18T02:00:46.685Z] > git remote --verbose [4ms]
[2023-03-18T02:00:46.685Z] > git for-each-ref --sort -committerdate --format %(refname) %(objectname) %(*objectname) [111ms]
[2023-03-18T02:00:46.799Z] > git config --get commit.template [3ms]
[2023-03-18T02:00:46.989Z] > git status -z -uall [7ms]
[2023-03-18T02:00:47.155Z] > git symbolic-ref --short HEAD [2ms]
[2023-03-18T02:00:47.447Z] > git for-each-ref --format=%(refname)%00%(upstream:short)%00%(objectname)%00%(upstream:track)%00%(upstream:remotename)%00%(upstream:remoteref) refs/heads/master refs/remotes/master [199ms]
[2023-03-18T02:00:47.660Z] > git for-each-ref --sort -committerdate --format %(refname) %(objectname) %(*objectname) [108ms]
[2023-03-18T02:00:47.662Z] > git remote --verbose [4ms]
[2023-03-18T02:00:48.159Z] > git config --get commit.template [3ms]
[2023-03-18T02:22:20.197Z] > git check-ignore -v -z --stdin [2ms]
[2023-03-18T02:22:23.041Z] > git check-ignore -v -z --stdin [2ms]
[2023-03-18T02:22:34.547Z] > git status -z -uall [169ms]
[2023-03-18T02:22:34.631Z] > git status -z -uall [85ms]
[2023-03-18T02:22:34.715Z] > git symbolic-ref --short HEAD [84ms]
[2023-03-18T02:22:34.805Z] > git symbolic-ref --short HEAD [91ms]
[2023-03-18T02:22:34.890Z] > git for-each-ref --format=%(refname)%00%(upstream:short)%00%(objectname)%00%(upstream:track)%00%(upstream:remotename)%00%(upstream:remoteref) refs/heads/master refs/remotes/master [86ms]
[2023-03-18T02:22:35.080Z] > git remote --verbose [2ms]
[2023-03-18T02:22:35.080Z] > git for-each-ref --sort -committerdate --format %(refname) %(objectname) %(*objectname) [93ms]
[2023-03-18T02:22:35.083Z] > git for-each-ref --format=%(refname)%00%(upstream:short)%00%(objectname)%00%(upstream:track)%00%(upstream:remotename)%00%(upstream:remoteref) refs/heads/master refs/remotes/master [194ms]
[2023-03-18T02:22:35.339Z] > git remote --verbose [90ms]
[2023-03-18T02:22:35.339Z] > git for-each-ref --sort -committerdate --format %(refname) %(objectname) %(*objectname) [172ms]
[2023-03-18T02:22:35.428Z] > git config --get commit.template [92ms]
[2023-03-18T02:22:35.430Z] > git config --get commit.template [3ms]
[2023-03-18T02:22:40.610Z] > git status -z -uall [3ms]
[2023-03-18T02:22:40.724Z] > git symbolic-ref --short HEAD [11ms]
[2023-03-18T02:22:40.841Z] > git for-each-ref --format=%(refname)%00%(upstream:short)%00%(objectname)%00%(upstream:track)%00%(upstream:remotename)%00%(upstream:remoteref) refs/heads/master refs/remotes/master [9ms]
[2023-03-18T02:22:41.016Z] > git for-each-ref --sort -committerdate --format %(refname) %(objectname) %(*objectname) [89ms]
[2023-03-18T02:22:41.017Z] > git remote --verbose [5ms]
[2023-03-18T02:22:41.106Z] > git config --get commit.template [2ms]
[2023-03-18T02:22:47.811Z] > git check-ignore -v -z --stdin [1ms]
[2023-03-18T02:22:49.241Z] > git check-ignore -v -z --stdin [2ms]
[2023-03-18T02:22:51.750Z] > git show --textconv :yolov5/train.py [94ms]
[2023-03-18T02:22:51.810Z] > git ls-files --stage -- /project/train/src_repo/yolov5/train.py [62ms]
[2023-03-18T02:22:51.908Z] > git cat-file -s fb71be550976db132ab35a760875c0f2cb893416 [2ms]
[2023-03-18T02:24:41.736Z] > git status -z -uall [10ms]
[2023-03-18T02:24:41.840Z] > git symbolic-ref --short HEAD [1ms]
[2023-03-18T02:24:41.950Z] > git for-each-ref --format=%(refname)%00%(upstream:short)%00%(objectname)%00%(upstream:track)%00%(upstream:remotename)%00%(upstream:remoteref) refs/heads/master refs/remotes/master [2ms]
[2023-03-18T02:24:42.250Z] > git remote --verbose [2ms]
[2023-03-18T02:24:42.251Z] > git for-each-ref --sort -committerdate --format %(refname) %(objectname) %(*objectname) [128ms]
[2023-03-18T02:24:42.349Z] > git config --get commit.template [2ms]
[2023-03-18T02:24:54.755Z] > git status -z -uall [10ms]
[2023-03-18T02:24:54.865Z] > git symbolic-ref --short HEAD [2ms]
[2023-03-18T02:24:54.974Z] > git for-each-ref --format=%(refname)%00%(upstream:short)%00%(objectname)%00%(upstream:track)%00%(upstream:remotename)%00%(upstream:remoteref) refs/heads/master refs/remotes/master [2ms]
[2023-03-18T02:24:55.220Z] > git for-each-ref --sort -committerdate --format %(refname) %(objectname) %(*objectname) [107ms]
[2023-03-18T02:24:55.221Z] > git remote --verbose [2ms]
[2023-03-18T02:24:55.327Z] > git config --get commit.template [1ms]
[2023-03-18T02:25:20.028Z] > git status -z -uall [6ms]
[2023-03-18T02:25:20.130Z] > git symbolic-ref --short HEAD [2ms]
[2023-03-18T02:25:20.353Z] > git for-each-ref --format=%(refname)%00%(upstream:short)%00%(objectname)%00%(upstream:track)%00%(upstream:remotename)%00%(upstream:remoteref) refs/heads/master refs/remotes/master [109ms]
[2023-03-18T02:25:20.634Z] > git for-each-ref --sort -committerdate --format %(refname) %(objectname) %(*objectname) [139ms]
[2023-03-18T02:25:20.634Z] > git ls-files --stage -- /project/train/src_repo/yolov5/train.py [283ms]
[2023-03-18T02:25:20.733Z] > git remote --verbose [104ms]
[2023-03-18T02:25:20.736Z] > git cat-file -s fb71be550976db132ab35a760875c0f2cb893416 [4ms]
[2023-03-18T02:25:20.839Z] > git config --get commit.template [2ms]
[2023-03-18T02:25:21.040Z] > git show --textconv :yolov5/train.py [2ms]
[2023-03-18T02:25:22.560Z] > git status -z -uall [2ms]
[2023-03-18T02:25:22.676Z] > git symbolic-ref --short HEAD [2ms]
[2023-03-18T02:25:22.789Z] > git for-each-ref --format=%(refname)%00%(upstream:short)%00%(objectname)%00%(upstream:track)%00%(upstream:remotename)%00%(upstream:remoteref) refs/heads/master refs/remotes/master [2ms]
[2023-03-18T02:25:23.047Z] > git for-each-ref --sort -committerdate --format %(refname) %(objectname) %(*objectname) [142ms]
[2023-03-18T02:25:23.049Z] > git remote --verbose [6ms]
[2023-03-18T02:25:23.201Z] > git config --get commit.template [2ms]
