[2023-04-19T01:14:11.143Z] Log level: Info
[2023-04-19T01:14:11.155Z] [info] Validating found git in: git
[2023-04-19T01:14:12.035Z] [info] Using git 2.17.1 from git
[2023-04-19T01:14:13.294Z] > git rev-parse --show-toplevel [798ms]
[2023-04-19T01:14:13.748Z] > git rev-parse --git-dir --git-common-dir [2ms]
[2023-04-19T01:14:13.763Z] [info] Open repository: /project
[2023-04-19T01:14:15.044Z] > git rev-parse --show-toplevel [12ms]
[2023-04-19T01:14:15.503Z] > git status -z -uall [905ms]
[2023-04-19T01:14:15.954Z] > git rev-parse --show-toplevel [457ms]
[2023-04-19T01:14:16.409Z] > git symbolic-ref --short HEAD [455ms]
[2023-04-19T01:14:16.857Z] > git rev-parse --show-toplevel [461ms]
[2023-04-19T01:14:17.308Z] > git for-each-ref --format=%(refname)%00%(upstream:short)%00%(objectname)%00%(upstream:track)%00%(upstream:remotename)%00%(upstream:remoteref) refs/heads/master refs/remotes/master [452ms]
[2023-04-19T01:14:18.511Z] > git remote --verbose [12ms]
[2023-04-19T01:14:18.511Z] > git for-each-ref --sort -committerdate --format %(refname) %(objectname) %(*objectname) [457ms]
[2023-04-19T01:14:18.624Z] > git rev-parse --show-toplevel [1322ms]
[2023-04-19T01:14:20.483Z] > git rev-parse --show-toplevel [1389ms]
[2023-04-19T01:14:21.100Z] > git rev-parse --show-toplevel [9ms]
[2023-04-19T01:14:21.561Z] > git config --get commit.template [1080ms]
[2023-04-19T01:14:22.338Z] > git rev-parse --show-toplevel [777ms]
[2023-04-19T01:14:22.807Z] > git rev-parse --show-toplevel [6ms]
[2023-04-19T01:14:23.253Z] > git status -z -uall [917ms]
[2023-04-19T01:14:23.708Z] > git rev-parse --show-toplevel [457ms]
[2023-04-19T01:14:24.173Z] > git symbolic-ref --short HEAD [465ms]
[2023-04-19T01:14:24.619Z] > git rev-parse --show-toplevel [457ms]
[2023-04-19T01:14:24.629Z] > git for-each-ref --format=%(refname)%00%(upstream:short)%00%(objectname)%00%(upstream:track)%00%(upstream:remotename)%00%(upstream:remoteref) refs/heads/master refs/remotes/master [11ms]
[2023-04-19T01:14:25.830Z] > git for-each-ref --sort -committerdate --format %(refname) %(objectname) %(*objectname) [453ms]
[2023-04-19T01:14:25.830Z] > git remote --verbose [3ms]
[2023-04-19T01:14:29.000Z] > git config --get commit.template [2315ms]
[2023-04-19T01:14:32.367Z] > git check-ignore -v -z --stdin [13ms]
[2023-04-19T01:14:32.957Z] > git status -z -uall [137ms]
[2023-04-19T01:14:33.413Z] > git symbolic-ref --short HEAD [4ms]
[2023-04-19T01:14:33.889Z] > git for-each-ref --format=%(refname)%00%(upstream:short)%00%(objectname)%00%(upstream:track)%00%(upstream:remotename)%00%(upstream:remoteref) refs/heads/master refs/remotes/master [12ms]
[2023-04-19T01:14:35.166Z] > git for-each-ref --sort -committerdate --format %(refname) %(objectname) %(*objectname) [477ms]
[2023-04-19T01:14:35.167Z] > git remote --verbose [12ms]
[2023-04-19T01:14:36.724Z] > git config --get commit.template [723ms]
[2023-04-19T01:14:41.101Z] > git check-ignore -v -z --stdin [5ms]
[2023-04-19T01:14:43.136Z] > git status -z -uall [115ms]
[2023-04-19T01:14:43.915Z] > git symbolic-ref --short HEAD [4ms]
[2023-04-19T01:14:44.368Z] > git for-each-ref --format=%(refname)%00%(upstream:short)%00%(objectname)%00%(upstream:track)%00%(upstream:remotename)%00%(upstream:remoteref) refs/heads/master refs/remotes/master [3ms]
[2023-04-19T01:14:45.570Z] > git for-each-ref --sort -committerdate --format %(refname) %(objectname) %(*objectname) [438ms]
[2023-04-19T01:14:45.572Z] > git remote --verbose [4ms]
[2023-04-19T01:14:47.100Z] > git config --get commit.template [700ms]
[2023-04-19T01:14:52.676Z] > git status -z -uall [114ms]
[2023-04-19T01:14:53.178Z] > git symbolic-ref --short HEAD [2ms]
[2023-04-19T01:14:53.629Z] > git for-each-ref --format=%(refname)%00%(upstream:short)%00%(objectname)%00%(upstream:track)%00%(upstream:remotename)%00%(upstream:remoteref) refs/heads/master refs/remotes/master [6ms]
[2023-04-19T01:14:54.784Z] > git for-each-ref --sort -committerdate --format %(refname) %(objectname) %(*objectname) [435ms]
[2023-04-19T01:14:54.785Z] > git remote --verbose [3ms]
[2023-04-19T01:14:56.262Z] > git config --get commit.template [657ms]
[2023-04-19T01:15:02.735Z] > git status -z -uall [101ms]
[2023-04-19T01:15:03.183Z] > git symbolic-ref --short HEAD [1ms]
[2023-04-19T01:15:03.636Z] > git for-each-ref --format=%(refname)%00%(upstream:short)%00%(objectname)%00%(upstream:track)%00%(upstream:remotename)%00%(upstream:remoteref) refs/heads/master refs/remotes/master [3ms]
[2023-04-19T01:15:04.521Z] > git for-each-ref --sort -committerdate --format %(refname) %(objectname) %(*objectname) [447ms]
[2023-04-19T01:15:04.522Z] > git remote --verbose [9ms]
[2023-04-19T01:15:05.906Z] > git config --get commit.template [593ms]
[2023-04-19T01:15:11.471Z] > git status -z -uall [109ms]
[2023-04-19T01:15:11.931Z] > git symbolic-ref --short HEAD [1ms]
[2023-04-19T01:15:12.419Z] > git for-each-ref --format=%(refname)%00%(upstream:short)%00%(objectname)%00%(upstream:track)%00%(upstream:remotename)%00%(upstream:remoteref) refs/heads/master refs/remotes/master [3ms]
[2023-04-19T01:15:13.718Z] > git for-each-ref --sort -committerdate --format %(refname) %(objectname) %(*objectname) [471ms]
[2023-04-19T01:15:13.718Z] > git remote --verbose [2ms]
[2023-04-19T01:15:15.188Z] > git config --get commit.template [622ms]
[2023-04-19T01:15:53.043Z] > git status -z -uall [107ms]
[2023-04-19T01:15:53.546Z] > git symbolic-ref --short HEAD [16ms]
[2023-04-19T01:15:54.044Z] > git for-each-ref --format=%(refname)%00%(upstream:short)%00%(objectname)%00%(upstream:track)%00%(upstream:remotename)%00%(upstream:remoteref) refs/heads/master refs/remotes/master [3ms]
[2023-04-19T01:15:55.307Z] > git for-each-ref --sort -committerdate --format %(refname) %(objectname) %(*objectname) [468ms]
[2023-04-19T01:15:55.307Z] > git remote --verbose [5ms]
[2023-04-19T01:15:56.863Z] > git config --get commit.template [716ms]
[2023-04-19T01:16:02.427Z] > git status -z -uall [114ms]
[2023-04-19T01:16:02.897Z] > git symbolic-ref --short HEAD [2ms]
[2023-04-19T01:16:03.346Z] > git for-each-ref --format=%(refname)%00%(upstream:short)%00%(objectname)%00%(upstream:track)%00%(upstream:remotename)%00%(upstream:remoteref) refs/heads/master refs/remotes/master [3ms]
[2023-04-19T01:16:04.544Z] > git remote --verbose [10ms]
[2023-04-19T01:16:04.544Z] > git for-each-ref --sort -committerdate --format %(refname) %(objectname) %(*objectname) [444ms]
[2023-04-19T01:16:05.998Z] > git config --get commit.template [650ms]
[2023-04-19T01:16:06.772Z] > git rev-parse --show-toplevel [5ms]
[2023-04-19T01:16:06.772Z] fatal: not a git repository (or any of the parent directories): .git
[2023-04-19T01:16:11.601Z] > git status -z -uall [107ms]
[2023-04-19T01:16:12.041Z] > git symbolic-ref --short HEAD [2ms]
[2023-04-19T01:16:12.488Z] > git for-each-ref --format=%(refname)%00%(upstream:short)%00%(objectname)%00%(upstream:track)%00%(upstream:remotename)%00%(upstream:remoteref) refs/heads/master refs/remotes/master [7ms]
[2023-04-19T01:16:13.679Z] > git for-each-ref --sort -committerdate --format %(refname) %(objectname) %(*objectname) [427ms]
[2023-04-19T01:16:13.680Z] > git remote --verbose [2ms]
[2023-04-19T01:16:15.090Z] > git config --get commit.template [618ms]
[2023-04-19T01:16:20.877Z] > git status -z -uall [107ms]
[2023-04-19T01:16:21.333Z] > git symbolic-ref --short HEAD [3ms]
[2023-04-19T01:16:21.820Z] > git for-each-ref --format=%(refname)%00%(upstream:short)%00%(objectname)%00%(upstream:track)%00%(upstream:remotename)%00%(upstream:remoteref) refs/heads/master refs/remotes/master [3ms]
[2023-04-19T01:16:23.073Z] > git for-each-ref --sort -committerdate --format %(refname) %(objectname) %(*objectname) [478ms]
[2023-04-19T01:16:23.074Z] > git remote --verbose [8ms]
[2023-04-19T01:16:24.560Z] > git config --get commit.template [632ms]
[2023-04-19T01:16:30.110Z] > git status -z -uall [99ms]
[2023-04-19T01:16:30.581Z] > git symbolic-ref --short HEAD [8ms]
[2023-04-19T01:16:31.026Z] > git for-each-ref --format=%(refname)%00%(upstream:short)%00%(objectname)%00%(upstream:track)%00%(upstream:remotename)%00%(upstream:remoteref) refs/heads/master refs/remotes/master [2ms]
[2023-04-19T01:16:32.237Z] > git for-each-ref --sort -committerdate --format %(refname) %(objectname) %(*objectname) [458ms]
[2023-04-19T01:16:32.238Z] > git remote --verbose [8ms]
[2023-04-19T01:16:33.684Z] > git config --get commit.template [618ms]
[2023-04-19T01:16:39.614Z] > git status -z -uall [110ms]
[2023-04-19T01:16:40.143Z] > git symbolic-ref --short HEAD [2ms]
[2023-04-19T01:16:40.650Z] > git for-each-ref --format=%(refname)%00%(upstream:short)%00%(objectname)%00%(upstream:track)%00%(upstream:remotename)%00%(upstream:remoteref) refs/heads/master refs/remotes/master [9ms]
[2023-04-19T01:16:41.963Z] > git remote --verbose [2ms]
[2023-04-19T01:16:41.963Z] > git for-each-ref --sort -committerdate --format %(refname) %(objectname) %(*objectname) [503ms]
[2023-04-19T01:16:43.499Z] > git config --get commit.template [664ms]
[2023-04-19T01:16:49.081Z] > git status -z -uall [99ms]
[2023-04-19T01:16:49.522Z] > git symbolic-ref --short HEAD [2ms]
[2023-04-19T01:16:50.001Z] > git for-each-ref --format=%(refname)%00%(upstream:short)%00%(objectname)%00%(upstream:track)%00%(upstream:remotename)%00%(upstream:remoteref) refs/heads/master refs/remotes/master [2ms]
[2023-04-19T01:16:51.360Z] > git for-each-ref --sort -committerdate --format %(refname) %(objectname) %(*objectname) [513ms]
[2023-04-19T01:16:51.361Z] > git remote --verbose [3ms]
[2023-04-19T01:16:52.950Z] > git config --get commit.template [636ms]
[2023-04-19T01:16:58.559Z] > git status -z -uall [120ms]
[2023-04-19T01:16:59.029Z] > git symbolic-ref --short HEAD [2ms]
[2023-04-19T01:16:59.499Z] > git for-each-ref --format=%(refname)%00%(upstream:short)%00%(objectname)%00%(upstream:track)%00%(upstream:remotename)%00%(upstream:remoteref) refs/heads/master refs/remotes/master [3ms]
[2023-04-19T01:17:00.753Z] > git for-each-ref --sort -committerdate --format %(refname) %(objectname) %(*objectname) [496ms]
[2023-04-19T01:17:00.754Z] > git remote --verbose [3ms]
[2023-04-19T01:17:02.404Z] > git config --get commit.template [671ms]
[2023-04-19T01:17:08.236Z] > git status -z -uall [117ms]
[2023-04-19T01:17:09.065Z] > git symbolic-ref --short HEAD [2ms]
[2023-04-19T01:17:09.533Z] > git for-each-ref --format=%(refname)%00%(upstream:short)%00%(objectname)%00%(upstream:track)%00%(upstream:remotename)%00%(upstream:remoteref) refs/heads/master refs/remotes/master [2ms]
[2023-04-19T01:17:10.781Z] > git for-each-ref --sort -committerdate --format %(refname) %(objectname) %(*objectname) [469ms]
[2023-04-19T01:17:10.781Z] > git remote --verbose [2ms]
[2023-04-19T01:17:12.288Z] > git config --get commit.template [638ms]
[2023-04-19T01:17:17.890Z] > git status -z -uall [100ms]
[2023-04-19T01:17:18.710Z] > git symbolic-ref --short HEAD [2ms]
[2023-04-19T01:17:19.181Z] > git for-each-ref --format=%(refname)%00%(upstream:short)%00%(objectname)%00%(upstream:track)%00%(upstream:remotename)%00%(upstream:remoteref) refs/heads/master refs/remotes/master [2ms]
[2023-04-19T01:17:20.413Z] > git for-each-ref --sort -committerdate --format %(refname) %(objectname) %(*objectname) [471ms]
[2023-04-19T01:17:20.418Z] > git remote --verbose [5ms]
[2023-04-19T01:17:21.827Z] > git config --get commit.template [574ms]
[2023-04-19T01:17:27.411Z] > git status -z -uall [103ms]
[2023-04-19T01:17:28.233Z] > git symbolic-ref --short HEAD [2ms]
[2023-04-19T01:17:28.706Z] > git for-each-ref --format=%(refname)%00%(upstream:short)%00%(objectname)%00%(upstream:track)%00%(upstream:remotename)%00%(upstream:remoteref) refs/heads/master refs/remotes/master [2ms]
[2023-04-19T01:17:29.941Z] > git remote --verbose [9ms]
[2023-04-19T01:17:29.942Z] > git for-each-ref --sort -committerdate --format %(refname) %(objectname) %(*objectname) [473ms]
[2023-04-19T01:17:31.390Z] > git config --get commit.template [608ms]
[2023-04-19T01:17:36.994Z] > git status -z -uall [110ms]
[2023-04-19T01:17:37.823Z] > git symbolic-ref --short HEAD [2ms]
[2023-04-19T01:17:38.281Z] > git for-each-ref --format=%(refname)%00%(upstream:short)%00%(objectname)%00%(upstream:track)%00%(upstream:remotename)%00%(upstream:remoteref) refs/heads/master refs/remotes/master [2ms]
[2023-04-19T01:17:39.551Z] > git for-each-ref --sort -committerdate --format %(refname) %(objectname) %(*objectname) [460ms]
[2023-04-19T01:17:39.551Z] > git remote --verbose [2ms]
[2023-04-19T01:17:40.995Z] > git config --get commit.template [600ms]
[2023-04-19T01:19:54.364Z] > git status -z -uall [119ms]
[2023-04-19T01:19:54.843Z] > git symbolic-ref --short HEAD [1ms]
[2023-04-19T01:19:55.311Z] > git for-each-ref --format=%(refname)%00%(upstream:short)%00%(objectname)%00%(upstream:track)%00%(upstream:remotename)%00%(upstream:remoteref) refs/heads/master refs/remotes/master [2ms]
[2023-04-19T01:19:56.525Z] > git for-each-ref --sort -committerdate --format %(refname) %(objectname) %(*objectname) [476ms]
[2023-04-19T01:19:56.526Z] > git remote --verbose [4ms]
[2023-04-19T01:19:58.034Z] > git config --get commit.template [694ms]
