[2023-03-16T04:27:42.248Z] Log level: Info
[2023-03-16T04:27:42.259Z] [info] Validating found git in: git
[2023-03-16T04:27:42.394Z] [info] Using git 2.17.1 from git
[2023-03-16T04:27:42.916Z] > git rev-parse --show-toplevel [419ms]
[2023-03-16T04:27:42.917Z] fatal: not a git repository (or any of the parent directories): .git
[2023-03-16T04:27:42.998Z] > git rev-parse --show-toplevel [4ms]
[2023-03-16T04:27:42.998Z] fatal: not a git repository (or any of the parent directories): .git
[2023-03-16T04:27:43.068Z] > git rev-parse --show-toplevel [1ms]
[2023-03-16T04:27:43.068Z] fatal: not a git repository (or any of the parent directories): .git
[2023-03-16T04:27:43.140Z] > git rev-parse --show-toplevel [2ms]
[2023-03-16T04:27:43.140Z] fatal: not a git repository (or any of the parent directories): .git
[2023-03-16T04:27:43.218Z] > git rev-parse --show-toplevel [8ms]
[2023-03-16T04:27:43.218Z] fatal: not a git repository (or any of the parent directories): .git
[2023-03-16T04:27:43.293Z] > git rev-parse --show-toplevel [2ms]
[2023-03-16T04:27:43.293Z] fatal: not a git repository (or any of the parent directories): .git
[2023-03-16T04:27:43.369Z] > git rev-parse --show-toplevel [1ms]
[2023-03-16T04:27:43.370Z] fatal: not a git repository (or any of the parent directories): .git
[2023-03-16T04:27:43.455Z] > git rev-parse --show-toplevel [1ms]
[2023-03-16T04:27:43.456Z] fatal: not a git repository (or any of the parent directories): .git
[2023-03-16T04:27:44.030Z] > git rev-parse --show-toplevel [488ms]
[2023-03-16T04:27:44.030Z] fatal: not a git repository (or any of the parent directories): .git
[2023-03-16T04:27:44.127Z] > git rev-parse --show-toplevel [3ms]
[2023-03-16T04:27:44.127Z] fatal: not a git repository (or any of the parent directories): .git
[2023-03-16T04:27:44.305Z] > git rev-parse --show-toplevel [87ms]
[2023-03-16T04:27:44.305Z] fatal: not a git repository (or any of the parent directories): .git
[2023-03-16T04:27:44.411Z] > git rev-parse --show-toplevel [8ms]
[2023-03-16T04:27:44.411Z] fatal: not a git repository (or any of the parent directories): .git
[2023-03-16T04:28:01.574Z] > git rev-parse --show-toplevel [974ms]
[2023-03-16T04:28:01.661Z] > git rev-parse --git-dir --git-common-dir [14ms]
[2023-03-16T04:28:01.675Z] [info] Open repository: /project/train/src_repo
[2023-03-16T04:28:06.298Z] > git status -z -uall [4558ms]
[2023-03-16T04:28:06.478Z] > git symbolic-ref --short HEAD [109ms]
[2023-03-16T04:28:06.583Z] > git for-each-ref --format=%(refname)%00%(upstream:short)%00%(objectname)%00%(upstream:track)%00%(upstream:remotename)%00%(upstream:remoteref) refs/heads/master refs/remotes/master [9ms]
[2023-03-16T04:28:06.729Z] > git for-each-ref --sort -committerdate --format %(refname) %(objectname) %(*objectname) [84ms]
[2023-03-16T04:28:06.735Z] > git remote --verbose [15ms]
[2023-03-16T04:28:06.935Z] > git config --get commit.template [134ms]
[2023-03-16T04:28:07.010Z] > git status -z -uall [8ms]
[2023-03-16T04:28:07.388Z] > git symbolic-ref --short HEAD [312ms]
[2023-03-16T04:28:07.481Z] > git for-each-ref --format=%(refname)%00%(upstream:short)%00%(objectname)%00%(upstream:track)%00%(upstream:remotename)%00%(upstream:remoteref) refs/heads/master refs/remotes/master [25ms]
[2023-03-16T04:28:07.720Z] > git remote --verbose [120ms]
[2023-03-16T04:28:07.721Z] > git for-each-ref --sort -committerdate --format %(refname) %(objectname) %(*objectname) [180ms]
[2023-03-16T04:28:07.863Z] > git config --get commit.template [78ms]
[2023-03-16T04:28:08.412Z] > git show --textconv :yolov5/train.py [134ms]
[2023-03-16T04:28:08.412Z] > git check-ignore -v -z --stdin [2ms]
[2023-03-16T04:28:08.413Z] > git ls-files --stage -- /project/train/src_repo/yolov5/train.py [73ms]
[2023-03-16T04:28:08.522Z] > git cat-file -s dec83a4f4011b85490468d14900fc3de8d15d645 [3ms]
[2023-03-16T04:31:38.067Z] > git status -z -uall [9ms]
[2023-03-16T04:31:38.135Z] > git symbolic-ref --short HEAD [2ms]
[2023-03-16T04:31:38.218Z] > git for-each-ref --format=%(refname)%00%(upstream:short)%00%(objectname)%00%(upstream:track)%00%(upstream:remotename)%00%(upstream:remoteref) refs/heads/master refs/remotes/master [2ms]
[2023-03-16T04:31:38.343Z] > git remote --verbose [2ms]
[2023-03-16T04:31:38.344Z] > git for-each-ref --sort -committerdate --format %(refname) %(objectname) %(*objectname) [69ms]
[2023-03-16T04:31:38.407Z] > git config --get commit.template [1ms]
[2023-03-16T04:31:38.475Z] > git ls-files --stage -- /project/train/src_repo/yolov5/train.py [2ms]
[2023-03-16T04:31:38.577Z] > git cat-file -s dec83a4f4011b85490468d14900fc3de8d15d645 [2ms]
[2023-03-16T04:31:38.761Z] > git show --textconv :yolov5/train.py [3ms]
[2023-03-16T04:32:34.621Z] > git status -z -uall [9ms]
[2023-03-16T04:32:34.688Z] > git symbolic-ref --short HEAD [5ms]
[2023-03-16T04:32:34.771Z] > git for-each-ref --format=%(refname)%00%(upstream:short)%00%(objectname)%00%(upstream:track)%00%(upstream:remotename)%00%(upstream:remoteref) refs/heads/master refs/remotes/master [5ms]
[2023-03-16T04:32:35.013Z] > git remote --verbose [121ms]
[2023-03-16T04:32:35.014Z] > git for-each-ref --sort -committerdate --format %(refname) %(objectname) %(*objectname) [183ms]
[2023-03-16T04:32:35.167Z] > git config --get commit.template [84ms]
[2023-03-16T04:32:40.262Z] > git status -z -uall [8ms]
[2023-03-16T04:32:40.327Z] > git symbolic-ref --short HEAD [6ms]
[2023-03-16T04:32:40.409Z] > git for-each-ref --format=%(refname)%00%(upstream:short)%00%(objectname)%00%(upstream:track)%00%(upstream:remotename)%00%(upstream:remoteref) refs/heads/master refs/remotes/master [2ms]
[2023-03-16T04:32:40.533Z] > git for-each-ref --sort -committerdate --format %(refname) %(objectname) %(*objectname) [65ms]
[2023-03-16T04:32:40.534Z] > git remote --verbose [2ms]
[2023-03-16T04:32:40.604Z] > git config --get commit.template [1ms]
[2023-03-16T04:32:45.681Z] > git status -z -uall [7ms]
[2023-03-16T04:32:45.738Z] > git symbolic-ref --short HEAD [1ms]
[2023-03-16T04:32:45.799Z] > git for-each-ref --format=%(refname)%00%(upstream:short)%00%(objectname)%00%(upstream:track)%00%(upstream:remotename)%00%(upstream:remoteref) refs/heads/master refs/remotes/master [2ms]
[2023-03-16T04:32:45.910Z] > git for-each-ref --sort -committerdate --format %(refname) %(objectname) %(*objectname) [58ms]
[2023-03-16T04:32:45.911Z] > git remote --verbose [2ms]
[2023-03-16T04:32:45.974Z] > git config --get commit.template [5ms]
[2023-03-16T04:32:51.043Z] > git status -z -uall [7ms]
[2023-03-16T04:32:51.101Z] > git symbolic-ref --short HEAD [2ms]
[2023-03-16T04:32:51.175Z] > git for-each-ref --format=%(refname)%00%(upstream:short)%00%(objectname)%00%(upstream:track)%00%(upstream:remotename)%00%(upstream:remoteref) refs/heads/master refs/remotes/master [3ms]
[2023-03-16T04:32:51.324Z] > git for-each-ref --sort -committerdate --format %(refname) %(objectname) %(*objectname) [91ms]
[2023-03-16T04:32:51.325Z] > git remote --verbose [2ms]
[2023-03-16T04:32:51.379Z] > git config --get commit.template [2ms]
[2023-03-16T04:33:31.841Z] > git status -z -uall [8ms]
[2023-03-16T04:33:31.903Z] > git symbolic-ref --short HEAD [1ms]
[2023-03-16T04:33:32.097Z] > git for-each-ref --format=%(refname)%00%(upstream:short)%00%(objectname)%00%(upstream:track)%00%(upstream:remotename)%00%(upstream:remoteref) refs/heads/master refs/remotes/master [113ms]
[2023-03-16T04:33:32.230Z] > git for-each-ref --sort -committerdate --format %(refname) %(objectname) %(*objectname) [74ms]
[2023-03-16T04:33:32.334Z] > git remote --verbose [106ms]
[2023-03-16T04:33:32.403Z] > git config --get commit.template [4ms]
[2023-03-16T04:33:38.518Z] > git status -z -uall [8ms]
[2023-03-16T04:33:38.692Z] > git symbolic-ref --short HEAD [114ms]
[2023-03-16T04:33:38.764Z] > git for-each-ref --format=%(refname)%00%(upstream:short)%00%(objectname)%00%(upstream:track)%00%(upstream:remotename)%00%(upstream:remoteref) refs/heads/master refs/remotes/master [5ms]
[2023-03-16T04:33:38.894Z] > git remote --verbose [4ms]
[2023-03-16T04:33:38.895Z] > git for-each-ref --sort -committerdate --format %(refname) %(objectname) %(*objectname) [69ms]
[2023-03-16T04:33:38.968Z] > git config --get commit.template [3ms]
[2023-03-16T04:33:44.060Z] > git status -z -uall [7ms]
[2023-03-16T04:33:44.120Z] > git symbolic-ref --short HEAD [2ms]
[2023-03-16T04:33:44.199Z] > git for-each-ref --format=%(refname)%00%(upstream:short)%00%(objectname)%00%(upstream:track)%00%(upstream:remotename)%00%(upstream:remoteref) refs/heads/master refs/remotes/master [6ms]
[2023-03-16T04:33:44.331Z] > git for-each-ref --sort -committerdate --format %(refname) %(objectname) %(*objectname) [79ms]
[2023-03-16T04:33:44.331Z] > git remote --verbose [2ms]
[2023-03-16T04:33:44.393Z] > git config --get commit.template [4ms]
[2023-03-16T04:33:49.463Z] > git status -z -uall [8ms]
[2023-03-16T04:33:49.521Z] > git symbolic-ref --short HEAD [1ms]
[2023-03-16T04:33:49.581Z] > git for-each-ref --format=%(refname)%00%(upstream:short)%00%(objectname)%00%(upstream:track)%00%(upstream:remotename)%00%(upstream:remoteref) refs/heads/master refs/remotes/master [2ms]
[2023-03-16T04:33:49.716Z] > git for-each-ref --sort -committerdate --format %(refname) %(objectname) %(*objectname) [72ms]
[2023-03-16T04:33:49.718Z] > git remote --verbose [3ms]
[2023-03-16T04:33:49.778Z] > git config --get commit.template [3ms]
[2023-03-16T04:34:10.256Z] > git status -z -uall [8ms]
[2023-03-16T04:34:10.315Z] > git symbolic-ref --short HEAD [2ms]
[2023-03-16T04:34:10.389Z] > git for-each-ref --format=%(refname)%00%(upstream:short)%00%(objectname)%00%(upstream:track)%00%(upstream:remotename)%00%(upstream:remoteref) refs/heads/master refs/remotes/master [1ms]
[2023-03-16T04:34:10.520Z] > git for-each-ref --sort -committerdate --format %(refname) %(objectname) %(*objectname) [74ms]
[2023-03-16T04:34:10.520Z] > git remote --verbose [2ms]
[2023-03-16T04:34:10.585Z] > git config --get commit.template [4ms]
[2023-03-16T04:34:15.676Z] > git status -z -uall [8ms]
[2023-03-16T04:34:15.735Z] > git symbolic-ref --short HEAD [1ms]
[2023-03-16T04:34:15.790Z] > git for-each-ref --format=%(refname)%00%(upstream:short)%00%(objectname)%00%(upstream:track)%00%(upstream:remotename)%00%(upstream:remoteref) refs/heads/master refs/remotes/master [2ms]
[2023-03-16T04:34:15.896Z] > git for-each-ref --sort -committerdate --format %(refname) %(objectname) %(*objectname) [55ms]
[2023-03-16T04:34:15.896Z] > git remote --verbose [1ms]
[2023-03-16T04:34:15.949Z] > git config --get commit.template [3ms]
[2023-03-16T04:34:27.723Z] > git status -z -uall [7ms]
[2023-03-16T04:34:27.891Z] > git symbolic-ref --short HEAD [108ms]
[2023-03-16T04:34:28.079Z] > git for-each-ref --format=%(refname)%00%(upstream:short)%00%(objectname)%00%(upstream:track)%00%(upstream:remotename)%00%(upstream:remoteref) refs/heads/master refs/remotes/master [110ms]
[2023-03-16T04:34:28.219Z] > git for-each-ref --sort -committerdate --format %(refname) %(objectname) %(*objectname) [78ms]
[2023-03-16T04:34:28.222Z] > git remote --verbose [6ms]
[2023-03-16T04:34:28.283Z] > git config --get commit.template [2ms]
[2023-03-16T04:35:07.659Z] > git status -z -uall [6ms]
[2023-03-16T04:35:07.837Z] > git symbolic-ref --short HEAD [119ms]
[2023-03-16T04:35:07.992Z] > git for-each-ref --format=%(refname)%00%(upstream:short)%00%(objectname)%00%(upstream:track)%00%(upstream:remotename)%00%(upstream:remoteref) refs/heads/master refs/remotes/master [101ms]
[2023-03-16T04:35:08.109Z] > git for-each-ref --sort -committerdate --format %(refname) %(objectname) %(*objectname) [58ms]
[2023-03-16T04:35:08.112Z] > git remote --verbose [4ms]
[2023-03-16T04:35:08.169Z] > git config --get commit.template [3ms]
